[14/Jun/2015 22:29:33] DEBUG [django.db.backends:79] (0.021) SELECT "dela_message"."id", "dela_message"."owner_id", "dela_message"."topic", "dela_message"."content", "dela_message"."sendtime", "dela_message"."sendsms", "dela_message"."sendmail" FROM "dela_message" WHERE ("dela_message"."sendsms" = true  AND "dela_message"."sendtime" <= '2015-06-14 22:29:32.317000+03:00' ); args=(True, u'2015-06-14 22:29:32.317000+03:00')
[14/Jun/2015 22:29:33] DEBUG [django.db.backends:79] (0.000) SELECT "dela_message"."id", "dela_message"."owner_id", "dela_message"."topic", "dela_message"."content", "dela_message"."sendtime", "dela_message"."sendsms", "dela_message"."sendmail" FROM "dela_message" WHERE ("dela_message"."sendmail" = true  AND "dela_message"."sendtime" <= '2015-06-14 22:29:33.608000+03:00' ); args=(True, u'2015-06-14 22:29:33.608000+03:00')
[14/Jun/2015 22:34:18] DEBUG [django.db.backends:79] (0.002) SELECT "dela_message"."id", "dela_message"."owner_id", "dela_message"."topic", "dela_message"."content", "dela_message"."sendtime", "dela_message"."sendsms", "dela_message"."sendmail" FROM "dela_message" WHERE ("dela_message"."sendsms" = true  AND "dela_message"."sendtime" <= '2015-06-14 22:34:17.431000+03:00' ); args=(True, u'2015-06-14 22:34:17.431000+03:00')
[14/Jun/2015 22:34:18] DEBUG [django.db.backends:79] (0.001) SELECT "dela_message"."id", "dela_message"."owner_id", "dela_message"."topic", "dela_message"."content", "dela_message"."sendtime", "dela_message"."sendsms", "dela_message"."sendmail" FROM "dela_message" WHERE ("dela_message"."sendmail" = true  AND "dela_message"."sendtime" <= '2015-06-14 22:34:18.527000+03:00' ); args=(True, u'2015-06-14 22:34:18.527000+03:00')
[14/Jun/2015 22:39:18] DEBUG [django.db.backends:79] (0.001) SELECT "dela_message"."id", "dela_message"."owner_id", "dela_message"."topic", "dela_message"."content", "dela_message"."sendtime", "dela_message"."sendsms", "dela_message"."sendmail" FROM "dela_message" WHERE ("dela_message"."sendsms" = true  AND "dela_message"."sendtime" <= '2015-06-14 22:39:17.502000+03:00' ); args=(True, u'2015-06-14 22:39:17.502000+03:00')
[14/Jun/2015 22:39:18] DEBUG [django.db.backends:79] (0.000) SELECT "dela_message"."id", "dela_message"."owner_id", "dela_message"."topic", "dela_message"."content", "dela_message"."sendtime", "dela_message"."sendsms", "dela_message"."sendmail" FROM "dela_message" WHERE ("dela_message"."sendmail" = true  AND "dela_message"."sendtime" <= '2015-06-14 22:39:18.638000+03:00' ); args=(True, u'2015-06-14 22:39:18.638000+03:00')
[14/Jun/2015 22:44:18] DEBUG [django.db.backends:79] (0.001) SELECT "dela_message"."id", "dela_message"."owner_id", "dela_message"."topic", "dela_message"."content", "dela_message"."sendtime", "dela_message"."sendsms", "dela_message"."sendmail" FROM "dela_message" WHERE ("dela_message"."sendsms" = true  AND "dela_message"."sendtime" <= '2015-06-14 22:44:17.453000+03:00' ); args=(True, u'2015-06-14 22:44:17.453000+03:00')
[14/Jun/2015 22:44:18] DEBUG [django.db.backends:79] (0.000) SELECT "dela_message"."id", "dela_message"."owner_id", "dela_message"."topic", "dela_message"."content", "dela_message"."sendtime", "dela_message"."sendsms", "dela_message"."sendmail" FROM "dela_message" WHERE ("dela_message"."sendmail" = true  AND "dela_message"."sendtime" <= '2015-06-14 22:44:18.589000+03:00' ); args=(True, u'2015-06-14 22:44:18.589000+03:00')
[14/Jun/2015 22:49:18] DEBUG [django.db.backends:79] (0.001) SELECT "dela_message"."id", "dela_message"."owner_id", "dela_message"."topic", "dela_message"."content", "dela_message"."sendtime", "dela_message"."sendsms", "dela_message"."sendmail" FROM "dela_message" WHERE ("dela_message"."sendsms" = true  AND "dela_message"."sendtime" <= '2015-06-14 22:49:17.444000+03:00' ); args=(True, u'2015-06-14 22:49:17.444000+03:00')
[14/Jun/2015 22:49:18] DEBUG [django.db.backends:79] (0.001) SELECT "dela_message"."id", "dela_message"."owner_id", "dela_message"."topic", "dela_message"."content", "dela_message"."sendtime", "dela_message"."sendsms", "dela_message"."sendmail" FROM "dela_message" WHERE ("dela_message"."sendmail" = true  AND "dela_message"."sendtime" <= '2015-06-14 22:49:18.578000+03:00' ); args=(True, u'2015-06-14 22:49:18.578000+03:00')
[14/Jun/2015 22:54:18] DEBUG [django.db.backends:79] (0.001) SELECT "dela_message"."id", "dela_message"."owner_id", "dela_message"."topic", "dela_message"."content", "dela_message"."sendtime", "dela_message"."sendsms", "dela_message"."sendmail" FROM "dela_message" WHERE ("dela_message"."sendsms" = true  AND "dela_message"."sendtime" <= '2015-06-14 22:54:17.482000+03:00' ); args=(True, u'2015-06-14 22:54:17.482000+03:00')
[14/Jun/2015 22:54:18] DEBUG [django.db.backends:79] (0.000) SELECT "dela_message"."id", "dela_message"."owner_id", "dela_message"."topic", "dela_message"."content", "dela_message"."sendtime", "dela_message"."sendsms", "dela_message"."sendmail" FROM "dela_message" WHERE ("dela_message"."sendmail" = true  AND "dela_message"."sendtime" <= '2015-06-14 22:54:18.624000+03:00' ); args=(True, u'2015-06-14 22:54:18.624000+03:00')
[14/Jun/2015 22:59:18] DEBUG [django.db.backends:79] (0.001) SELECT "dela_message"."id", "dela_message"."owner_id", "dela_message"."topic", "dela_message"."content", "dela_message"."sendtime", "dela_message"."sendsms", "dela_message"."sendmail" FROM "dela_message" WHERE ("dela_message"."sendsms" = true  AND "dela_message"."sendtime" <= '2015-06-14 22:59:17.474000+03:00' ); args=(True, u'2015-06-14 22:59:17.474000+03:00')
[14/Jun/2015 22:59:18] DEBUG [django.db.backends:79] (0.000) SELECT "dela_message"."id", "dela_message"."owner_id", "dela_message"."topic", "dela_message"."content", "dela_message"."sendtime", "dela_message"."sendsms", "dela_message"."sendmail" FROM "dela_message" WHERE ("dela_message"."sendmail" = true  AND "dela_message"."sendtime" <= '2015-06-14 22:59:18.611000+03:00' ); args=(True, u'2015-06-14 22:59:18.611000+03:00')
[14/Jun/2015 23:04:18] DEBUG [django.db.backends:79] (0.001) SELECT "dela_message"."id", "dela_message"."owner_id", "dela_message"."topic", "dela_message"."content", "dela_message"."sendtime", "dela_message"."sendsms", "dela_message"."sendmail" FROM "dela_message" WHERE ("dela_message"."sendsms" = true  AND "dela_message"."sendtime" <= '2015-06-14 23:04:17.434000+03:00' ); args=(True, u'2015-06-14 23:04:17.434000+03:00')
[14/Jun/2015 23:04:18] DEBUG [django.db.backends:79] (0.001) SELECT "dela_message"."id", "dela_message"."owner_id", "dela_message"."topic", "dela_message"."content", "dela_message"."sendtime", "dela_message"."sendsms", "dela_message"."sendmail" FROM "dela_message" WHERE ("dela_message"."sendmail" = true  AND "dela_message"."sendtime" <= '2015-06-14 23:04:18.578000+03:00' ); args=(True, u'2015-06-14 23:04:18.578000+03:00')
[14/Jun/2015 23:04:47] DEBUG [django.db.backends:79] (0.015) SELECT "django_session"."session_key", "django_session"."session_data", "django_session"."expire_date" FROM "django_session" WHERE ("django_session"."session_key" = '8653sj7d0uxeptrrhmlyypz9xefvof6h'  AND "django_session"."expire_date" > '2015-06-14 20:04:46.403000+00:00' ); args=('8653sj7d0uxeptrrhmlyypz9xefvof6h', u'2015-06-14 20:04:46.403000+00:00')
[14/Jun/2015 23:04:47] DEBUG [django.db.backends:79] (0.005) SELECT "auth_user"."id", "auth_user"."password", "auth_user"."last_login", "auth_user"."is_superuser", "auth_user"."username", "auth_user"."first_name", "auth_user"."last_name", "auth_user"."email", "auth_user"."is_staff", "auth_user"."is_active", "auth_user"."date_joined" FROM "auth_user" WHERE "auth_user"."id" = 1 ; args=(1,)
[14/Jun/2015 23:04:47] DEBUG [clients.views:39] -1 day, 21:00:00
[14/Jun/2015 23:04:47] DEBUG [django.db.backends:79] (0.005) SELECT "dela_dela"."id", "dela_dela"."owner_id", "dela_dela"."code", "dela_dela"."topic", "dela_dela"."start", "dela_dela"."finish", "dela_dela"."content", "dela_dela"."result", "dela_dela"."finished", "dela_dela"."attache", "dela_dela"."isdeleted" FROM "dela_dela" WHERE ("dela_dela"."owner_id" = 1  AND "dela_dela"."start" <= '2015-06-14 23:59:59.099999+03:00'  AND "dela_dela"."finish" >= '2015-06-14 00:00:00+03:00'  AND "dela_dela"."isdeleted" = false ); args=(1, u'2015-06-14 23:59:59.099999+03:00', u'2015-06-14 00:00:00+03:00', False)
[14/Jun/2015 23:04:47] DEBUG [django.db.backends:79] (0.005) SELECT "clients_client"."id", "clients_client"."owner_id", "clients_client"."parent_id", "clients_client"."isfolder", "clients_client"."code", "clients_client"."name", "clients_client"."iscompany", "clients_client"."INN", "clients_client"."KPP", "clients_client"."email", "clients_client"."uradress", "clients_client"."factadress", "clients_client"."phone", "clients_client"."fax", "clients_client"."site", "clients_client"."isdeleted", "clients_client"."region_id", "clients_client"."categoty_id", "clients_client"."reltype_id" FROM "clients_client" WHERE ("clients_client"."parent_id" IS NULL AND "clients_client"."isdeleted" = false  AND "clients_client"."owner_id" = 1 ); args=(False, 1)
[14/Jun/2015 23:04:47] DEBUG [utils.Jdatatable:22] [<Client: (1)000000001 Трафик>, <Client: (11)000000002 Джумбо>, <Client: (27)000000003 Медимпекс>, <Client: (31)000000007 АМА>, <Client: (38)000000014 Burnett>, <Client: (43)000000019 Новые>, <Client: (53)000000027 Эко-Консалт>]
[14/Jun/2015 23:04:47] DEBUG [utils.Jdatatable:22] []
[14/Jun/2015 23:04:47] DEBUG [utils.Jdatatable:22] []
[14/Jun/2015 23:04:47] DEBUG [django.db.backends:79] (0.001) UPDATE "django_session" SET "session_data" = 'NzI4ODAwMzMzYTBlOTQ2Yjk0MWE4MzI5MGY3MWFhYjBmNzUxOTA4ODp7InRpbWVvZmZzZXQiOi0xMDgwMCwiZGF0ZWlucHV0IjoiMjAxNS0wNi0xMSIsIl9hdXRoX3VzZXJfaWQiOjEsIl9hdXRoX3VzZXJfYmFja2VuZCI6ImRqYW5nby5jb250cmliLmF1dGguYmFja2VuZHMuTW9kZWxCYWNrZW5kIiwicGFyZW50Y29kZSI6IiJ9', "expire_date" = '2015-06-28 20:04:47.609000+00:00' WHERE "django_session"."session_key" = '8653sj7d0uxeptrrhmlyypz9xefvof6h' ; args=(u'NzI4ODAwMzMzYTBlOTQ2Yjk0MWE4MzI5MGY3MWFhYjBmNzUxOTA4ODp7InRpbWVvZmZzZXQiOi0xMDgwMCwiZGF0ZWlucHV0IjoiMjAxNS0wNi0xMSIsIl9hdXRoX3VzZXJfaWQiOjEsIl9hdXRoX3VzZXJfYmFja2VuZCI6ImRqYW5nby5jb250cmliLmF1dGguYmFja2VuZHMuTW9kZWxCYWNrZW5kIiwicGFyZW50Y29kZSI6IiJ9', u'2015-06-28 20:04:47.609000+00:00', '8653sj7d0uxeptrrhmlyypz9xefvof6h')
[14/Jun/2015 23:04:47] WARNING [django.request:143] Not Found: /favicon.ico
[14/Jun/2015 23:04:48] DEBUG [django.db.backends:79] (0.001) SELECT "django_session"."session_key", "django_session"."session_data", "django_session"."expire_date" FROM "django_session" WHERE ("django_session"."session_key" = '8653sj7d0uxeptrrhmlyypz9xefvof6h'  AND "django_session"."expire_date" > '2015-06-14 20:04:47.731000+00:00' ); args=('8653sj7d0uxeptrrhmlyypz9xefvof6h', u'2015-06-14 20:04:47.731000+00:00')
[14/Jun/2015 23:04:48] DEBUG [django.db.backends:79] (0.000) SELECT "auth_user"."id", "auth_user"."password", "auth_user"."last_login", "auth_user"."is_superuser", "auth_user"."username", "auth_user"."first_name", "auth_user"."last_name", "auth_user"."email", "auth_user"."is_staff", "auth_user"."is_active", "auth_user"."date_joined" FROM "auth_user" WHERE "auth_user"."id" = 1 ; args=(1,)
[14/Jun/2015 23:04:48] DEBUG [dela.views:24] 4140
[14/Jun/2015 23:04:48] DEBUG [dela.views:27] 248400
[14/Jun/2015 23:04:48] DEBUG [clients.views:39] 2 days, 21:00:00
[14/Jun/2015 23:04:48] DEBUG [django.db.backends:79] (0.000) SELECT "dela_dela"."id", "dela_dela"."owner_id", "dela_dela"."code", "dela_dela"."topic", "dela_dela"."start", "dela_dela"."finish", "dela_dela"."content", "dela_dela"."result", "dela_dela"."finished", "dela_dela"."attache", "dela_dela"."isdeleted" FROM "dela_dela" WHERE ("dela_dela"."owner_id" = 1  AND "dela_dela"."start" <= '2015-06-11 23:59:59.099999+03:00'  AND "dela_dela"."finish" >= '2015-06-11 00:00:00+03:00'  AND "dela_dela"."isdeleted" = false ); args=(1, u'2015-06-11 23:59:59.099999+03:00', u'2015-06-11 00:00:00+03:00', False)
[14/Jun/2015 23:04:48] DEBUG [django.db.backends:79] (0.001) SELECT "clients_client"."id", "clients_client"."owner_id", "clients_client"."parent_id", "clients_client"."isfolder", "clients_client"."code", "clients_client"."name", "clients_client"."iscompany", "clients_client"."INN", "clients_client"."KPP", "clients_client"."email", "clients_client"."uradress", "clients_client"."factadress", "clients_client"."phone", "clients_client"."fax", "clients_client"."site", "clients_client"."isdeleted", "clients_client"."region_id", "clients_client"."categoty_id", "clients_client"."reltype_id" FROM "clients_client" WHERE ("clients_client"."parent_id" IS NULL AND "clients_client"."isdeleted" = false  AND "clients_client"."owner_id" = 1 ); args=(False, 1)
[14/Jun/2015 23:04:48] DEBUG [utils.Jdatatable:22] [<Client: (1)000000001 Трафик>, <Client: (11)000000002 Джумбо>, <Client: (27)000000003 Медимпекс>, <Client: (31)000000007 АМА>, <Client: (38)000000014 Burnett>, <Client: (43)000000019 Новые>, <Client: (53)000000027 Эко-Консалт>]
[14/Jun/2015 23:04:48] DEBUG [utils.Jdatatable:22] []
[14/Jun/2015 23:04:48] DEBUG [utils.Jdatatable:22] [<Dela: (41) Тест>]
[14/Jun/2015 23:04:48] DEBUG [django.db.backends:79] (0.000) UPDATE "django_session" SET "session_data" = 'N2Q5YmVkYjgzYzc1NTJlOWFlZTdkZGE3NDcyYjI0MTg4MDRiMjkxOTp7InRpbWVvZmZzZXQiOjI0ODQwMCwiZGF0ZWlucHV0IjoiMjAxNS0wNi0xMSIsIl9hdXRoX3VzZXJfYmFja2VuZCI6ImRqYW5nby5jb250cmliLmF1dGguYmFja2VuZHMuTW9kZWxCYWNrZW5kIiwiX2F1dGhfdXNlcl9pZCI6MSwicGFyZW50Y29kZSI6IiJ9', "expire_date" = '2015-06-28 20:04:48.796000+00:00' WHERE "django_session"."session_key" = '8653sj7d0uxeptrrhmlyypz9xefvof6h' ; args=(u'N2Q5YmVkYjgzYzc1NTJlOWFlZTdkZGE3NDcyYjI0MTg4MDRiMjkxOTp7InRpbWVvZmZzZXQiOjI0ODQwMCwiZGF0ZWlucHV0IjoiMjAxNS0wNi0xMSIsIl9hdXRoX3VzZXJfYmFja2VuZCI6ImRqYW5nby5jb250cmliLmF1dGguYmFja2VuZHMuTW9kZWxCYWNrZW5kIiwiX2F1dGhfdXNlcl9pZCI6MSwicGFyZW50Y29kZSI6IiJ9', u'2015-06-28 20:04:48.796000+00:00', '8653sj7d0uxeptrrhmlyypz9xefvof6h')
[14/Jun/2015 23:04:51] DEBUG [django.db.backends:79] (0.002) SELECT "django_session"."session_key", "django_session"."session_data", "django_session"."expire_date" FROM "django_session" WHERE ("django_session"."session_key" = '8653sj7d0uxeptrrhmlyypz9xefvof6h'  AND "django_session"."expire_date" > '2015-06-14 20:04:50.823000+00:00' ); args=('8653sj7d0uxeptrrhmlyypz9xefvof6h', u'2015-06-14 20:04:50.823000+00:00')
[14/Jun/2015 23:04:51] DEBUG [django.db.backends:79] (0.001) SELECT "auth_user"."id", "auth_user"."password", "auth_user"."last_login", "auth_user"."is_superuser", "auth_user"."username", "auth_user"."first_name", "auth_user"."last_name", "auth_user"."email", "auth_user"."is_staff", "auth_user"."is_active", "auth_user"."date_joined" FROM "auth_user" WHERE "auth_user"."id" = 1 ; args=(1,)
[14/Jun/2015 23:04:51] DEBUG [clients.views:39] 2 days, 21:00:00
[14/Jun/2015 23:04:51] DEBUG [django.db.backends:79] (0.001) SELECT "dela_dela"."id", "dela_dela"."owner_id", "dela_dela"."code", "dela_dela"."topic", "dela_dela"."start", "dela_dela"."finish", "dela_dela"."content", "dela_dela"."result", "dela_dela"."finished", "dela_dela"."attache", "dela_dela"."isdeleted" FROM "dela_dela" WHERE ("dela_dela"."owner_id" = 1  AND "dela_dela"."start" <= '2015-06-11 23:59:59.099999+03:00'  AND "dela_dela"."finish" >= '2015-06-11 00:00:00+03:00'  AND "dela_dela"."isdeleted" = false ); args=(1, u'2015-06-11 23:59:59.099999+03:00', u'2015-06-11 00:00:00+03:00', False)
[14/Jun/2015 23:04:51] DEBUG [django.db.backends:79] (0.001) SELECT "clients_client"."id", "clients_client"."owner_id", "clients_client"."parent_id", "clients_client"."isfolder", "clients_client"."code", "clients_client"."name", "clients_client"."iscompany", "clients_client"."INN", "clients_client"."KPP", "clients_client"."email", "clients_client"."uradress", "clients_client"."factadress", "clients_client"."phone", "clients_client"."fax", "clients_client"."site", "clients_client"."isdeleted", "clients_client"."region_id", "clients_client"."categoty_id", "clients_client"."reltype_id" FROM "clients_client" WHERE ("clients_client"."owner_id" = 1  AND "clients_client"."code" = '000000002' ) LIMIT 1; args=(1, u'000000002')
[14/Jun/2015 23:04:51] DEBUG [django.db.backends:79] (0.005) SELECT "contacts_contact"."id", "contacts_contact"."code", "contacts_contact"."client_id", "contacts_contact"."fio", "contacts_contact"."email", "contacts_contact"."birthday", "contacts_contact"."position", "contacts_contact"."phone", "contacts_contact"."isdeleted", "contacts_contact"."owner_id" FROM "contacts_contact" WHERE ("contacts_contact"."client_id" = 11  AND "contacts_contact"."isdeleted" = false ); args=(11, False)
[14/Jun/2015 23:04:51] DEBUG [django.db.backends:79] (0.004) SELECT "clients_note"."id", "clients_note"."code", "clients_note"."client_id", "clients_note"."content", "clients_note"."isdeleted", "clients_note"."user_id" FROM "clients_note" WHERE ("clients_note"."client_id" = 11  AND "clients_note"."user_id" = 1  AND "clients_note"."isdeleted" = false ); args=(11, 1, False)
[14/Jun/2015 23:04:51] DEBUG [django.db.backends:79] (0.000) SELECT "clients_client"."id", "clients_client"."owner_id", "clients_client"."parent_id", "clients_client"."isfolder", "clients_client"."code", "clients_client"."name", "clients_client"."iscompany", "clients_client"."INN", "clients_client"."KPP", "clients_client"."email", "clients_client"."uradress", "clients_client"."factadress", "clients_client"."phone", "clients_client"."fax", "clients_client"."site", "clients_client"."isdeleted", "clients_client"."region_id", "clients_client"."categoty_id", "clients_client"."reltype_id" FROM "clients_client" WHERE ("clients_client"."parent_id" IS NULL AND "clients_client"."isdeleted" = false  AND "clients_client"."owner_id" = 1 ); args=(False, 1)
[14/Jun/2015 23:04:51] DEBUG [utils.Jdatatable:22] [<Client: (1)000000001 Трафик>, <Client: (11)000000002 Джумбо>, <Client: (27)000000003 Медимпекс>, <Client: (31)000000007 АМА>, <Client: (38)000000014 Burnett>, <Client: (43)000000019 Новые>, <Client: (53)000000027 Эко-Консалт>]
[14/Jun/2015 23:04:51] DEBUG [utils.Jdatatable:22] [<Contact: (1) Быстров Александр>, <Contact: (2) Тимошенко Вячеслав>]
[14/Jun/2015 23:04:51] DEBUG [utils.Jdatatable:22] [<Dela: (41) Тест>]
[14/Jun/2015 23:04:51] DEBUG [django.db.backends:79] (0.000) UPDATE "django_session" SET "session_data" = 'YzJjNjZlZjg5MGUzMjczODE2MDliYjhlOGJiYzYwNzMzZTgzMjc5Mjp7InRpbWVvZmZzZXQiOjI0ODQwMCwiZGF0ZWlucHV0IjoiMjAxNS0wNi0xMSIsIl9hdXRoX3VzZXJfaWQiOjEsIl9hdXRoX3VzZXJfYmFja2VuZCI6ImRqYW5nby5jb250cmliLmF1dGguYmFja2VuZHMuTW9kZWxCYWNrZW5kIiwicGFyZW50Y29kZSI6IiJ9', "expire_date" = '2015-06-28 20:04:51.888000+00:00' WHERE "django_session"."session_key" = '8653sj7d0uxeptrrhmlyypz9xefvof6h' ; args=(u'YzJjNjZlZjg5MGUzMjczODE2MDliYjhlOGJiYzYwNzMzZTgzMjc5Mjp7InRpbWVvZmZzZXQiOjI0ODQwMCwiZGF0ZWlucHV0IjoiMjAxNS0wNi0xMSIsIl9hdXRoX3VzZXJfaWQiOjEsIl9hdXRoX3VzZXJfYmFja2VuZCI6ImRqYW5nby5jb250cmliLmF1dGguYmFja2VuZHMuTW9kZWxCYWNrZW5kIiwicGFyZW50Y29kZSI6IiJ9', u'2015-06-28 20:04:51.888000+00:00', '8653sj7d0uxeptrrhmlyypz9xefvof6h')
[14/Jun/2015 23:04:56] DEBUG [django.db.backends:79] (0.002) SELECT "django_session"."session_key", "django_session"."session_data", "django_session"."expire_date" FROM "django_session" WHERE ("django_session"."session_key" = '8653sj7d0uxeptrrhmlyypz9xefvof6h'  AND "django_session"."expire_date" > '2015-06-14 20:04:55.853000+00:00' ); args=('8653sj7d0uxeptrrhmlyypz9xefvof6h', u'2015-06-14 20:04:55.853000+00:00')
[14/Jun/2015 23:04:56] DEBUG [django.db.backends:79] (0.001) SELECT "auth_user"."id", "auth_user"."password", "auth_user"."last_login", "auth_user"."is_superuser", "auth_user"."username", "auth_user"."first_name", "auth_user"."last_name", "auth_user"."email", "auth_user"."is_staff", "auth_user"."is_active", "auth_user"."date_joined" FROM "auth_user" WHERE "auth_user"."id" = 1 ; args=(1,)
[14/Jun/2015 23:04:56] DEBUG [django.db.backends:79] (0.005) SELECT "projects_project"."id", "projects_project"."code", "projects_project"."owner_id", "projects_project"."start", "projects_project"."finish", "projects_project"."changedate", "projects_project"."createdate", "projects_project"."topic", "projects_project"."content", "projects_project"."progress", "projects_project"."isdeleted" FROM "projects_project" WHERE ("projects_project"."isdeleted" = false  AND "projects_project"."owner_id" = 1 ); args=(False, 1)
[14/Jun/2015 23:04:56] DEBUG [utils.Jdatatable:22] []
[14/Jun/2015 23:04:56] DEBUG [dela.templatetags.clients_tags:26] timelength: 578159640
[14/Jun/2015 23:04:56] DEBUG [dela.templatetags.clients_tags:27] timeleft: 517480556
[14/Jun/2015 23:04:56] DEBUG [dela.templatetags.clients_tags:38] speed: 0.0
[14/Jun/2015 23:04:56] DEBUG [dela.templatetags.clients_tags:39] speedneed: 1.93243975721e-07
[14/Jun/2015 23:04:56] DEBUG [dela.templatetags.clients_tags:40] stability: 0.0
[14/Jun/2015 23:04:56] DEBUG [dela.templatetags.clients_tags:26] timelength: 578159640
[14/Jun/2015 23:04:56] DEBUG [dela.templatetags.clients_tags:27] timeleft: 517480556
[14/Jun/2015 23:04:56] DEBUG [dela.templatetags.clients_tags:38] speed: 0.0
[14/Jun/2015 23:04:56] DEBUG [dela.templatetags.clients_tags:39] speedneed: 1.93243975721e-07
[14/Jun/2015 23:04:56] DEBUG [dela.templatetags.clients_tags:40] stability: 0.0
[14/Jun/2015 23:04:56] DEBUG [dela.templatetags.clients_tags:26] timelength: 578159640
[14/Jun/2015 23:04:56] DEBUG [dela.templatetags.clients_tags:27] timeleft: 517480556
[14/Jun/2015 23:04:56] DEBUG [dela.templatetags.clients_tags:38] speed: 0.0
[14/Jun/2015 23:04:56] DEBUG [dela.templatetags.clients_tags:39] speedneed: 1.93243975721e-07
[14/Jun/2015 23:04:56] DEBUG [dela.templatetags.clients_tags:40] stability: 0.0
[14/Jun/2015 23:04:56] DEBUG [dela.templatetags.clients_tags:26] timelength: 60
[14/Jun/2015 23:04:56] DEBUG [dela.templatetags.clients_tags:27] timeleft: -21810
[14/Jun/2015 23:04:56] DEBUG [dela.templatetags.clients_tags:26] timelength: 60
[14/Jun/2015 23:04:56] DEBUG [dela.templatetags.clients_tags:27] timeleft: -21810
[14/Jun/2015 23:04:56] DEBUG [dela.templatetags.clients_tags:26] timelength: 60
[14/Jun/2015 23:04:56] DEBUG [dela.templatetags.clients_tags:27] timeleft: -21810
[14/Jun/2015 23:05:01] DEBUG [django.db.backends:79] (0.001) SELECT "django_session"."session_key", "django_session"."session_data", "django_session"."expire_date" FROM "django_session" WHERE ("django_session"."session_key" = '8653sj7d0uxeptrrhmlyypz9xefvof6h'  AND "django_session"."expire_date" > '2015-06-14 20:05:00.400000+00:00' ); args=('8653sj7d0uxeptrrhmlyypz9xefvof6h', u'2015-06-14 20:05:00.400000+00:00')
[14/Jun/2015 23:05:01] DEBUG [django.db.backends:79] (0.001) SELECT "auth_user"."id", "auth_user"."password", "auth_user"."last_login", "auth_user"."is_superuser", "auth_user"."username", "auth_user"."first_name", "auth_user"."last_name", "auth_user"."email", "auth_user"."is_staff", "auth_user"."is_active", "auth_user"."date_joined" FROM "auth_user" WHERE "auth_user"."id" = 1 ; args=(1,)
[14/Jun/2015 23:05:01] DEBUG [django.db.backends:79] (0.001) SELECT "projects_project"."id", "projects_project"."code", "projects_project"."owner_id", "projects_project"."start", "projects_project"."finish", "projects_project"."changedate", "projects_project"."createdate", "projects_project"."topic", "projects_project"."content", "projects_project"."progress", "projects_project"."isdeleted" FROM "projects_project" WHERE ("projects_project"."isdeleted" = false  AND "projects_project"."owner_id" = 1 ); args=(False, 1)
[14/Jun/2015 23:05:01] DEBUG [django.db.backends:79] (0.000) SELECT "projects_project"."id", "projects_project"."code", "projects_project"."owner_id", "projects_project"."start", "projects_project"."finish", "projects_project"."changedate", "projects_project"."createdate", "projects_project"."topic", "projects_project"."content", "projects_project"."progress", "projects_project"."isdeleted" FROM "projects_project" WHERE ("projects_project"."owner_id" = 1  AND "projects_project"."code" = '000000001' ) LIMIT 1; args=(1, u'000000001')
[14/Jun/2015 23:05:01] DEBUG [django.db.backends:79] (0.006) SELECT "projects_task"."id", "projects_task"."code", "projects_task"."owner_id", "projects_task"."project_id", "projects_task"."parent_id", "projects_task"."liable_id", "projects_task"."start", "projects_task"."finish", "projects_task"."changedate", "projects_task"."createdate", "projects_task"."topic", "projects_task"."content", "projects_task"."progress", "projects_task"."status", "projects_task"."statushist", "projects_task"."result", "projects_task"."finished", "projects_task"."checklist", "projects_task"."attaches", "projects_task"."isdeleted" FROM "projects_task" WHERE ("projects_task"."project_id" = 1  AND "projects_task"."isdeleted" = false  AND "projects_task"."owner_id" = 1 ); args=(1, False, 1)
[14/Jun/2015 23:05:01] DEBUG [utils.Jdatatable:22] [<Task: (3)000000001 Доделать модуль>]
[14/Jun/2015 23:05:01] DEBUG [django.db.backends:79] (0.000) SELECT "auth_user"."id", "auth_user"."password", "auth_user"."last_login", "auth_user"."is_superuser", "auth_user"."username", "auth_user"."first_name", "auth_user"."last_name", "auth_user"."email", "auth_user"."is_staff", "auth_user"."is_active", "auth_user"."date_joined" FROM "auth_user" WHERE "auth_user"."id" = 1 ; args=(1,)
[14/Jun/2015 23:05:01] DEBUG [django.db.backends:79] (0.000) SELECT "auth_user"."id", "auth_user"."password", "auth_user"."last_login", "auth_user"."is_superuser", "auth_user"."username", "auth_user"."first_name", "auth_user"."last_name", "auth_user"."email", "auth_user"."is_staff", "auth_user"."is_active", "auth_user"."date_joined" FROM "auth_user" WHERE "auth_user"."id" = 4 ; args=(4,)
[14/Jun/2015 23:05:01] DEBUG [dela.templatetags.clients_tags:26] timelength: 578159640
[14/Jun/2015 23:05:01] DEBUG [dela.templatetags.clients_tags:27] timeleft: 517480555
[14/Jun/2015 23:05:01] DEBUG [dela.templatetags.clients_tags:38] speed: 0.0
[14/Jun/2015 23:05:01] DEBUG [dela.templatetags.clients_tags:39] speedneed: 1.93243976095e-07
[14/Jun/2015 23:05:01] DEBUG [dela.templatetags.clients_tags:40] stability: 0.0
[14/Jun/2015 23:05:01] DEBUG [dela.templatetags.clients_tags:26] timelength: 578159640
[14/Jun/2015 23:05:01] DEBUG [dela.templatetags.clients_tags:27] timeleft: 517480555
[14/Jun/2015 23:05:01] DEBUG [dela.templatetags.clients_tags:38] speed: 0.0
[14/Jun/2015 23:05:01] DEBUG [dela.templatetags.clients_tags:39] speedneed: 1.93243976095e-07
[14/Jun/2015 23:05:01] DEBUG [dela.templatetags.clients_tags:40] stability: 0.0
[14/Jun/2015 23:05:01] DEBUG [dela.templatetags.clients_tags:26] timelength: 578159640
[14/Jun/2015 23:05:01] DEBUG [dela.templatetags.clients_tags:27] timeleft: 517480555
[14/Jun/2015 23:05:01] DEBUG [dela.templatetags.clients_tags:38] speed: 0.0
[14/Jun/2015 23:05:01] DEBUG [dela.templatetags.clients_tags:39] speedneed: 1.93243976095e-07
[14/Jun/2015 23:05:01] DEBUG [dela.templatetags.clients_tags:40] stability: 0.0
[14/Jun/2015 23:05:01] DEBUG [dela.templatetags.clients_tags:26] timelength: 60
[14/Jun/2015 23:05:01] DEBUG [dela.templatetags.clients_tags:27] timeleft: -21811
[14/Jun/2015 23:05:01] DEBUG [dela.templatetags.clients_tags:26] timelength: 60
[14/Jun/2015 23:05:01] DEBUG [dela.templatetags.clients_tags:27] timeleft: -21811
[14/Jun/2015 23:05:01] DEBUG [dela.templatetags.clients_tags:26] timelength: 60
[14/Jun/2015 23:05:01] DEBUG [dela.templatetags.clients_tags:27] timeleft: -21811
[14/Jun/2015 23:09:18] DEBUG [django.db.backends:79] (0.001) SELECT "dela_message"."id", "dela_message"."owner_id", "dela_message"."topic", "dela_message"."content", "dela_message"."sendtime", "dela_message"."sendsms", "dela_message"."sendmail" FROM "dela_message" WHERE ("dela_message"."sendsms" = true  AND "dela_message"."sendtime" <= '2015-06-14 23:09:17.446000+03:00' ); args=(True, u'2015-06-14 23:09:17.446000+03:00')
[14/Jun/2015 23:09:18] DEBUG [django.db.backends:79] (0.001) SELECT "dela_message"."id", "dela_message"."owner_id", "dela_message"."topic", "dela_message"."content", "dela_message"."sendtime", "dela_message"."sendsms", "dela_message"."sendmail" FROM "dela_message" WHERE ("dela_message"."sendmail" = true  AND "dela_message"."sendtime" <= '2015-06-14 23:09:18.580000+03:00' ); args=(True, u'2015-06-14 23:09:18.580000+03:00')
[14/Jun/2015 23:14:18] DEBUG [django.db.backends:79] (0.001) SELECT "dela_message"."id", "dela_message"."owner_id", "dela_message"."topic", "dela_message"."content", "dela_message"."sendtime", "dela_message"."sendsms", "dela_message"."sendmail" FROM "dela_message" WHERE ("dela_message"."sendsms" = true  AND "dela_message"."sendtime" <= '2015-06-14 23:14:17.438000+03:00' ); args=(True, u'2015-06-14 23:14:17.438000+03:00')
[14/Jun/2015 23:14:18] DEBUG [django.db.backends:79] (0.000) SELECT "dela_message"."id", "dela_message"."owner_id", "dela_message"."topic", "dela_message"."content", "dela_message"."sendtime", "dela_message"."sendsms", "dela_message"."sendmail" FROM "dela_message" WHERE ("dela_message"."sendmail" = true  AND "dela_message"."sendtime" <= '2015-06-14 23:14:18.579000+03:00' ); args=(True, u'2015-06-14 23:14:18.579000+03:00')
[14/Jun/2015 23:19:18] DEBUG [django.db.backends:79] (0.001) SELECT "dela_message"."id", "dela_message"."owner_id", "dela_message"."topic", "dela_message"."content", "dela_message"."sendtime", "dela_message"."sendsms", "dela_message"."sendmail" FROM "dela_message" WHERE ("dela_message"."sendsms" = true  AND "dela_message"."sendtime" <= '2015-06-14 23:19:17.427000+03:00' ); args=(True, u'2015-06-14 23:19:17.427000+03:00')
[14/Jun/2015 23:19:18] DEBUG [django.db.backends:79] (0.000) SELECT "dela_message"."id", "dela_message"."owner_id", "dela_message"."topic", "dela_message"."content", "dela_message"."sendtime", "dela_message"."sendsms", "dela_message"."sendmail" FROM "dela_message" WHERE ("dela_message"."sendmail" = true  AND "dela_message"."sendtime" <= '2015-06-14 23:19:18.563000+03:00' ); args=(True, u'2015-06-14 23:19:18.563000+03:00')
[14/Jun/2015 23:24:18] DEBUG [django.db.backends:79] (0.001) SELECT "dela_message"."id", "dela_message"."owner_id", "dela_message"."topic", "dela_message"."content", "dela_message"."sendtime", "dela_message"."sendsms", "dela_message"."sendmail" FROM "dela_message" WHERE ("dela_message"."sendsms" = true  AND "dela_message"."sendtime" <= '2015-06-14 23:24:17.433000+03:00' ); args=(True, u'2015-06-14 23:24:17.433000+03:00')
[14/Jun/2015 23:24:18] DEBUG [django.db.backends:79] (0.001) SELECT "dela_message"."id", "dela_message"."owner_id", "dela_message"."topic", "dela_message"."content", "dela_message"."sendtime", "dela_message"."sendsms", "dela_message"."sendmail" FROM "dela_message" WHERE ("dela_message"."sendmail" = true  AND "dela_message"."sendtime" <= '2015-06-14 23:24:18.566000+03:00' ); args=(True, u'2015-06-14 23:24:18.566000+03:00')
[14/Jun/2015 23:29:18] DEBUG [django.db.backends:79] (0.001) SELECT "dela_message"."id", "dela_message"."owner_id", "dela_message"."topic", "dela_message"."content", "dela_message"."sendtime", "dela_message"."sendsms", "dela_message"."sendmail" FROM "dela_message" WHERE ("dela_message"."sendsms" = true  AND "dela_message"."sendtime" <= '2015-06-14 23:29:17.434000+03:00' ); args=(True, u'2015-06-14 23:29:17.434000+03:00')
[14/Jun/2015 23:29:18] DEBUG [django.db.backends:79] (0.000) SELECT "dela_message"."id", "dela_message"."owner_id", "dela_message"."topic", "dela_message"."content", "dela_message"."sendtime", "dela_message"."sendsms", "dela_message"."sendmail" FROM "dela_message" WHERE ("dela_message"."sendmail" = true  AND "dela_message"."sendtime" <= '2015-06-14 23:29:18.573000+03:00' ); args=(True, u'2015-06-14 23:29:18.573000+03:00')
[14/Jun/2015 23:34:18] DEBUG [django.db.backends:79] (0.002) SELECT "dela_message"."id", "dela_message"."owner_id", "dela_message"."topic", "dela_message"."content", "dela_message"."sendtime", "dela_message"."sendsms", "dela_message"."sendmail" FROM "dela_message" WHERE ("dela_message"."sendsms" = true  AND "dela_message"."sendtime" <= '2015-06-14 23:34:17.435000+03:00' ); args=(True, u'2015-06-14 23:34:17.435000+03:00')
[14/Jun/2015 23:34:18] DEBUG [django.db.backends:79] (0.000) SELECT "dela_message"."id", "dela_message"."owner_id", "dela_message"."topic", "dela_message"."content", "dela_message"."sendtime", "dela_message"."sendsms", "dela_message"."sendmail" FROM "dela_message" WHERE ("dela_message"."sendmail" = true  AND "dela_message"."sendtime" <= '2015-06-14 23:34:18.570000+03:00' ); args=(True, u'2015-06-14 23:34:18.570000+03:00')
[14/Jun/2015 23:39:18] DEBUG [django.db.backends:79] (0.001) SELECT "dela_message"."id", "dela_message"."owner_id", "dela_message"."topic", "dela_message"."content", "dela_message"."sendtime", "dela_message"."sendsms", "dela_message"."sendmail" FROM "dela_message" WHERE ("dela_message"."sendsms" = true  AND "dela_message"."sendtime" <= '2015-06-14 23:39:17.445000+03:00' ); args=(True, u'2015-06-14 23:39:17.445000+03:00')
[14/Jun/2015 23:39:18] DEBUG [django.db.backends:79] (0.001) SELECT "dela_message"."id", "dela_message"."owner_id", "dela_message"."topic", "dela_message"."content", "dela_message"."sendtime", "dela_message"."sendsms", "dela_message"."sendmail" FROM "dela_message" WHERE ("dela_message"."sendmail" = true  AND "dela_message"."sendtime" <= '2015-06-14 23:39:18.591000+03:00' ); args=(True, u'2015-06-14 23:39:18.591000+03:00')
[14/Jun/2015 23:44:18] DEBUG [django.db.backends:79] (0.001) SELECT "dela_message"."id", "dela_message"."owner_id", "dela_message"."topic", "dela_message"."content", "dela_message"."sendtime", "dela_message"."sendsms", "dela_message"."sendmail" FROM "dela_message" WHERE ("dela_message"."sendsms" = true  AND "dela_message"."sendtime" <= '2015-06-14 23:44:17.430000+03:00' ); args=(True, u'2015-06-14 23:44:17.430000+03:00')
[14/Jun/2015 23:44:18] DEBUG [django.db.backends:79] (0.001) SELECT "dela_message"."id", "dela_message"."owner_id", "dela_message"."topic", "dela_message"."content", "dela_message"."sendtime", "dela_message"."sendsms", "dela_message"."sendmail" FROM "dela_message" WHERE ("dela_message"."sendmail" = true  AND "dela_message"."sendtime" <= '2015-06-14 23:44:18.575000+03:00' ); args=(True, u'2015-06-14 23:44:18.575000+03:00')
[14/Jun/2015 23:49:18] DEBUG [django.db.backends:79] (0.001) SELECT "dela_message"."id", "dela_message"."owner_id", "dela_message"."topic", "dela_message"."content", "dela_message"."sendtime", "dela_message"."sendsms", "dela_message"."sendmail" FROM "dela_message" WHERE ("dela_message"."sendsms" = true  AND "dela_message"."sendtime" <= '2015-06-14 23:49:17.445000+03:00' ); args=(True, u'2015-06-14 23:49:17.445000+03:00')
[14/Jun/2015 23:49:18] DEBUG [django.db.backends:79] (0.001) SELECT "dela_message"."id", "dela_message"."owner_id", "dela_message"."topic", "dela_message"."content", "dela_message"."sendtime", "dela_message"."sendsms", "dela_message"."sendmail" FROM "dela_message" WHERE ("dela_message"."sendmail" = true  AND "dela_message"."sendtime" <= '2015-06-14 23:49:18.578000+03:00' ); args=(True, u'2015-06-14 23:49:18.578000+03:00')
[14/Jun/2015 23:54:18] DEBUG [django.db.backends:79] (0.001) SELECT "dela_message"."id", "dela_message"."owner_id", "dela_message"."topic", "dela_message"."content", "dela_message"."sendtime", "dela_message"."sendsms", "dela_message"."sendmail" FROM "dela_message" WHERE ("dela_message"."sendsms" = true  AND "dela_message"."sendtime" <= '2015-06-14 23:54:17.445000+03:00' ); args=(True, u'2015-06-14 23:54:17.445000+03:00')
[14/Jun/2015 23:54:18] DEBUG [django.db.backends:79] (0.000) SELECT "dela_message"."id", "dela_message"."owner_id", "dela_message"."topic", "dela_message"."content", "dela_message"."sendtime", "dela_message"."sendsms", "dela_message"."sendmail" FROM "dela_message" WHERE ("dela_message"."sendmail" = true  AND "dela_message"."sendtime" <= '2015-06-14 23:54:18.579000+03:00' ); args=(True, u'2015-06-14 23:54:18.579000+03:00')
[14/Jun/2015 23:59:18] DEBUG [django.db.backends:79] (0.002) SELECT "dela_message"."id", "dela_message"."owner_id", "dela_message"."topic", "dela_message"."content", "dela_message"."sendtime", "dela_message"."sendsms", "dela_message"."sendmail" FROM "dela_message" WHERE ("dela_message"."sendsms" = true  AND "dela_message"."sendtime" <= '2015-06-14 23:59:17.434000+03:00' ); args=(True, u'2015-06-14 23:59:17.434000+03:00')
[14/Jun/2015 23:59:18] DEBUG [django.db.backends:79] (0.001) SELECT "dela_message"."id", "dela_message"."owner_id", "dela_message"."topic", "dela_message"."content", "dela_message"."sendtime", "dela_message"."sendsms", "dela_message"."sendmail" FROM "dela_message" WHERE ("dela_message"."sendmail" = true  AND "dela_message"."sendtime" <= '2015-06-14 23:59:18.572000+03:00' ); args=(True, u'2015-06-14 23:59:18.572000+03:00')
[15/Jun/2015 05:42:51] WARNING [django.request:143] Not Found: /ncsi.txt
[15/Jun/2015 05:42:51] WARNING [django.request:143] Not Found: /HNAP1/
[15/Jun/2015 11:38:38] DEBUG [django.db.backends:79] (0.001) SELECT "django_session"."session_key", "django_session"."session_data", "django_session"."expire_date" FROM "django_session" WHERE ("django_session"."session_key" = 'qe66n6d9u3vf8aqwr4dpn6rdv7jjh63q'  AND "django_session"."expire_date" > '2015-06-15 08:38:36.991000+00:00' ); args=('qe66n6d9u3vf8aqwr4dpn6rdv7jjh63q', u'2015-06-15 08:38:36.991000+00:00')
[15/Jun/2015 11:38:38] DEBUG [django.db.backends:79] (0.001) SELECT "auth_user"."id", "auth_user"."password", "auth_user"."last_login", "auth_user"."is_superuser", "auth_user"."username", "auth_user"."first_name", "auth_user"."last_name", "auth_user"."email", "auth_user"."is_staff", "auth_user"."is_active", "auth_user"."date_joined" FROM "auth_user" WHERE "auth_user"."id" = 1 ; args=(1,)
[15/Jun/2015 11:38:38] DEBUG [clients.views:39] 5 days, 21:00:00
[15/Jun/2015 11:38:38] DEBUG [django.db.backends:79] (0.001) SELECT "dela_dela"."id", "dela_dela"."owner_id", "dela_dela"."code", "dela_dela"."topic", "dela_dela"."start", "dela_dela"."finish", "dela_dela"."content", "dela_dela"."result", "dela_dela"."finished", "dela_dela"."attache", "dela_dela"."isdeleted" FROM "dela_dela" WHERE ("dela_dela"."owner_id" = 1  AND "dela_dela"."start" <= '2015-06-09 23:59:59.099999+03:00'  AND "dela_dela"."finish" >= '2015-06-09 00:00:00+03:00'  AND "dela_dela"."isdeleted" = false ); args=(1, u'2015-06-09 23:59:59.099999+03:00', u'2015-06-09 00:00:00+03:00', False)
[15/Jun/2015 11:38:38] DEBUG [django.db.backends:79] (0.001) SELECT "clients_client"."id", "clients_client"."owner_id", "clients_client"."parent_id", "clients_client"."isfolder", "clients_client"."code", "clients_client"."name", "clients_client"."iscompany", "clients_client"."INN", "clients_client"."KPP", "clients_client"."email", "clients_client"."uradress", "clients_client"."factadress", "clients_client"."phone", "clients_client"."fax", "clients_client"."site", "clients_client"."isdeleted", "clients_client"."region_id", "clients_client"."categoty_id", "clients_client"."reltype_id" FROM "clients_client" WHERE ("clients_client"."parent_id" IS NULL AND "clients_client"."isdeleted" = false  AND "clients_client"."owner_id" = 1 ); args=(False, 1)
[15/Jun/2015 11:38:38] DEBUG [utils.Jdatatable:22] [<Client: (1)000000001 Трафик>, <Client: (11)000000002 Джумбо>, <Client: (27)000000003 Медимпекс>, <Client: (31)000000007 АМА>, <Client: (38)000000014 Burnett>, <Client: (43)000000019 Новые>, <Client: (53)000000027 Эко-Консалт>]
[15/Jun/2015 11:38:38] DEBUG [utils.Jdatatable:22] []
[15/Jun/2015 11:38:38] DEBUG [utils.Jdatatable:22] []
[15/Jun/2015 11:38:38] DEBUG [django.db.backends:79] (0.000) UPDATE "django_session" SET "session_data" = 'MTcxYjZlMmY1ZmVhMmI1ODMzY2UxMzQyMDhjMTBiOGIwY2VmYTQ4Njp7InRpbWVvZmZzZXQiOjUwNzYwMCwiZGF0ZWlucHV0IjoiMjAxNS0wNi0wNSIsIl9hdXRoX3VzZXJfaWQiOjEsIl9hdXRoX3VzZXJfYmFja2VuZCI6ImRqYW5nby5jb250cmliLmF1dGguYmFja2VuZHMuTW9kZWxCYWNrZW5kIiwicGFyZW50Y29kZSI6IiJ9', "expire_date" = '2015-06-29 08:38:38.054000+00:00' WHERE "django_session"."session_key" = 'qe66n6d9u3vf8aqwr4dpn6rdv7jjh63q' ; args=(u'MTcxYjZlMmY1ZmVhMmI1ODMzY2UxMzQyMDhjMTBiOGIwY2VmYTQ4Njp7InRpbWVvZmZzZXQiOjUwNzYwMCwiZGF0ZWlucHV0IjoiMjAxNS0wNi0wNSIsIl9hdXRoX3VzZXJfaWQiOjEsIl9hdXRoX3VzZXJfYmFja2VuZCI6ImRqYW5nby5jb250cmliLmF1dGguYmFja2VuZHMuTW9kZWxCYWNrZW5kIiwicGFyZW50Y29kZSI6IiJ9', u'2015-06-29 08:38:38.054000+00:00', 'qe66n6d9u3vf8aqwr4dpn6rdv7jjh63q')
[15/Jun/2015 11:38:38] WARNING [django.request:143] Not Found: /favicon.ico
[15/Jun/2015 11:38:39] DEBUG [django.db.backends:79] (0.001) SELECT "django_session"."session_key", "django_session"."session_data", "django_session"."expire_date" FROM "django_session" WHERE ("django_session"."session_key" = 'qe66n6d9u3vf8aqwr4dpn6rdv7jjh63q'  AND "django_session"."expire_date" > '2015-06-15 08:38:38.495000+00:00' ); args=('qe66n6d9u3vf8aqwr4dpn6rdv7jjh63q', u'2015-06-15 08:38:38.495000+00:00')
[15/Jun/2015 11:38:39] DEBUG [django.db.backends:79] (0.001) SELECT "auth_user"."id", "auth_user"."password", "auth_user"."last_login", "auth_user"."is_superuser", "auth_user"."username", "auth_user"."first_name", "auth_user"."last_name", "auth_user"."email", "auth_user"."is_staff", "auth_user"."is_active", "auth_user"."date_joined" FROM "auth_user" WHERE "auth_user"."id" = 1 ; args=(1,)
[15/Jun/2015 11:38:39] DEBUG [dela.views:24] 14220
[15/Jun/2015 11:38:39] DEBUG [dela.views:27] 853200
[15/Jun/2015 11:38:39] DEBUG [clients.views:39] 9 days, 21:00:00
[15/Jun/2015 11:38:39] DEBUG [django.db.backends:79] (0.001) SELECT "dela_dela"."id", "dela_dela"."owner_id", "dela_dela"."code", "dela_dela"."topic", "dela_dela"."start", "dela_dela"."finish", "dela_dela"."content", "dela_dela"."result", "dela_dela"."finished", "dela_dela"."attache", "dela_dela"."isdeleted" FROM "dela_dela" WHERE ("dela_dela"."owner_id" = 1  AND "dela_dela"."start" <= '2015-06-05 23:59:59.099999+03:00'  AND "dela_dela"."finish" >= '2015-06-05 00:00:00+03:00'  AND "dela_dela"."isdeleted" = false ); args=(1, u'2015-06-05 23:59:59.099999+03:00', u'2015-06-05 00:00:00+03:00', False)
[15/Jun/2015 11:38:39] DEBUG [django.db.backends:79] (0.000) SELECT "clients_client"."id", "clients_client"."owner_id", "clients_client"."parent_id", "clients_client"."isfolder", "clients_client"."code", "clients_client"."name", "clients_client"."iscompany", "clients_client"."INN", "clients_client"."KPP", "clients_client"."email", "clients_client"."uradress", "clients_client"."factadress", "clients_client"."phone", "clients_client"."fax", "clients_client"."site", "clients_client"."isdeleted", "clients_client"."region_id", "clients_client"."categoty_id", "clients_client"."reltype_id" FROM "clients_client" WHERE ("clients_client"."parent_id" IS NULL AND "clients_client"."isdeleted" = false  AND "clients_client"."owner_id" = 1 ); args=(False, 1)
[15/Jun/2015 11:38:39] DEBUG [utils.Jdatatable:22] [<Client: (1)000000001 Трафик>, <Client: (11)000000002 Джумбо>, <Client: (27)000000003 Медимпекс>, <Client: (31)000000007 АМА>, <Client: (38)000000014 Burnett>, <Client: (43)000000019 Новые>, <Client: (53)000000027 Эко-Консалт>]
[15/Jun/2015 11:38:39] DEBUG [utils.Jdatatable:22] []
[15/Jun/2015 11:38:39] DEBUG [utils.Jdatatable:22] [<Dela: (40) Подбор Трафик>, <Dela: (38) К Чугаеву>, <Dela: (39) Катя 79500252592>]
[15/Jun/2015 11:38:39] DEBUG [django.db.backends:79] (0.000) UPDATE "django_session" SET "session_data" = 'OWU0ZTg1ZGY1OGNhNjM3YmRkN2I0NmRhNzQzNzlmYWYzYzM3NmU2MTp7InRpbWVvZmZzZXQiOjg1MzIwMCwiZGF0ZWlucHV0IjoiMjAxNS0wNi0wNSIsIl9hdXRoX3VzZXJfYmFja2VuZCI6ImRqYW5nby5jb250cmliLmF1dGguYmFja2VuZHMuTW9kZWxCYWNrZW5kIiwiX2F1dGhfdXNlcl9pZCI6MSwicGFyZW50Y29kZSI6IiJ9', "expire_date" = '2015-06-29 08:38:39.554000+00:00' WHERE "django_session"."session_key" = 'qe66n6d9u3vf8aqwr4dpn6rdv7jjh63q' ; args=(u'OWU0ZTg1ZGY1OGNhNjM3YmRkN2I0NmRhNzQzNzlmYWYzYzM3NmU2MTp7InRpbWVvZmZzZXQiOjg1MzIwMCwiZGF0ZWlucHV0IjoiMjAxNS0wNi0wNSIsIl9hdXRoX3VzZXJfYmFja2VuZCI6ImRqYW5nby5jb250cmliLmF1dGguYmFja2VuZHMuTW9kZWxCYWNrZW5kIiwiX2F1dGhfdXNlcl9pZCI6MSwicGFyZW50Y29kZSI6IiJ9', u'2015-06-29 08:38:39.554000+00:00', 'qe66n6d9u3vf8aqwr4dpn6rdv7jjh63q')
[15/Jun/2015 11:38:42] DEBUG [django.db.backends:79] (0.001) SELECT "django_session"."session_key", "django_session"."session_data", "django_session"."expire_date" FROM "django_session" WHERE ("django_session"."session_key" = 'qe66n6d9u3vf8aqwr4dpn6rdv7jjh63q'  AND "django_session"."expire_date" > '2015-06-15 08:38:41.893000+00:00' ); args=('qe66n6d9u3vf8aqwr4dpn6rdv7jjh63q', u'2015-06-15 08:38:41.893000+00:00')
[15/Jun/2015 11:38:42] DEBUG [django.db.backends:79] (0.001) SELECT "auth_user"."id", "auth_user"."password", "auth_user"."last_login", "auth_user"."is_superuser", "auth_user"."username", "auth_user"."first_name", "auth_user"."last_name", "auth_user"."email", "auth_user"."is_staff", "auth_user"."is_active", "auth_user"."date_joined" FROM "auth_user" WHERE "auth_user"."id" = 1 ; args=(1,)
[15/Jun/2015 11:38:42] DEBUG [dela.views:24] 12780
[15/Jun/2015 11:38:42] DEBUG [dela.views:27] 766800
[15/Jun/2015 11:38:42] DEBUG [clients.views:39] 8 days, 21:00:00
[15/Jun/2015 11:38:42] DEBUG [django.db.backends:79] (0.001) SELECT "dela_dela"."id", "dela_dela"."owner_id", "dela_dela"."code", "dela_dela"."topic", "dela_dela"."start", "dela_dela"."finish", "dela_dela"."content", "dela_dela"."result", "dela_dela"."finished", "dela_dela"."attache", "dela_dela"."isdeleted" FROM "dela_dela" WHERE ("dela_dela"."owner_id" = 1  AND "dela_dela"."start" <= '2015-06-06 23:59:59.099999+03:00'  AND "dela_dela"."finish" >= '2015-06-06 00:00:00+03:00'  AND "dela_dela"."isdeleted" = false ); args=(1, u'2015-06-06 23:59:59.099999+03:00', u'2015-06-06 00:00:00+03:00', False)
[15/Jun/2015 11:38:42] DEBUG [django.db.backends:79] (0.001) SELECT "clients_client"."id", "clients_client"."owner_id", "clients_client"."parent_id", "clients_client"."isfolder", "clients_client"."code", "clients_client"."name", "clients_client"."iscompany", "clients_client"."INN", "clients_client"."KPP", "clients_client"."email", "clients_client"."uradress", "clients_client"."factadress", "clients_client"."phone", "clients_client"."fax", "clients_client"."site", "clients_client"."isdeleted", "clients_client"."region_id", "clients_client"."categoty_id", "clients_client"."reltype_id" FROM "clients_client" WHERE ("clients_client"."parent_id" IS NULL AND "clients_client"."isdeleted" = false  AND "clients_client"."owner_id" = 1 ); args=(False, 1)
[15/Jun/2015 11:38:42] DEBUG [utils.Jdatatable:22] [<Client: (1)000000001 Трафик>, <Client: (11)000000002 Джумбо>, <Client: (27)000000003 Медимпекс>, <Client: (31)000000007 АМА>, <Client: (38)000000014 Burnett>, <Client: (43)000000019 Новые>, <Client: (53)000000027 Эко-Консалт>]
[15/Jun/2015 11:38:42] DEBUG [utils.Jdatatable:22] []
[15/Jun/2015 11:38:42] DEBUG [utils.Jdatatable:22] []
[15/Jun/2015 11:38:42] DEBUG [django.db.backends:79] (0.001) UPDATE "django_session" SET "session_data" = 'ZWZmODQ1OWMzNGViNmQwNDI1YzQ0ZTI4ZmRhZDY1YzIzY2FiNzFjODp7InRpbWVvZmZzZXQiOjc2NjgwMCwiZGF0ZWlucHV0IjoiMjAxNS0wNi0wNiIsIl9hdXRoX3VzZXJfaWQiOjEsIl9hdXRoX3VzZXJfYmFja2VuZCI6ImRqYW5nby5jb250cmliLmF1dGguYmFja2VuZHMuTW9kZWxCYWNrZW5kIiwicGFyZW50Y29kZSI6IiJ9', "expire_date" = '2015-06-29 08:38:42.924000+00:00' WHERE "django_session"."session_key" = 'qe66n6d9u3vf8aqwr4dpn6rdv7jjh63q' ; args=(u'ZWZmODQ1OWMzNGViNmQwNDI1YzQ0ZTI4ZmRhZDY1YzIzY2FiNzFjODp7InRpbWVvZmZzZXQiOjc2NjgwMCwiZGF0ZWlucHV0IjoiMjAxNS0wNi0wNiIsIl9hdXRoX3VzZXJfaWQiOjEsIl9hdXRoX3VzZXJfYmFja2VuZCI6ImRqYW5nby5jb250cmliLmF1dGguYmFja2VuZHMuTW9kZWxCYWNrZW5kIiwicGFyZW50Y29kZSI6IiJ9', u'2015-06-29 08:38:42.924000+00:00', 'qe66n6d9u3vf8aqwr4dpn6rdv7jjh63q')
[15/Jun/2015 11:38:43] DEBUG [django.db.backends:79] (0.001) SELECT "django_session"."session_key", "django_session"."session_data", "django_session"."expire_date" FROM "django_session" WHERE ("django_session"."session_key" = 'qe66n6d9u3vf8aqwr4dpn6rdv7jjh63q'  AND "django_session"."expire_date" > '2015-06-15 08:38:42.818000+00:00' ); args=('qe66n6d9u3vf8aqwr4dpn6rdv7jjh63q', u'2015-06-15 08:38:42.818000+00:00')
[15/Jun/2015 11:38:43] DEBUG [django.db.backends:79] (0.001) SELECT "auth_user"."id", "auth_user"."password", "auth_user"."last_login", "auth_user"."is_superuser", "auth_user"."username", "auth_user"."first_name", "auth_user"."last_name", "auth_user"."email", "auth_user"."is_staff", "auth_user"."is_active", "auth_user"."date_joined" FROM "auth_user" WHERE "auth_user"."id" = 1 ; args=(1,)
[15/Jun/2015 11:38:43] DEBUG [dela.views:24] 11340
[15/Jun/2015 11:38:43] DEBUG [dela.views:27] 680400
[15/Jun/2015 11:38:43] DEBUG [clients.views:39] 7 days, 21:00:00
[15/Jun/2015 11:38:43] DEBUG [django.db.backends:79] (0.001) SELECT "dela_dela"."id", "dela_dela"."owner_id", "dela_dela"."code", "dela_dela"."topic", "dela_dela"."start", "dela_dela"."finish", "dela_dela"."content", "dela_dela"."result", "dela_dela"."finished", "dela_dela"."attache", "dela_dela"."isdeleted" FROM "dela_dela" WHERE ("dela_dela"."owner_id" = 1  AND "dela_dela"."start" <= '2015-06-07 23:59:59.099999+03:00'  AND "dela_dela"."finish" >= '2015-06-07 00:00:00+03:00'  AND "dela_dela"."isdeleted" = false ); args=(1, u'2015-06-07 23:59:59.099999+03:00', u'2015-06-07 00:00:00+03:00', False)
[15/Jun/2015 11:38:43] DEBUG [django.db.backends:79] (0.001) SELECT "clients_client"."id", "clients_client"."owner_id", "clients_client"."parent_id", "clients_client"."isfolder", "clients_client"."code", "clients_client"."name", "clients_client"."iscompany", "clients_client"."INN", "clients_client"."KPP", "clients_client"."email", "clients_client"."uradress", "clients_client"."factadress", "clients_client"."phone", "clients_client"."fax", "clients_client"."site", "clients_client"."isdeleted", "clients_client"."region_id", "clients_client"."categoty_id", "clients_client"."reltype_id" FROM "clients_client" WHERE ("clients_client"."parent_id" IS NULL AND "clients_client"."isdeleted" = false  AND "clients_client"."owner_id" = 1 ); args=(False, 1)
[15/Jun/2015 11:38:43] DEBUG [utils.Jdatatable:22] [<Client: (1)000000001 Трафик>, <Client: (11)000000002 Джумбо>, <Client: (27)000000003 Медимпекс>, <Client: (31)000000007 АМА>, <Client: (38)000000014 Burnett>, <Client: (43)000000019 Новые>, <Client: (53)000000027 Эко-Консалт>]
[15/Jun/2015 11:38:43] DEBUG [utils.Jdatatable:22] []
[15/Jun/2015 11:38:43] DEBUG [utils.Jdatatable:22] []
[15/Jun/2015 11:38:43] DEBUG [django.db.backends:79] (0.000) UPDATE "django_session" SET "session_data" = 'ZWJlMzAzYzg3YTI2ZjZjOTg4OTRmOWJhNTQyNDE0MjVjYWJkMGVkODp7InRpbWVvZmZzZXQiOjY4MDQwMCwiZGF0ZWlucHV0IjoiMjAxNS0wNi0wNyIsIl9hdXRoX3VzZXJfYmFja2VuZCI6ImRqYW5nby5jb250cmliLmF1dGguYmFja2VuZHMuTW9kZWxCYWNrZW5kIiwiX2F1dGhfdXNlcl9pZCI6MSwicGFyZW50Y29kZSI6IiJ9', "expire_date" = '2015-06-29 08:38:43.853000+00:00' WHERE "django_session"."session_key" = 'qe66n6d9u3vf8aqwr4dpn6rdv7jjh63q' ; args=(u'ZWJlMzAzYzg3YTI2ZjZjOTg4OTRmOWJhNTQyNDE0MjVjYWJkMGVkODp7InRpbWVvZmZzZXQiOjY4MDQwMCwiZGF0ZWlucHV0IjoiMjAxNS0wNi0wNyIsIl9hdXRoX3VzZXJfYmFja2VuZCI6ImRqYW5nby5jb250cmliLmF1dGguYmFja2VuZHMuTW9kZWxCYWNrZW5kIiwiX2F1dGhfdXNlcl9pZCI6MSwicGFyZW50Y29kZSI6IiJ9', u'2015-06-29 08:38:43.853000+00:00', 'qe66n6d9u3vf8aqwr4dpn6rdv7jjh63q')
[15/Jun/2015 11:38:44] DEBUG [django.db.backends:79] (0.001) SELECT "django_session"."session_key", "django_session"."session_data", "django_session"."expire_date" FROM "django_session" WHERE ("django_session"."session_key" = 'qe66n6d9u3vf8aqwr4dpn6rdv7jjh63q'  AND "django_session"."expire_date" > '2015-06-15 08:38:43.297000+00:00' ); args=('qe66n6d9u3vf8aqwr4dpn6rdv7jjh63q', u'2015-06-15 08:38:43.297000+00:00')
[15/Jun/2015 11:38:44] DEBUG [django.db.backends:79] (0.000) SELECT "auth_user"."id", "auth_user"."password", "auth_user"."last_login", "auth_user"."is_superuser", "auth_user"."username", "auth_user"."first_name", "auth_user"."last_name", "auth_user"."email", "auth_user"."is_staff", "auth_user"."is_active", "auth_user"."date_joined" FROM "auth_user" WHERE "auth_user"."id" = 1 ; args=(1,)
[15/Jun/2015 11:38:44] DEBUG [dela.views:24] 9900
[15/Jun/2015 11:38:44] DEBUG [dela.views:27] 594000
[15/Jun/2015 11:38:44] DEBUG [clients.views:39] 6 days, 21:00:00
[15/Jun/2015 11:38:44] DEBUG [django.db.backends:79] (0.001) SELECT "dela_dela"."id", "dela_dela"."owner_id", "dela_dela"."code", "dela_dela"."topic", "dela_dela"."start", "dela_dela"."finish", "dela_dela"."content", "dela_dela"."result", "dela_dela"."finished", "dela_dela"."attache", "dela_dela"."isdeleted" FROM "dela_dela" WHERE ("dela_dela"."owner_id" = 1  AND "dela_dela"."start" <= '2015-06-08 23:59:59.099999+03:00'  AND "dela_dela"."finish" >= '2015-06-08 00:00:00+03:00'  AND "dela_dela"."isdeleted" = false ); args=(1, u'2015-06-08 23:59:59.099999+03:00', u'2015-06-08 00:00:00+03:00', False)
[15/Jun/2015 11:38:44] DEBUG [django.db.backends:79] (0.001) SELECT "clients_client"."id", "clients_client"."owner_id", "clients_client"."parent_id", "clients_client"."isfolder", "clients_client"."code", "clients_client"."name", "clients_client"."iscompany", "clients_client"."INN", "clients_client"."KPP", "clients_client"."email", "clients_client"."uradress", "clients_client"."factadress", "clients_client"."phone", "clients_client"."fax", "clients_client"."site", "clients_client"."isdeleted", "clients_client"."region_id", "clients_client"."categoty_id", "clients_client"."reltype_id" FROM "clients_client" WHERE ("clients_client"."parent_id" IS NULL AND "clients_client"."isdeleted" = false  AND "clients_client"."owner_id" = 1 ); args=(False, 1)
[15/Jun/2015 11:38:44] DEBUG [utils.Jdatatable:22] [<Client: (1)000000001 Трафик>, <Client: (11)000000002 Джумбо>, <Client: (27)000000003 Медимпекс>, <Client: (31)000000007 АМА>, <Client: (38)000000014 Burnett>, <Client: (43)000000019 Новые>, <Client: (53)000000027 Эко-Консалт>]
[15/Jun/2015 11:38:44] DEBUG [utils.Jdatatable:22] []
[15/Jun/2015 11:38:44] DEBUG [utils.Jdatatable:22] []
[15/Jun/2015 11:38:44] DEBUG [django.db.backends:79] (0.001) UPDATE "django_session" SET "session_data" = 'NTA5OTZmZTlmZmE5MzUxZGJmYmM2YzE0ZTc0YjFmNWYwZjZlMTJiMDp7InRpbWVvZmZzZXQiOjU5NDAwMCwiZGF0ZWlucHV0IjoiMjAxNS0wNi0wOCIsIl9hdXRoX3VzZXJfaWQiOjEsIl9hdXRoX3VzZXJfYmFja2VuZCI6ImRqYW5nby5jb250cmliLmF1dGguYmFja2VuZHMuTW9kZWxCYWNrZW5kIiwicGFyZW50Y29kZSI6IiJ9', "expire_date" = '2015-06-29 08:38:44.339000+00:00' WHERE "django_session"."session_key" = 'qe66n6d9u3vf8aqwr4dpn6rdv7jjh63q' ; args=(u'NTA5OTZmZTlmZmE5MzUxZGJmYmM2YzE0ZTc0YjFmNWYwZjZlMTJiMDp7InRpbWVvZmZzZXQiOjU5NDAwMCwiZGF0ZWlucHV0IjoiMjAxNS0wNi0wOCIsIl9hdXRoX3VzZXJfaWQiOjEsIl9hdXRoX3VzZXJfYmFja2VuZCI6ImRqYW5nby5jb250cmliLmF1dGguYmFja2VuZHMuTW9kZWxCYWNrZW5kIiwicGFyZW50Y29kZSI6IiJ9', u'2015-06-29 08:38:44.339000+00:00', 'qe66n6d9u3vf8aqwr4dpn6rdv7jjh63q')
[15/Jun/2015 11:38:44] DEBUG [django.db.backends:79] (0.001) SELECT "django_session"."session_key", "django_session"."session_data", "django_session"."expire_date" FROM "django_session" WHERE ("django_session"."session_key" = 'qe66n6d9u3vf8aqwr4dpn6rdv7jjh63q'  AND "django_session"."expire_date" > '2015-06-15 08:38:43.680000+00:00' ); args=('qe66n6d9u3vf8aqwr4dpn6rdv7jjh63q', u'2015-06-15 08:38:43.680000+00:00')
[15/Jun/2015 11:38:44] DEBUG [django.db.backends:79] (0.000) SELECT "auth_user"."id", "auth_user"."password", "auth_user"."last_login", "auth_user"."is_superuser", "auth_user"."username", "auth_user"."first_name", "auth_user"."last_name", "auth_user"."email", "auth_user"."is_staff", "auth_user"."is_active", "auth_user"."date_joined" FROM "auth_user" WHERE "auth_user"."id" = 1 ; args=(1,)
[15/Jun/2015 11:38:44] DEBUG [dela.views:24] 8460
[15/Jun/2015 11:38:44] DEBUG [dela.views:27] 507600
[15/Jun/2015 11:38:44] DEBUG [clients.views:39] 5 days, 21:00:00
[15/Jun/2015 11:38:44] DEBUG [django.db.backends:79] (0.001) SELECT "dela_dela"."id", "dela_dela"."owner_id", "dela_dela"."code", "dela_dela"."topic", "dela_dela"."start", "dela_dela"."finish", "dela_dela"."content", "dela_dela"."result", "dela_dela"."finished", "dela_dela"."attache", "dela_dela"."isdeleted" FROM "dela_dela" WHERE ("dela_dela"."owner_id" = 1  AND "dela_dela"."start" <= '2015-06-09 23:59:59.099999+03:00'  AND "dela_dela"."finish" >= '2015-06-09 00:00:00+03:00'  AND "dela_dela"."isdeleted" = false ); args=(1, u'2015-06-09 23:59:59.099999+03:00', u'2015-06-09 00:00:00+03:00', False)
[15/Jun/2015 11:38:44] DEBUG [django.db.backends:79] (0.000) SELECT "clients_client"."id", "clients_client"."owner_id", "clients_client"."parent_id", "clients_client"."isfolder", "clients_client"."code", "clients_client"."name", "clients_client"."iscompany", "clients_client"."INN", "clients_client"."KPP", "clients_client"."email", "clients_client"."uradress", "clients_client"."factadress", "clients_client"."phone", "clients_client"."fax", "clients_client"."site", "clients_client"."isdeleted", "clients_client"."region_id", "clients_client"."categoty_id", "clients_client"."reltype_id" FROM "clients_client" WHERE ("clients_client"."parent_id" IS NULL AND "clients_client"."isdeleted" = false  AND "clients_client"."owner_id" = 1 ); args=(False, 1)
[15/Jun/2015 11:38:44] DEBUG [utils.Jdatatable:22] [<Client: (1)000000001 Трафик>, <Client: (11)000000002 Джумбо>, <Client: (27)000000003 Медимпекс>, <Client: (31)000000007 АМА>, <Client: (38)000000014 Burnett>, <Client: (43)000000019 Новые>, <Client: (53)000000027 Эко-Консалт>]
[15/Jun/2015 11:38:44] DEBUG [utils.Jdatatable:22] []
[15/Jun/2015 11:38:44] DEBUG [utils.Jdatatable:22] []
[15/Jun/2015 11:38:44] DEBUG [django.db.backends:79] (0.000) UPDATE "django_session" SET "session_data" = 'Mzk3ZWFkMDM1OThjZDJkMWJjN2QzN2ZiNjlmNjFkNzI1M2I3YzkzMTp7InRpbWVvZmZzZXQiOjUwNzYwMCwiZGF0ZWlucHV0IjoiMjAxNS0wNi0wOSIsIl9hdXRoX3VzZXJfYmFja2VuZCI6ImRqYW5nby5jb250cmliLmF1dGguYmFja2VuZHMuTW9kZWxCYWNrZW5kIiwiX2F1dGhfdXNlcl9pZCI6MSwicGFyZW50Y29kZSI6IiJ9', "expire_date" = '2015-06-29 08:38:44.708000+00:00' WHERE "django_session"."session_key" = 'qe66n6d9u3vf8aqwr4dpn6rdv7jjh63q' ; args=(u'Mzk3ZWFkMDM1OThjZDJkMWJjN2QzN2ZiNjlmNjFkNzI1M2I3YzkzMTp7InRpbWVvZmZzZXQiOjUwNzYwMCwiZGF0ZWlucHV0IjoiMjAxNS0wNi0wOSIsIl9hdXRoX3VzZXJfYmFja2VuZCI6ImRqYW5nby5jb250cmliLmF1dGguYmFja2VuZHMuTW9kZWxCYWNrZW5kIiwiX2F1dGhfdXNlcl9pZCI6MSwicGFyZW50Y29kZSI6IiJ9', u'2015-06-29 08:38:44.708000+00:00', 'qe66n6d9u3vf8aqwr4dpn6rdv7jjh63q')
[15/Jun/2015 11:38:45] DEBUG [django.db.backends:79] (0.001) SELECT "django_session"."session_key", "django_session"."session_data", "django_session"."expire_date" FROM "django_session" WHERE ("django_session"."session_key" = 'qe66n6d9u3vf8aqwr4dpn6rdv7jjh63q'  AND "django_session"."expire_date" > '2015-06-15 08:38:44.169000+00:00' ); args=('qe66n6d9u3vf8aqwr4dpn6rdv7jjh63q', u'2015-06-15 08:38:44.169000+00:00')
[15/Jun/2015 11:38:45] DEBUG [django.db.backends:79] (0.000) SELECT "auth_user"."id", "auth_user"."password", "auth_user"."last_login", "auth_user"."is_superuser", "auth_user"."username", "auth_user"."first_name", "auth_user"."last_name", "auth_user"."email", "auth_user"."is_staff", "auth_user"."is_active", "auth_user"."date_joined" FROM "auth_user" WHERE "auth_user"."id" = 1 ; args=(1,)
[15/Jun/2015 11:38:45] DEBUG [dela.views:24] 7020
[15/Jun/2015 11:38:45] DEBUG [dela.views:27] 421200
[15/Jun/2015 11:38:45] DEBUG [clients.views:39] 4 days, 21:00:00
[15/Jun/2015 11:38:45] DEBUG [django.db.backends:79] (0.000) SELECT "dela_dela"."id", "dela_dela"."owner_id", "dela_dela"."code", "dela_dela"."topic", "dela_dela"."start", "dela_dela"."finish", "dela_dela"."content", "dela_dela"."result", "dela_dela"."finished", "dela_dela"."attache", "dela_dela"."isdeleted" FROM "dela_dela" WHERE ("dela_dela"."owner_id" = 1  AND "dela_dela"."start" <= '2015-06-10 23:59:59.099999+03:00'  AND "dela_dela"."finish" >= '2015-06-10 00:00:00+03:00'  AND "dela_dela"."isdeleted" = false ); args=(1, u'2015-06-10 23:59:59.099999+03:00', u'2015-06-10 00:00:00+03:00', False)
[15/Jun/2015 11:38:45] DEBUG [django.db.backends:79] (0.001) SELECT "clients_client"."id", "clients_client"."owner_id", "clients_client"."parent_id", "clients_client"."isfolder", "clients_client"."code", "clients_client"."name", "clients_client"."iscompany", "clients_client"."INN", "clients_client"."KPP", "clients_client"."email", "clients_client"."uradress", "clients_client"."factadress", "clients_client"."phone", "clients_client"."fax", "clients_client"."site", "clients_client"."isdeleted", "clients_client"."region_id", "clients_client"."categoty_id", "clients_client"."reltype_id" FROM "clients_client" WHERE ("clients_client"."parent_id" IS NULL AND "clients_client"."isdeleted" = false  AND "clients_client"."owner_id" = 1 ); args=(False, 1)
[15/Jun/2015 11:38:45] DEBUG [utils.Jdatatable:22] [<Client: (1)000000001 Трафик>, <Client: (11)000000002 Джумбо>, <Client: (27)000000003 Медимпекс>, <Client: (31)000000007 АМА>, <Client: (38)000000014 Burnett>, <Client: (43)000000019 Новые>, <Client: (53)000000027 Эко-Консалт>]
[15/Jun/2015 11:38:45] DEBUG [utils.Jdatatable:22] []
[15/Jun/2015 11:38:45] DEBUG [utils.Jdatatable:22] []
[15/Jun/2015 11:38:45] DEBUG [django.db.backends:79] (0.000) UPDATE "django_session" SET "session_data" = 'OTljNzQ1ODMwMjBlZDU0MTAzZGQ3OWMzZWY5ZjQ2N2M1YjZmNGEyODp7InRpbWVvZmZzZXQiOjQyMTIwMCwiZGF0ZWlucHV0IjoiMjAxNS0wNi0xMCIsIl9hdXRoX3VzZXJfaWQiOjEsIl9hdXRoX3VzZXJfYmFja2VuZCI6ImRqYW5nby5jb250cmliLmF1dGguYmFja2VuZHMuTW9kZWxCYWNrZW5kIiwicGFyZW50Y29kZSI6IiJ9', "expire_date" = '2015-06-29 08:38:45.197000+00:00' WHERE "django_session"."session_key" = 'qe66n6d9u3vf8aqwr4dpn6rdv7jjh63q' ; args=(u'OTljNzQ1ODMwMjBlZDU0MTAzZGQ3OWMzZWY5ZjQ2N2M1YjZmNGEyODp7InRpbWVvZmZzZXQiOjQyMTIwMCwiZGF0ZWlucHV0IjoiMjAxNS0wNi0xMCIsIl9hdXRoX3VzZXJfaWQiOjEsIl9hdXRoX3VzZXJfYmFja2VuZCI6ImRqYW5nby5jb250cmliLmF1dGguYmFja2VuZHMuTW9kZWxCYWNrZW5kIiwicGFyZW50Y29kZSI6IiJ9', u'2015-06-29 08:38:45.197000+00:00', 'qe66n6d9u3vf8aqwr4dpn6rdv7jjh63q')
[15/Jun/2015 11:38:45] DEBUG [django.db.backends:79] (0.001) SELECT "django_session"."session_key", "django_session"."session_data", "django_session"."expire_date" FROM "django_session" WHERE ("django_session"."session_key" = 'qe66n6d9u3vf8aqwr4dpn6rdv7jjh63q'  AND "django_session"."expire_date" > '2015-06-15 08:38:44.585000+00:00' ); args=('qe66n6d9u3vf8aqwr4dpn6rdv7jjh63q', u'2015-06-15 08:38:44.585000+00:00')
[15/Jun/2015 11:38:45] DEBUG [django.db.backends:79] (0.000) SELECT "auth_user"."id", "auth_user"."password", "auth_user"."last_login", "auth_user"."is_superuser", "auth_user"."username", "auth_user"."first_name", "auth_user"."last_name", "auth_user"."email", "auth_user"."is_staff", "auth_user"."is_active", "auth_user"."date_joined" FROM "auth_user" WHERE "auth_user"."id" = 1 ; args=(1,)
[15/Jun/2015 11:38:45] DEBUG [dela.views:24] 5580
[15/Jun/2015 11:38:45] DEBUG [dela.views:27] 334800
[15/Jun/2015 11:38:45] DEBUG [clients.views:39] 3 days, 21:00:00
[15/Jun/2015 11:38:45] DEBUG [django.db.backends:79] (0.001) SELECT "dela_dela"."id", "dela_dela"."owner_id", "dela_dela"."code", "dela_dela"."topic", "dela_dela"."start", "dela_dela"."finish", "dela_dela"."content", "dela_dela"."result", "dela_dela"."finished", "dela_dela"."attache", "dela_dela"."isdeleted" FROM "dela_dela" WHERE ("dela_dela"."owner_id" = 1  AND "dela_dela"."start" <= '2015-06-11 23:59:59.099999+03:00'  AND "dela_dela"."finish" >= '2015-06-11 00:00:00+03:00'  AND "dela_dela"."isdeleted" = false ); args=(1, u'2015-06-11 23:59:59.099999+03:00', u'2015-06-11 00:00:00+03:00', False)
[15/Jun/2015 11:38:45] DEBUG [django.db.backends:79] (0.000) SELECT "clients_client"."id", "clients_client"."owner_id", "clients_client"."parent_id", "clients_client"."isfolder", "clients_client"."code", "clients_client"."name", "clients_client"."iscompany", "clients_client"."INN", "clients_client"."KPP", "clients_client"."email", "clients_client"."uradress", "clients_client"."factadress", "clients_client"."phone", "clients_client"."fax", "clients_client"."site", "clients_client"."isdeleted", "clients_client"."region_id", "clients_client"."categoty_id", "clients_client"."reltype_id" FROM "clients_client" WHERE ("clients_client"."parent_id" IS NULL AND "clients_client"."isdeleted" = false  AND "clients_client"."owner_id" = 1 ); args=(False, 1)
[15/Jun/2015 11:38:45] DEBUG [utils.Jdatatable:22] [<Client: (1)000000001 Трафик>, <Client: (11)000000002 Джумбо>, <Client: (27)000000003 Медимпекс>, <Client: (31)000000007 АМА>, <Client: (38)000000014 Burnett>, <Client: (43)000000019 Новые>, <Client: (53)000000027 Эко-Консалт>]
[15/Jun/2015 11:38:45] DEBUG [utils.Jdatatable:22] []
[15/Jun/2015 11:38:45] DEBUG [utils.Jdatatable:22] [<Dela: (41) Тест>]
[15/Jun/2015 11:38:45] DEBUG [django.db.backends:79] (0.000) UPDATE "django_session" SET "session_data" = 'MDEyZmY5M2I4OTdmY2E2NzE3YmE5MzFjZTRlMDE5NmRjNGEyMjkxMzp7InRpbWVvZmZzZXQiOjMzNDgwMCwiZGF0ZWlucHV0IjoiMjAxNS0wNi0xMSIsIl9hdXRoX3VzZXJfYmFja2VuZCI6ImRqYW5nby5jb250cmliLmF1dGguYmFja2VuZHMuTW9kZWxCYWNrZW5kIiwiX2F1dGhfdXNlcl9pZCI6MSwicGFyZW50Y29kZSI6IiJ9', "expire_date" = '2015-06-29 08:38:45.614000+00:00' WHERE "django_session"."session_key" = 'qe66n6d9u3vf8aqwr4dpn6rdv7jjh63q' ; args=(u'MDEyZmY5M2I4OTdmY2E2NzE3YmE5MzFjZTRlMDE5NmRjNGEyMjkxMzp7InRpbWVvZmZzZXQiOjMzNDgwMCwiZGF0ZWlucHV0IjoiMjAxNS0wNi0xMSIsIl9hdXRoX3VzZXJfYmFja2VuZCI6ImRqYW5nby5jb250cmliLmF1dGguYmFja2VuZHMuTW9kZWxCYWNrZW5kIiwiX2F1dGhfdXNlcl9pZCI6MSwicGFyZW50Y29kZSI6IiJ9', u'2015-06-29 08:38:45.614000+00:00', 'qe66n6d9u3vf8aqwr4dpn6rdv7jjh63q')
[15/Jun/2015 11:38:46] DEBUG [django.db.backends:79] (0.002) SELECT "django_session"."session_key", "django_session"."session_data", "django_session"."expire_date" FROM "django_session" WHERE ("django_session"."session_key" = 'qe66n6d9u3vf8aqwr4dpn6rdv7jjh63q'  AND "django_session"."expire_date" > '2015-06-15 08:38:45.545000+00:00' ); args=('qe66n6d9u3vf8aqwr4dpn6rdv7jjh63q', u'2015-06-15 08:38:45.545000+00:00')
[15/Jun/2015 11:38:46] DEBUG [django.db.backends:79] (0.001) SELECT "auth_user"."id", "auth_user"."password", "auth_user"."last_login", "auth_user"."is_superuser", "auth_user"."username", "auth_user"."first_name", "auth_user"."last_name", "auth_user"."email", "auth_user"."is_staff", "auth_user"."is_active", "auth_user"."date_joined" FROM "auth_user" WHERE "auth_user"."id" = 1 ; args=(1,)
[15/Jun/2015 11:38:46] DEBUG [dela.views:24] 4140
[15/Jun/2015 11:38:46] DEBUG [dela.views:27] 248400
[15/Jun/2015 11:38:46] DEBUG [clients.views:39] 2 days, 21:00:00
[15/Jun/2015 11:38:46] DEBUG [django.db.backends:79] (0.001) SELECT "dela_dela"."id", "dela_dela"."owner_id", "dela_dela"."code", "dela_dela"."topic", "dela_dela"."start", "dela_dela"."finish", "dela_dela"."content", "dela_dela"."result", "dela_dela"."finished", "dela_dela"."attache", "dela_dela"."isdeleted" FROM "dela_dela" WHERE ("dela_dela"."owner_id" = 1  AND "dela_dela"."start" <= '2015-06-12 23:59:59.099999+03:00'  AND "dela_dela"."finish" >= '2015-06-12 00:00:00+03:00'  AND "dela_dela"."isdeleted" = false ); args=(1, u'2015-06-12 23:59:59.099999+03:00', u'2015-06-12 00:00:00+03:00', False)
[15/Jun/2015 11:38:46] DEBUG [django.db.backends:79] (0.001) SELECT "clients_client"."id", "clients_client"."owner_id", "clients_client"."parent_id", "clients_client"."isfolder", "clients_client"."code", "clients_client"."name", "clients_client"."iscompany", "clients_client"."INN", "clients_client"."KPP", "clients_client"."email", "clients_client"."uradress", "clients_client"."factadress", "clients_client"."phone", "clients_client"."fax", "clients_client"."site", "clients_client"."isdeleted", "clients_client"."region_id", "clients_client"."categoty_id", "clients_client"."reltype_id" FROM "clients_client" WHERE ("clients_client"."parent_id" IS NULL AND "clients_client"."isdeleted" = false  AND "clients_client"."owner_id" = 1 ); args=(False, 1)
[15/Jun/2015 11:38:46] DEBUG [utils.Jdatatable:22] [<Client: (1)000000001 Трафик>, <Client: (11)000000002 Джумбо>, <Client: (27)000000003 Медимпекс>, <Client: (31)000000007 АМА>, <Client: (38)000000014 Burnett>, <Client: (43)000000019 Новые>, <Client: (53)000000027 Эко-Консалт>]
[15/Jun/2015 11:38:46] DEBUG [utils.Jdatatable:22] []
[15/Jun/2015 11:38:46] DEBUG [utils.Jdatatable:22] []
[15/Jun/2015 11:38:46] DEBUG [django.db.backends:79] (0.001) UPDATE "django_session" SET "session_data" = 'ODg0MGRhYjQ3MjU1OGVhMjA4NDM4ZjA1ZTYzYmY2YzU1OWUxZjdhNzp7InRpbWVvZmZzZXQiOjI0ODQwMCwiZGF0ZWlucHV0IjoiMjAxNS0wNi0xMiIsIl9hdXRoX3VzZXJfaWQiOjEsIl9hdXRoX3VzZXJfYmFja2VuZCI6ImRqYW5nby5jb250cmliLmF1dGguYmFja2VuZHMuTW9kZWxCYWNrZW5kIiwicGFyZW50Y29kZSI6IiJ9', "expire_date" = '2015-06-29 08:38:46.598000+00:00' WHERE "django_session"."session_key" = 'qe66n6d9u3vf8aqwr4dpn6rdv7jjh63q' ; args=(u'ODg0MGRhYjQ3MjU1OGVhMjA4NDM4ZjA1ZTYzYmY2YzU1OWUxZjdhNzp7InRpbWVvZmZzZXQiOjI0ODQwMCwiZGF0ZWlucHV0IjoiMjAxNS0wNi0xMiIsIl9hdXRoX3VzZXJfaWQiOjEsIl9hdXRoX3VzZXJfYmFja2VuZCI6ImRqYW5nby5jb250cmliLmF1dGguYmFja2VuZHMuTW9kZWxCYWNrZW5kIiwicGFyZW50Y29kZSI6IiJ9', u'2015-06-29 08:38:46.598000+00:00', 'qe66n6d9u3vf8aqwr4dpn6rdv7jjh63q')
[15/Jun/2015 11:38:50] DEBUG [django.db.backends:79] (0.001) SELECT "django_session"."session_key", "django_session"."session_data", "django_session"."expire_date" FROM "django_session" WHERE ("django_session"."session_key" = 'qe66n6d9u3vf8aqwr4dpn6rdv7jjh63q'  AND "django_session"."expire_date" > '2015-06-15 08:38:49.249000+00:00' ); args=('qe66n6d9u3vf8aqwr4dpn6rdv7jjh63q', u'2015-06-15 08:38:49.249000+00:00')
[15/Jun/2015 11:38:50] DEBUG [django.db.backends:79] (0.000) SELECT "auth_user"."id", "auth_user"."password", "auth_user"."last_login", "auth_user"."is_superuser", "auth_user"."username", "auth_user"."first_name", "auth_user"."last_name", "auth_user"."email", "auth_user"."is_staff", "auth_user"."is_active", "auth_user"."date_joined" FROM "auth_user" WHERE "auth_user"."id" = 1 ; args=(1,)
[15/Jun/2015 11:38:50] DEBUG [dela.views:24] 2700
[15/Jun/2015 11:38:50] DEBUG [dela.views:27] 162000
[15/Jun/2015 11:38:50] DEBUG [clients.views:39] 1 day, 21:00:00
[15/Jun/2015 11:38:50] DEBUG [django.db.backends:79] (0.001) SELECT "dela_dela"."id", "dela_dela"."owner_id", "dela_dela"."code", "dela_dela"."topic", "dela_dela"."start", "dela_dela"."finish", "dela_dela"."content", "dela_dela"."result", "dela_dela"."finished", "dela_dela"."attache", "dela_dela"."isdeleted" FROM "dela_dela" WHERE ("dela_dela"."owner_id" = 1  AND "dela_dela"."start" <= '2015-06-13 23:59:59.099999+03:00'  AND "dela_dela"."finish" >= '2015-06-13 00:00:00+03:00'  AND "dela_dela"."isdeleted" = false ); args=(1, u'2015-06-13 23:59:59.099999+03:00', u'2015-06-13 00:00:00+03:00', False)
[15/Jun/2015 11:38:50] DEBUG [django.db.backends:79] (0.001) SELECT "clients_client"."id", "clients_client"."owner_id", "clients_client"."parent_id", "clients_client"."isfolder", "clients_client"."code", "clients_client"."name", "clients_client"."iscompany", "clients_client"."INN", "clients_client"."KPP", "clients_client"."email", "clients_client"."uradress", "clients_client"."factadress", "clients_client"."phone", "clients_client"."fax", "clients_client"."site", "clients_client"."isdeleted", "clients_client"."region_id", "clients_client"."categoty_id", "clients_client"."reltype_id" FROM "clients_client" WHERE ("clients_client"."parent_id" IS NULL AND "clients_client"."isdeleted" = false  AND "clients_client"."owner_id" = 1 ); args=(False, 1)
[15/Jun/2015 11:38:50] DEBUG [utils.Jdatatable:22] [<Client: (1)000000001 Трафик>, <Client: (11)000000002 Джумбо>, <Client: (27)000000003 Медимпекс>, <Client: (31)000000007 АМА>, <Client: (38)000000014 Burnett>, <Client: (43)000000019 Новые>, <Client: (53)000000027 Эко-Консалт>]
[15/Jun/2015 11:38:50] DEBUG [utils.Jdatatable:22] []
[15/Jun/2015 11:38:50] DEBUG [utils.Jdatatable:22] []
[15/Jun/2015 11:38:50] DEBUG [django.db.backends:79] (0.001) UPDATE "django_session" SET "session_data" = 'OTUzNGM0NWU1YjBhODQ5MTVlMGJlN2Q0ZmE5MDcxNTAwMGQxNjdiMzp7InRpbWVvZmZzZXQiOjE2MjAwMCwiZGF0ZWlucHV0IjoiMjAxNS0wNi0xMyIsIl9hdXRoX3VzZXJfYmFja2VuZCI6ImRqYW5nby5jb250cmliLmF1dGguYmFja2VuZHMuTW9kZWxCYWNrZW5kIiwiX2F1dGhfdXNlcl9pZCI6MSwicGFyZW50Y29kZSI6IiJ9', "expire_date" = '2015-06-29 08:38:50.299000+00:00' WHERE "django_session"."session_key" = 'qe66n6d9u3vf8aqwr4dpn6rdv7jjh63q' ; args=(u'OTUzNGM0NWU1YjBhODQ5MTVlMGJlN2Q0ZmE5MDcxNTAwMGQxNjdiMzp7InRpbWVvZmZzZXQiOjE2MjAwMCwiZGF0ZWlucHV0IjoiMjAxNS0wNi0xMyIsIl9hdXRoX3VzZXJfYmFja2VuZCI6ImRqYW5nby5jb250cmliLmF1dGguYmFja2VuZHMuTW9kZWxCYWNrZW5kIiwiX2F1dGhfdXNlcl9pZCI6MSwicGFyZW50Y29kZSI6IiJ9', u'2015-06-29 08:38:50.299000+00:00', 'qe66n6d9u3vf8aqwr4dpn6rdv7jjh63q')
[15/Jun/2015 11:38:50] DEBUG [django.db.backends:79] (0.001) SELECT "django_session"."session_key", "django_session"."session_data", "django_session"."expire_date" FROM "django_session" WHERE ("django_session"."session_key" = 'qe66n6d9u3vf8aqwr4dpn6rdv7jjh63q'  AND "django_session"."expire_date" > '2015-06-15 08:38:49.632000+00:00' ); args=('qe66n6d9u3vf8aqwr4dpn6rdv7jjh63q', u'2015-06-15 08:38:49.632000+00:00')
[15/Jun/2015 11:38:50] DEBUG [django.db.backends:79] (0.001) SELECT "auth_user"."id", "auth_user"."password", "auth_user"."last_login", "auth_user"."is_superuser", "auth_user"."username", "auth_user"."first_name", "auth_user"."last_name", "auth_user"."email", "auth_user"."is_staff", "auth_user"."is_active", "auth_user"."date_joined" FROM "auth_user" WHERE "auth_user"."id" = 1 ; args=(1,)
[15/Jun/2015 11:38:50] DEBUG [dela.views:24] 1260
[15/Jun/2015 11:38:50] DEBUG [dela.views:27] 75600
[15/Jun/2015 11:38:50] DEBUG [clients.views:39] 21:00:00
[15/Jun/2015 11:38:50] DEBUG [django.db.backends:79] (0.001) SELECT "dela_dela"."id", "dela_dela"."owner_id", "dela_dela"."code", "dela_dela"."topic", "dela_dela"."start", "dela_dela"."finish", "dela_dela"."content", "dela_dela"."result", "dela_dela"."finished", "dela_dela"."attache", "dela_dela"."isdeleted" FROM "dela_dela" WHERE ("dela_dela"."owner_id" = 1  AND "dela_dela"."start" <= '2015-06-14 23:59:59.099999+03:00'  AND "dela_dela"."finish" >= '2015-06-14 00:00:00+03:00'  AND "dela_dela"."isdeleted" = false ); args=(1, u'2015-06-14 23:59:59.099999+03:00', u'2015-06-14 00:00:00+03:00', False)
[15/Jun/2015 11:38:50] DEBUG [django.db.backends:79] (0.000) SELECT "clients_client"."id", "clients_client"."owner_id", "clients_client"."parent_id", "clients_client"."isfolder", "clients_client"."code", "clients_client"."name", "clients_client"."iscompany", "clients_client"."INN", "clients_client"."KPP", "clients_client"."email", "clients_client"."uradress", "clients_client"."factadress", "clients_client"."phone", "clients_client"."fax", "clients_client"."site", "clients_client"."isdeleted", "clients_client"."region_id", "clients_client"."categoty_id", "clients_client"."reltype_id" FROM "clients_client" WHERE ("clients_client"."parent_id" IS NULL AND "clients_client"."isdeleted" = false  AND "clients_client"."owner_id" = 1 ); args=(False, 1)
[15/Jun/2015 11:38:50] DEBUG [utils.Jdatatable:22] [<Client: (1)000000001 Трафик>, <Client: (11)000000002 Джумбо>, <Client: (27)000000003 Медимпекс>, <Client: (31)000000007 АМА>, <Client: (38)000000014 Burnett>, <Client: (43)000000019 Новые>, <Client: (53)000000027 Эко-Консалт>]
[15/Jun/2015 11:38:50] DEBUG [utils.Jdatatable:22] []
[15/Jun/2015 11:38:50] DEBUG [utils.Jdatatable:22] []
[15/Jun/2015 11:38:50] DEBUG [django.db.backends:79] (0.001) UPDATE "django_session" SET "session_data" = 'MTEzNjUyMDUyNjA4NGE0OTBjODQyMGE3OWIwOTc2MzQzZTIxZmNhNDp7InRpbWVvZmZzZXQiOjc1NjAwLCJkYXRlaW5wdXQiOiIyMDE1LTA2LTE0IiwiX2F1dGhfdXNlcl9pZCI6MSwiX2F1dGhfdXNlcl9iYWNrZW5kIjoiZGphbmdvLmNvbnRyaWIuYXV0aC5iYWNrZW5kcy5Nb2RlbEJhY2tlbmQiLCJwYXJlbnRjb2RlIjoiIn0=', "expire_date" = '2015-06-29 08:38:50.689000+00:00' WHERE "django_session"."session_key" = 'qe66n6d9u3vf8aqwr4dpn6rdv7jjh63q' ; args=(u'MTEzNjUyMDUyNjA4NGE0OTBjODQyMGE3OWIwOTc2MzQzZTIxZmNhNDp7InRpbWVvZmZzZXQiOjc1NjAwLCJkYXRlaW5wdXQiOiIyMDE1LTA2LTE0IiwiX2F1dGhfdXNlcl9pZCI6MSwiX2F1dGhfdXNlcl9iYWNrZW5kIjoiZGphbmdvLmNvbnRyaWIuYXV0aC5iYWNrZW5kcy5Nb2RlbEJhY2tlbmQiLCJwYXJlbnRjb2RlIjoiIn0=', u'2015-06-29 08:38:50.689000+00:00', 'qe66n6d9u3vf8aqwr4dpn6rdv7jjh63q')
[15/Jun/2015 11:38:51] DEBUG [django.db.backends:79] (0.001) SELECT "django_session"."session_key", "django_session"."session_data", "django_session"."expire_date" FROM "django_session" WHERE ("django_session"."session_key" = 'qe66n6d9u3vf8aqwr4dpn6rdv7jjh63q'  AND "django_session"."expire_date" > '2015-06-15 08:38:49.961000+00:00' ); args=('qe66n6d9u3vf8aqwr4dpn6rdv7jjh63q', u'2015-06-15 08:38:49.961000+00:00')
[15/Jun/2015 11:38:51] DEBUG [django.db.backends:79] (0.000) SELECT "auth_user"."id", "auth_user"."password", "auth_user"."last_login", "auth_user"."is_superuser", "auth_user"."username", "auth_user"."first_name", "auth_user"."last_name", "auth_user"."email", "auth_user"."is_staff", "auth_user"."is_active", "auth_user"."date_joined" FROM "auth_user" WHERE "auth_user"."id" = 1 ; args=(1,)
[15/Jun/2015 11:38:51] DEBUG [dela.views:24] -180
[15/Jun/2015 11:38:51] DEBUG [dela.views:27] -10800
[15/Jun/2015 11:38:51] DEBUG [clients.views:39] -1 day, 21:00:00
[15/Jun/2015 11:38:51] DEBUG [django.db.backends:79] (0.001) SELECT "dela_dela"."id", "dela_dela"."owner_id", "dela_dela"."code", "dela_dela"."topic", "dela_dela"."start", "dela_dela"."finish", "dela_dela"."content", "dela_dela"."result", "dela_dela"."finished", "dela_dela"."attache", "dela_dela"."isdeleted" FROM "dela_dela" WHERE ("dela_dela"."owner_id" = 1  AND "dela_dela"."start" <= '2015-06-15 23:59:59.099999+03:00'  AND "dela_dela"."finish" >= '2015-06-15 00:00:00+03:00'  AND "dela_dela"."isdeleted" = false ); args=(1, u'2015-06-15 23:59:59.099999+03:00', u'2015-06-15 00:00:00+03:00', False)
[15/Jun/2015 11:38:51] DEBUG [django.db.backends:79] (0.001) SELECT "clients_client"."id", "clients_client"."owner_id", "clients_client"."parent_id", "clients_client"."isfolder", "clients_client"."code", "clients_client"."name", "clients_client"."iscompany", "clients_client"."INN", "clients_client"."KPP", "clients_client"."email", "clients_client"."uradress", "clients_client"."factadress", "clients_client"."phone", "clients_client"."fax", "clients_client"."site", "clients_client"."isdeleted", "clients_client"."region_id", "clients_client"."categoty_id", "clients_client"."reltype_id" FROM "clients_client" WHERE ("clients_client"."parent_id" IS NULL AND "clients_client"."isdeleted" = false  AND "clients_client"."owner_id" = 1 ); args=(False, 1)
[15/Jun/2015 11:38:51] DEBUG [utils.Jdatatable:22] [<Client: (1)000000001 Трафик>, <Client: (11)000000002 Джумбо>, <Client: (27)000000003 Медимпекс>, <Client: (31)000000007 АМА>, <Client: (38)000000014 Burnett>, <Client: (43)000000019 Новые>, <Client: (53)000000027 Эко-Консалт>]
[15/Jun/2015 11:38:51] DEBUG [utils.Jdatatable:22] []
[15/Jun/2015 11:38:51] DEBUG [utils.Jdatatable:22] []
[15/Jun/2015 11:38:51] DEBUG [django.db.backends:79] (0.000) UPDATE "django_session" SET "session_data" = 'YTAxMTgxZmZhZmIzODZmNWU3ZTY3MzA5NGUzMTRmYWM0ZjM3MDc5NTp7InRpbWVvZmZzZXQiOi0xMDgwMCwiZGF0ZWlucHV0IjoiMjAxNS0wNi0xNSIsIl9hdXRoX3VzZXJfYmFja2VuZCI6ImRqYW5nby5jb250cmliLmF1dGguYmFja2VuZHMuTW9kZWxCYWNrZW5kIiwiX2F1dGhfdXNlcl9pZCI6MSwicGFyZW50Y29kZSI6IiJ9', "expire_date" = '2015-06-29 08:38:51.019000+00:00' WHERE "django_session"."session_key" = 'qe66n6d9u3vf8aqwr4dpn6rdv7jjh63q' ; args=(u'YTAxMTgxZmZhZmIzODZmNWU3ZTY3MzA5NGUzMTRmYWM0ZjM3MDc5NTp7InRpbWVvZmZzZXQiOi0xMDgwMCwiZGF0ZWlucHV0IjoiMjAxNS0wNi0xNSIsIl9hdXRoX3VzZXJfYmFja2VuZCI6ImRqYW5nby5jb250cmliLmF1dGguYmFja2VuZHMuTW9kZWxCYWNrZW5kIiwiX2F1dGhfdXNlcl9pZCI6MSwicGFyZW50Y29kZSI6IiJ9', u'2015-06-29 08:38:51.019000+00:00', 'qe66n6d9u3vf8aqwr4dpn6rdv7jjh63q')
[15/Jun/2015 14:01:36] WARNING [django.request:143] Not Found: /webdav/
[15/Jun/2015 14:21:41] WARNING [django.request:99] Forbidden (CSRF cookie not set.): /
[15/Jun/2015 16:16:29] WARNING [django.request:143] Not Found: /pma/index.php
[15/Jun/2015 17:33:26] WARNING [django.request:143] Not Found: /login.action
[15/Jun/2015 17:44:01] WARNING [django.request:99] Forbidden (CSRF cookie not set.): /
[15/Jun/2015 17:57:09] DEBUG [django.db.backends:79] (0.003) SELECT "django_session"."session_key", "django_session"."session_data", "django_session"."expire_date" FROM "django_session" WHERE ("django_session"."session_key" = 'qe66n6d9u3vf8aqwr4dpn6rdv7jjh63q'  AND "django_session"."expire_date" > '2015-06-15 14:57:08.209000+00:00' ); args=('qe66n6d9u3vf8aqwr4dpn6rdv7jjh63q', u'2015-06-15 14:57:08.209000+00:00')
[15/Jun/2015 17:57:09] DEBUG [django.db.backends:79] (0.001) SELECT "auth_user"."id", "auth_user"."password", "auth_user"."last_login", "auth_user"."is_superuser", "auth_user"."username", "auth_user"."first_name", "auth_user"."last_name", "auth_user"."email", "auth_user"."is_staff", "auth_user"."is_active", "auth_user"."date_joined" FROM "auth_user" WHERE "auth_user"."id" = 1 ; args=(1,)
[15/Jun/2015 17:57:09] DEBUG [utils.Jdatatable:109] Dela_table
[15/Jun/2015 17:57:09] DEBUG [utils.Jdatatable:114] None
[15/Jun/2015 17:57:09] DEBUG [utils.Jdatatable:121] <module 'dela.views' from 'C:/Bitnami/projects/JoomboCRM/dela\views.pyc'>
[15/Jun/2015 17:57:40] DEBUG [django.db.backends:79] (0.002) SELECT "django_session"."session_key", "django_session"."session_data", "django_session"."expire_date" FROM "django_session" WHERE ("django_session"."session_key" = 'qe66n6d9u3vf8aqwr4dpn6rdv7jjh63q'  AND "django_session"."expire_date" > '2015-06-15 14:57:39.671000+00:00' ); args=('qe66n6d9u3vf8aqwr4dpn6rdv7jjh63q', u'2015-06-15 14:57:39.671000+00:00')
[15/Jun/2015 17:57:40] DEBUG [django.db.backends:79] (0.001) SELECT "auth_user"."id", "auth_user"."password", "auth_user"."last_login", "auth_user"."is_superuser", "auth_user"."username", "auth_user"."first_name", "auth_user"."last_name", "auth_user"."email", "auth_user"."is_staff", "auth_user"."is_active", "auth_user"."date_joined" FROM "auth_user" WHERE "auth_user"."id" = 1 ; args=(1,)
[15/Jun/2015 17:57:40] DEBUG [utils.Jdatatable:136] <QueryDict: {u'deladate': [u'2015-06-15'], u'content': [u'\u041e\u0431\u043d\u043e\u0432\u0438\u0442\u044c 1\u0441'], u'code': [u''], u'sendstartsms': [u'on'], u'attache': [u''], u'parentcode': [u''], u'topic': [u'\u041e\u0431\u043d\u043e\u0432\u0438\u0442\u044c 1\u0441'], u'start': [u'2015-06-15T22:00'], u'finished': [u''], u'finish': [u'2015-06-15T22:00'], u'result': [u''], u'csrfmiddlewaretoken': [u'2uwBnf8VKQqRaDgxzZbDanyPS0ZBliqq'], u'model': [u'Dela']}>
[15/Jun/2015 17:57:40] DEBUG [utils.Jdatatable:140] <module 'dela' from 'C:/Bitnami/projects/JoomboCRM/dela\__init__.pyc'>
[15/Jun/2015 17:57:40] DEBUG [django.db.backends:79] (0.001) SELECT "dela_dela"."id", "dela_dela"."owner_id", "dela_dela"."code", "dela_dela"."topic", "dela_dela"."start", "dela_dela"."finish", "dela_dela"."content", "dela_dela"."result", "dela_dela"."finished", "dela_dela"."attache", "dela_dela"."isdeleted" FROM "dela_dela" WHERE "dela_dela"."owner_id" = 1 ; args=(1,)
[15/Jun/2015 17:57:40] DEBUG [clients.views:182] [<Dela: (41) Тест>, <Dela: (40) Подбор Трафик>, <Dela: (39) Катя 79500252592>, <Dela: (38) К Чугаеву>, <Dela: (37) Поздравить Рому>, <Dela: (36) Проверка уведомлений>, <Dela: (35) >, <Dela: (34) Ай-Эл-Пи>, <Dela: (33) Вбить медиа план>, <Dela: (32) JoomboCRM отправка SMS и задачи>, <Dela: (31) Обновить Трафик>, <Dela: (30) Подразделения>, <Dela: (29) Позвонить по поводу арбалета>, <Dela: (28) Списание долга>, <Dela: (27) Напомнить про ЗП>, <Dela: (26) Финансы май>, <Dela: (25) >, <Dela: (24) Приласкать мужа>, <Dela: (23) проверить сообщения>, <Dela: (22) проверить сообщения>, <Dela: (21) Финансы май>, <Dela: (20) 1С>, <Dela: (19) Задвоенные контрагенты!>, <Dela: (18) Задвоенные контрагенты!>, <Dela: (17) тест>, <Dela: (16) 111>, <Dela: (15) тестотове>, <Dela: (14) Задвоенные контрагенты!>, <Dela: (13) test>, <Dela: (12) Пустая дата окончания>, <Dela: (11) Сделать сайт ВиллаКурица>, <Dela: (7) Регистрация пользователей>, <Dela: (6) Делаем Выгрузку>, <Dela: (5) Делаем Выгрузку>, <Dela: (4) Делаем Выгрузку>, <Dela: (3) Тренировки>, <Dela: (2) Проверить загрузку файлов>, <Dela: (1) Пустота>]
[15/Jun/2015 17:57:40] DEBUG [clients.views:184] 38
[15/Jun/2015 17:57:40] DEBUG [dela.views:140] <QueryDict: {u'deladate': [u'2015-06-15'], u'content': [u'\u041e\u0431\u043d\u043e\u0432\u0438\u0442\u044c 1\u0441'], u'code': [u''], u'sendstartsms': [u'on'], u'attache': [u''], u'parentcode': [u''], u'topic': [u'\u041e\u0431\u043d\u043e\u0432\u0438\u0442\u044c 1\u0441'], u'start': [u'2015-06-15T22:00'], u'finished': [u''], u'finish': [u'2015-06-15T22:00'], u'result': [u''], u'csrfmiddlewaretoken': [u'2uwBnf8VKQqRaDgxzZbDanyPS0ZBliqq'], u'model': [u'Dela']}>
[15/Jun/2015 17:57:40] DEBUG [django.db.backends:79] (0.003) SELECT COUNT(*) FROM "dela_message" WHERE ("dela_message"."owner_id" = 1  AND "dela_message"."topic" = 'Обновить 1с'  AND "dela_message"."sendtime" = '2015-06-15 22:00:00+03:00' ); args=(1, u'\u041e\u0431\u043d\u043e\u0432\u0438\u0442\u044c 1\u0441', u'2015-06-15 22:00:00+03:00')
[15/Jun/2015 17:57:40] DEBUG [django.db.backends:79] (0.002) INSERT INTO "dela_message" ("owner_id", "topic", "content", "sendtime", "sendsms", "sendmail") VALUES (1, 'Start task: Обновить 1с', 'Обновить 1с', '2015-06-15 22:00:00+03:00', true, false) RETURNING "dela_message"."id"; args=(1, u'Start task: \u041e\u0431\u043d\u043e\u0432\u0438\u0442\u044c 1\u0441', u'\u041e\u0431\u043d\u043e\u0432\u0438\u0442\u044c 1\u0441', u'2015-06-15 22:00:00+03:00', True, False)
[15/Jun/2015 17:57:40] DEBUG [django.db.backends:79] (0.002) INSERT INTO "dela_dela" ("owner_id", "code", "topic", "start", "finish", "content", "result", "finished", "attache", "isdeleted") VALUES (1, '000000039', 'Обновить 1с', '2015-06-15 22:00:00+03:00', '2015-06-15 22:00:00+03:00', 'Обновить 1с', '', NULL, '', false) RETURNING "dela_dela"."id"; args=(1, u'000000039', u'\u041e\u0431\u043d\u043e\u0432\u0438\u0442\u044c 1\u0441', u'2015-06-15 22:00:00+03:00', u'2015-06-15 22:00:00+03:00', u'\u041e\u0431\u043d\u043e\u0432\u0438\u0442\u044c 1\u0441', u'', None, u'', False)
[15/Jun/2015 17:57:40] DEBUG [clients.views:39] -1 day, 21:00:00
[15/Jun/2015 17:57:40] DEBUG [django.db.backends:79] (0.000) SELECT "dela_dela"."id", "dela_dela"."owner_id", "dela_dela"."code", "dela_dela"."topic", "dela_dela"."start", "dela_dela"."finish", "dela_dela"."content", "dela_dela"."result", "dela_dela"."finished", "dela_dela"."attache", "dela_dela"."isdeleted" FROM "dela_dela" WHERE ("dela_dela"."owner_id" = 1  AND "dela_dela"."start" <= '2015-06-15 23:59:59.099999+03:00'  AND "dela_dela"."finish" >= '2015-06-15 00:00:00+03:00'  AND "dela_dela"."isdeleted" = false ); args=(1, u'2015-06-15 23:59:59.099999+03:00', u'2015-06-15 00:00:00+03:00', False)
[15/Jun/2015 17:57:40] DEBUG [django.db.backends:79] (0.000) SELECT "clients_client"."id", "clients_client"."owner_id", "clients_client"."parent_id", "clients_client"."isfolder", "clients_client"."code", "clients_client"."name", "clients_client"."iscompany", "clients_client"."INN", "clients_client"."KPP", "clients_client"."email", "clients_client"."uradress", "clients_client"."factadress", "clients_client"."phone", "clients_client"."fax", "clients_client"."site", "clients_client"."isdeleted", "clients_client"."region_id", "clients_client"."categoty_id", "clients_client"."reltype_id" FROM "clients_client" WHERE ("clients_client"."parent_id" IS NULL AND "clients_client"."isdeleted" = false  AND "clients_client"."owner_id" = 1 ); args=(False, 1)
[15/Jun/2015 17:57:40] DEBUG [utils.Jdatatable:22] [<Client: (1)000000001 Трафик>, <Client: (11)000000002 Джумбо>, <Client: (27)000000003 Медимпекс>, <Client: (31)000000007 АМА>, <Client: (38)000000014 Burnett>, <Client: (43)000000019 Новые>, <Client: (53)000000027 Эко-Консалт>]
[15/Jun/2015 17:57:40] DEBUG [utils.Jdatatable:22] []
[15/Jun/2015 17:57:40] DEBUG [utils.Jdatatable:22] [<Dela: (42) Обновить 1с>]
[15/Jun/2015 17:57:40] DEBUG [django.db.backends:79] (0.001) UPDATE "django_session" SET "session_data" = 'YWMyMzVkZjRiNWM1Njc3OTQwZTEwMDg2ZGM5NTNkN2Y5Njg1MDVhZTp7InRpbWVvZmZzZXQiOi0xMDgwMCwiZGF0ZWlucHV0IjoiMjAxNS0wNi0xNSIsIl9hdXRoX3VzZXJfaWQiOjEsIl9hdXRoX3VzZXJfYmFja2VuZCI6ImRqYW5nby5jb250cmliLmF1dGguYmFja2VuZHMuTW9kZWxCYWNrZW5kIiwicGFyZW50Y29kZSI6IiJ9', "expire_date" = '2015-06-29 14:57:40.786000+00:00' WHERE "django_session"."session_key" = 'qe66n6d9u3vf8aqwr4dpn6rdv7jjh63q' ; args=(u'YWMyMzVkZjRiNWM1Njc3OTQwZTEwMDg2ZGM5NTNkN2Y5Njg1MDVhZTp7InRpbWVvZmZzZXQiOi0xMDgwMCwiZGF0ZWlucHV0IjoiMjAxNS0wNi0xNSIsIl9hdXRoX3VzZXJfaWQiOjEsIl9hdXRoX3VzZXJfYmFja2VuZCI6ImRqYW5nby5jb250cmliLmF1dGguYmFja2VuZHMuTW9kZWxCYWNrZW5kIiwicGFyZW50Y29kZSI6IiJ9', u'2015-06-29 14:57:40.786000+00:00', 'qe66n6d9u3vf8aqwr4dpn6rdv7jjh63q')
