[28/May/2015 13:56:37] DEBUG [django.db.backends:79] (0.019) SELECT "django_session"."session_key", "django_session"."session_data", "django_session"."expire_date" FROM "django_session" WHERE ("django_session"."session_key" = '8653sj7d0uxeptrrhmlyypz9xefvof6h'  AND "django_session"."expire_date" > '2015-05-28 10:56:36.270000+00:00' ); args=('8653sj7d0uxeptrrhmlyypz9xefvof6h', u'2015-05-28 10:56:36.270000+00:00')
[28/May/2015 13:56:37] DEBUG [django.db.backends:79] (0.005) SELECT "auth_user"."id", "auth_user"."password", "auth_user"."last_login", "auth_user"."is_superuser", "auth_user"."username", "auth_user"."first_name", "auth_user"."last_name", "auth_user"."email", "auth_user"."is_staff", "auth_user"."is_active", "auth_user"."date_joined" FROM "auth_user" WHERE "auth_user"."id" = 1 ; args=(1,)
[28/May/2015 13:56:37] DEBUG [django.db.backends:79] (0.005) SELECT "dela_dela"."id", "dela_dela"."owner_id", "dela_dela"."code", "dela_dela"."topic", "dela_dela"."start", "dela_dela"."finish", "dela_dela"."content", "dela_dela"."result", "dela_dela"."finished", "dela_dela"."attache", "dela_dela"."isdeleted" FROM "dela_dela" WHERE ("dela_dela"."owner_id" = 1  AND "dela_dela"."start" <= '2015-05-28 23:59:59.099999+03:00'  AND "dela_dela"."finish" >= '2015-05-28 00:00:00+03:00'  AND "dela_dela"."isdeleted" = false ); args=(1, u'2015-05-28 23:59:59.099999+03:00', u'2015-05-28 00:00:00+03:00', False)
[28/May/2015 13:56:37] DEBUG [django.db.backends:79] (0.006) SELECT "clients_client"."id", "clients_client"."owner_id", "clients_client"."parent_id", "clients_client"."isfolder", "clients_client"."code", "clients_client"."name", "clients_client"."iscompany", "clients_client"."INN", "clients_client"."KPP", "clients_client"."email", "clients_client"."uradress", "clients_client"."factadress", "clients_client"."phone", "clients_client"."fax", "clients_client"."site", "clients_client"."isdeleted", "clients_client"."region_id", "clients_client"."categoty_id", "clients_client"."reltype_id" FROM "clients_client" WHERE ("clients_client"."parent_id" IS NULL AND "clients_client"."isdeleted" = false  AND "clients_client"."owner_id" = 1 ); args=(False, 1)
[28/May/2015 13:56:37] DEBUG [utils.Jdatatable:22] [<Client: (1)000000001 Трафик>, <Client: (11)000000002 Джумбо>, <Client: (27)000000003 Медимпекс>, <Client: (31)000000007 АМА>, <Client: (38)000000014 Burnett>, <Client: (43)000000019 Новые>]
[28/May/2015 13:56:37] DEBUG [utils.Jdatatable:22] []
[28/May/2015 13:56:37] DEBUG [utils.Jdatatable:22] []
[28/May/2015 13:56:37] DEBUG [django.db.backends:79] (0.001) UPDATE "django_session" SET "session_data" = 'NDI1ZWFlZGE2ZTFlYTZkZDI1MWQ5YTBhMzM1Y2I4OWYzN2NlZjQzMjp7InRpbWVvZmZzZXQiOi0xMDgwMCwiZGF0ZWlucHV0IjoiMjAxNS0wNS0yNyIsIl9hdXRoX3VzZXJfaWQiOjEsIl9hdXRoX3VzZXJfYmFja2VuZCI6ImRqYW5nby5jb250cmliLmF1dGguYmFja2VuZHMuTW9kZWxCYWNrZW5kIiwicGFyZW50Y29kZSI6bnVsbH0=', "expire_date" = '2015-06-11 10:56:37.464000+00:00' WHERE "django_session"."session_key" = '8653sj7d0uxeptrrhmlyypz9xefvof6h' ; args=(u'NDI1ZWFlZGE2ZTFlYTZkZDI1MWQ5YTBhMzM1Y2I4OWYzN2NlZjQzMjp7InRpbWVvZmZzZXQiOi0xMDgwMCwiZGF0ZWlucHV0IjoiMjAxNS0wNS0yNyIsIl9hdXRoX3VzZXJfaWQiOjEsIl9hdXRoX3VzZXJfYmFja2VuZCI6ImRqYW5nby5jb250cmliLmF1dGguYmFja2VuZHMuTW9kZWxCYWNrZW5kIiwicGFyZW50Y29kZSI6bnVsbH0=', u'2015-06-11 10:56:37.464000+00:00', '8653sj7d0uxeptrrhmlyypz9xefvof6h')
[28/May/2015 13:56:37] WARNING [django.request:143] Not Found: /favicon.ico
[28/May/2015 13:56:38] DEBUG [django.db.backends:79] (0.001) SELECT "django_session"."session_key", "django_session"."session_data", "django_session"."expire_date" FROM "django_session" WHERE ("django_session"."session_key" = '8653sj7d0uxeptrrhmlyypz9xefvof6h'  AND "django_session"."expire_date" > '2015-05-28 10:56:37.594000+00:00' ); args=('8653sj7d0uxeptrrhmlyypz9xefvof6h', u'2015-05-28 10:56:37.594000+00:00')
[28/May/2015 13:56:38] DEBUG [django.db.backends:79] (0.001) SELECT "auth_user"."id", "auth_user"."password", "auth_user"."last_login", "auth_user"."is_superuser", "auth_user"."username", "auth_user"."first_name", "auth_user"."last_name", "auth_user"."email", "auth_user"."is_staff", "auth_user"."is_active", "auth_user"."date_joined" FROM "auth_user" WHERE "auth_user"."id" = 1 ; args=(1,)
[28/May/2015 13:56:38] DEBUG [dela.views:20] 1260
[28/May/2015 13:56:38] DEBUG [dela.views:23] 75600
[28/May/2015 13:56:38] DEBUG [django.db.backends:79] (0.001) SELECT "dela_dela"."id", "dela_dela"."owner_id", "dela_dela"."code", "dela_dela"."topic", "dela_dela"."start", "dela_dela"."finish", "dela_dela"."content", "dela_dela"."result", "dela_dela"."finished", "dela_dela"."attache", "dela_dela"."isdeleted" FROM "dela_dela" WHERE ("dela_dela"."owner_id" = 1  AND "dela_dela"."start" <= '2015-05-27 23:59:59.099999+03:00'  AND "dela_dela"."finish" >= '2015-05-27 00:00:00+03:00'  AND "dela_dela"."isdeleted" = false ); args=(1, u'2015-05-27 23:59:59.099999+03:00', u'2015-05-27 00:00:00+03:00', False)
[28/May/2015 13:56:38] DEBUG [django.db.backends:79] (0.001) SELECT "clients_client"."id", "clients_client"."owner_id", "clients_client"."parent_id", "clients_client"."isfolder", "clients_client"."code", "clients_client"."name", "clients_client"."iscompany", "clients_client"."INN", "clients_client"."KPP", "clients_client"."email", "clients_client"."uradress", "clients_client"."factadress", "clients_client"."phone", "clients_client"."fax", "clients_client"."site", "clients_client"."isdeleted", "clients_client"."region_id", "clients_client"."categoty_id", "clients_client"."reltype_id" FROM "clients_client" WHERE ("clients_client"."parent_id" IS NULL AND "clients_client"."isdeleted" = false  AND "clients_client"."owner_id" = 1 ); args=(False, 1)
[28/May/2015 13:56:38] DEBUG [utils.Jdatatable:22] [<Client: (1)000000001 Трафик>, <Client: (11)000000002 Джумбо>, <Client: (27)000000003 Медимпекс>, <Client: (31)000000007 АМА>, <Client: (38)000000014 Burnett>, <Client: (43)000000019 Новые>]
[28/May/2015 13:56:38] DEBUG [utils.Jdatatable:22] []
[28/May/2015 13:56:38] DEBUG [utils.Jdatatable:22] []
[28/May/2015 13:56:38] DEBUG [django.db.backends:79] (0.001) UPDATE "django_session" SET "session_data" = 'YmNiZTFjZTZmNzdiNDgyMjQ5MGZkN2M0OGU4ZDY2NzBjMDM4MTY3Njp7InRpbWVvZmZzZXQiOjc1NjAwLCJkYXRlaW5wdXQiOiIyMDE1LTA1LTI3IiwiX2F1dGhfdXNlcl9iYWNrZW5kIjoiZGphbmdvLmNvbnRyaWIuYXV0aC5iYWNrZW5kcy5Nb2RlbEJhY2tlbmQiLCJfYXV0aF91c2VyX2lkIjoxLCJwYXJlbnRjb2RlIjpudWxsfQ==', "expire_date" = '2015-06-11 10:56:38.654000+00:00' WHERE "django_session"."session_key" = '8653sj7d0uxeptrrhmlyypz9xefvof6h' ; args=(u'YmNiZTFjZTZmNzdiNDgyMjQ5MGZkN2M0OGU4ZDY2NzBjMDM4MTY3Njp7InRpbWVvZmZzZXQiOjc1NjAwLCJkYXRlaW5wdXQiOiIyMDE1LTA1LTI3IiwiX2F1dGhfdXNlcl9iYWNrZW5kIjoiZGphbmdvLmNvbnRyaWIuYXV0aC5iYWNrZW5kcy5Nb2RlbEJhY2tlbmQiLCJfYXV0aF91c2VyX2lkIjoxLCJwYXJlbnRjb2RlIjpudWxsfQ==', u'2015-06-11 10:56:38.654000+00:00', '8653sj7d0uxeptrrhmlyypz9xefvof6h')
[28/May/2015 13:56:39] DEBUG [django.db.backends:79] (0.001) SELECT "django_session"."session_key", "django_session"."session_data", "django_session"."expire_date" FROM "django_session" WHERE ("django_session"."session_key" = '8653sj7d0uxeptrrhmlyypz9xefvof6h'  AND "django_session"."expire_date" > '2015-05-28 10:56:38.663000+00:00' ); args=('8653sj7d0uxeptrrhmlyypz9xefvof6h', u'2015-05-28 10:56:38.663000+00:00')
[28/May/2015 13:56:39] DEBUG [django.db.backends:79] (0.001) SELECT "auth_user"."id", "auth_user"."password", "auth_user"."last_login", "auth_user"."is_superuser", "auth_user"."username", "auth_user"."first_name", "auth_user"."last_name", "auth_user"."email", "auth_user"."is_staff", "auth_user"."is_active", "auth_user"."date_joined" FROM "auth_user" WHERE "auth_user"."id" = 1 ; args=(1,)
[28/May/2015 14:45:54] WARNING [django.request:99] Forbidden (CSRF cookie not set.): /
[28/May/2015 14:54:31] WARNING [django.request:99] Forbidden (CSRF cookie not set.): /
[28/May/2015 15:39:35] DEBUG [django.db.backends:79] (0.009) 
            SELECT c.relname
            FROM pg_catalog.pg_class c
            LEFT JOIN pg_catalog.pg_namespace n ON n.oid = c.relnamespace
            WHERE c.relkind IN ('r', 'v', '')
                AND n.nspname NOT IN ('pg_catalog', 'pg_toast')
                AND pg_catalog.pg_table_is_visible(c.oid); args=None
[28/May/2015 15:39:35] DEBUG [django.db.backends:79] (0.033) CREATE TABLE "projects_projects_admins" (
    "id" serial NOT NULL PRIMARY KEY,
    "projects_id" integer NOT NULL,
    "user_id" integer NOT NULL REFERENCES "auth_user" ("id") DEFERRABLE INITIALLY DEFERRED,
    UNIQUE ("projects_id", "user_id")
)
;; args=None
[28/May/2015 15:39:35] DEBUG [django.db.backends:79] (0.005) CREATE TABLE "projects_projects_members" (
    "id" serial NOT NULL PRIMARY KEY,
    "projects_id" integer NOT NULL,
    "user_id" integer NOT NULL REFERENCES "auth_user" ("id") DEFERRABLE INITIALLY DEFERRED,
    UNIQUE ("projects_id", "user_id")
)
;; args=None
[28/May/2015 15:39:35] DEBUG [django.db.backends:79] (0.007) CREATE TABLE "projects_projects" (
    "id" serial NOT NULL PRIMARY KEY,
    "parent_id" integer REFERENCES "projects_projects" ("id") DEFERRABLE INITIALLY DEFERRED,
    "isfolder" boolean NOT NULL,
    "code" varchar(9) NOT NULL,
    "owner_id" integer NOT NULL REFERENCES "auth_user" ("id") DEFERRABLE INITIALLY DEFERRED,
    "start" timestamp with time zone,
    "finish" timestamp with time zone,
    "changedate" timestamp with time zone,
    "createdate" timestamp with time zone,
    "topic" varchar(100) NOT NULL,
    "content" text,
    "progress" numeric(7, 2),
    "isdeleted" boolean NOT NULL
)
;; args=None
[28/May/2015 15:39:35] DEBUG [django.db.backends:79] (0.002) ALTER TABLE "projects_projects_admins" ADD CONSTRAINT "projects_id_refs_id_babc6129" FOREIGN KEY ("projects_id") REFERENCES "projects_projects" ("id") DEFERRABLE INITIALLY DEFERRED;; args=None
[28/May/2015 15:39:35] DEBUG [django.db.backends:79] (0.001) ALTER TABLE "projects_projects_members" ADD CONSTRAINT "projects_id_refs_id_6e42b734" FOREIGN KEY ("projects_id") REFERENCES "projects_projects" ("id") DEFERRABLE INITIALLY DEFERRED;; args=None
[28/May/2015 15:39:35] DEBUG [django.db.backends:79] (0.002) SELECT "django_content_type"."id", "django_content_type"."name", "django_content_type"."app_label", "django_content_type"."model" FROM "django_content_type" WHERE ("django_content_type"."model" = 'logentry'  AND "django_content_type"."app_label" = 'admin' ); args=('logentry', u'admin')
[28/May/2015 15:39:35] DEBUG [django.db.backends:79] (0.003) SELECT "auth_permission"."content_type_id", "auth_permission"."codename" FROM "auth_permission" INNER JOIN "django_content_type" ON ( "auth_permission"."content_type_id" = "django_content_type"."id" ) WHERE "auth_permission"."content_type_id" IN (1) ORDER BY "django_content_type"."app_label" ASC, "django_content_type"."model" ASC, "auth_permission"."codename" ASC; args=(1,)
[28/May/2015 15:39:35] DEBUG [django.db.backends:79] (0.000) SELECT "django_content_type"."id", "django_content_type"."name", "django_content_type"."app_label", "django_content_type"."model" FROM "django_content_type" WHERE "django_content_type"."app_label" = 'admin'  ORDER BY "django_content_type"."name" ASC; args=(u'admin',)
[28/May/2015 15:39:35] DEBUG [django.db.backends:79] (0.000) SELECT "django_content_type"."id", "django_content_type"."name", "django_content_type"."app_label", "django_content_type"."model" FROM "django_content_type" WHERE ("django_content_type"."model" = 'permission'  AND "django_content_type"."app_label" = 'auth' ); args=('permission', u'auth')
[28/May/2015 15:39:35] DEBUG [django.db.backends:79] (0.001) SELECT "django_content_type"."id", "django_content_type"."name", "django_content_type"."app_label", "django_content_type"."model" FROM "django_content_type" WHERE ("django_content_type"."model" = 'group'  AND "django_content_type"."app_label" = 'auth' ); args=('group', u'auth')
[28/May/2015 15:39:35] DEBUG [django.db.backends:79] (0.000) SELECT "django_content_type"."id", "django_content_type"."name", "django_content_type"."app_label", "django_content_type"."model" FROM "django_content_type" WHERE ("django_content_type"."model" = 'user'  AND "django_content_type"."app_label" = 'auth' ); args=('user', u'auth')
[28/May/2015 15:39:35] DEBUG [django.db.backends:79] (0.001) SELECT "auth_permission"."content_type_id", "auth_permission"."codename" FROM "auth_permission" INNER JOIN "django_content_type" ON ( "auth_permission"."content_type_id" = "django_content_type"."id" ) WHERE "auth_permission"."content_type_id" IN (2, 3, 4) ORDER BY "django_content_type"."app_label" ASC, "django_content_type"."model" ASC, "auth_permission"."codename" ASC; args=(2, 3, 4)
[28/May/2015 15:39:35] DEBUG [django.db.backends:79] (0.000) SELECT "django_content_type"."id", "django_content_type"."name", "django_content_type"."app_label", "django_content_type"."model" FROM "django_content_type" WHERE "django_content_type"."app_label" = 'auth'  ORDER BY "django_content_type"."name" ASC; args=(u'auth',)
[28/May/2015 15:39:35] DEBUG [django.db.backends:79] (0.000) SELECT "django_content_type"."id", "django_content_type"."name", "django_content_type"."app_label", "django_content_type"."model" FROM "django_content_type" WHERE ("django_content_type"."model" = 'contenttype'  AND "django_content_type"."app_label" = 'contenttypes' ); args=('contenttype', u'contenttypes')
[28/May/2015 15:39:35] DEBUG [django.db.backends:79] (0.000) SELECT "auth_permission"."content_type_id", "auth_permission"."codename" FROM "auth_permission" INNER JOIN "django_content_type" ON ( "auth_permission"."content_type_id" = "django_content_type"."id" ) WHERE "auth_permission"."content_type_id" IN (5) ORDER BY "django_content_type"."app_label" ASC, "django_content_type"."model" ASC, "auth_permission"."codename" ASC; args=(5,)
[28/May/2015 15:39:35] DEBUG [django.db.backends:79] (0.000) SELECT "django_content_type"."id", "django_content_type"."name", "django_content_type"."app_label", "django_content_type"."model" FROM "django_content_type" WHERE "django_content_type"."app_label" = 'contenttypes'  ORDER BY "django_content_type"."name" ASC; args=(u'contenttypes',)
[28/May/2015 15:39:35] DEBUG [django.db.backends:79] (0.000) SELECT "django_content_type"."id", "django_content_type"."name", "django_content_type"."app_label", "django_content_type"."model" FROM "django_content_type" WHERE ("django_content_type"."model" = 'session'  AND "django_content_type"."app_label" = 'sessions' ); args=('session', u'sessions')
[28/May/2015 15:39:35] DEBUG [django.db.backends:79] (0.000) SELECT "auth_permission"."content_type_id", "auth_permission"."codename" FROM "auth_permission" INNER JOIN "django_content_type" ON ( "auth_permission"."content_type_id" = "django_content_type"."id" ) WHERE "auth_permission"."content_type_id" IN (6) ORDER BY "django_content_type"."app_label" ASC, "django_content_type"."model" ASC, "auth_permission"."codename" ASC; args=(6,)
[28/May/2015 15:39:35] DEBUG [django.db.backends:79] (0.000) SELECT "django_content_type"."id", "django_content_type"."name", "django_content_type"."app_label", "django_content_type"."model" FROM "django_content_type" WHERE "django_content_type"."app_label" = 'sessions'  ORDER BY "django_content_type"."name" ASC; args=(u'sessions',)
[28/May/2015 15:39:35] DEBUG [django.db.backends:79] (0.000) SELECT "django_content_type"."id", "django_content_type"."name", "django_content_type"."app_label", "django_content_type"."model" FROM "django_content_type" WHERE ("django_content_type"."model" = 'client'  AND "django_content_type"."app_label" = 'clients' ); args=('client', u'clients')
[28/May/2015 15:39:35] DEBUG [django.db.backends:79] (0.001) SELECT "django_content_type"."id", "django_content_type"."name", "django_content_type"."app_label", "django_content_type"."model" FROM "django_content_type" WHERE ("django_content_type"."model" = 'note'  AND "django_content_type"."app_label" = 'clients' ); args=('note', u'clients')
[28/May/2015 15:39:35] DEBUG [django.db.backends:79] (0.001) SELECT "auth_permission"."content_type_id", "auth_permission"."codename" FROM "auth_permission" INNER JOIN "django_content_type" ON ( "auth_permission"."content_type_id" = "django_content_type"."id" ) WHERE "auth_permission"."content_type_id" IN (8, 11) ORDER BY "django_content_type"."app_label" ASC, "django_content_type"."model" ASC, "auth_permission"."codename" ASC; args=(8, 11)
[28/May/2015 15:39:35] DEBUG [django.db.backends:79] (0.001) SELECT "django_content_type"."id", "django_content_type"."name", "django_content_type"."app_label", "django_content_type"."model" FROM "django_content_type" WHERE "django_content_type"."app_label" = 'clients'  ORDER BY "django_content_type"."name" ASC; args=(u'clients',)
[28/May/2015 15:39:35] DEBUG [django.db.backends:79] (0.001) SELECT "django_content_type"."id", "django_content_type"."name", "django_content_type"."app_label", "django_content_type"."model" FROM "django_content_type" WHERE ("django_content_type"."model" = 'category'  AND "django_content_type"."app_label" = 'jdirs' ); args=('category', u'jdirs')
[28/May/2015 15:39:35] DEBUG [django.db.backends:79] (0.000) SELECT "django_content_type"."id", "django_content_type"."name", "django_content_type"."app_label", "django_content_type"."model" FROM "django_content_type" WHERE ("django_content_type"."model" = 'reltype'  AND "django_content_type"."app_label" = 'jdirs' ); args=('reltype', u'jdirs')
[28/May/2015 15:39:35] DEBUG [django.db.backends:79] (0.000) SELECT "django_content_type"."id", "django_content_type"."name", "django_content_type"."app_label", "django_content_type"."model" FROM "django_content_type" WHERE ("django_content_type"."model" = 'region'  AND "django_content_type"."app_label" = 'jdirs' ); args=('region', u'jdirs')
[28/May/2015 15:39:35] DEBUG [django.db.backends:79] (0.000) SELECT "auth_permission"."content_type_id", "auth_permission"."codename" FROM "auth_permission" INNER JOIN "django_content_type" ON ( "auth_permission"."content_type_id" = "django_content_type"."id" ) WHERE "auth_permission"."content_type_id" IN (12, 13, 14) ORDER BY "django_content_type"."app_label" ASC, "django_content_type"."model" ASC, "auth_permission"."codename" ASC; args=(12, 13, 14)
[28/May/2015 15:39:35] DEBUG [django.db.backends:79] (0.000) SELECT "django_content_type"."id", "django_content_type"."name", "django_content_type"."app_label", "django_content_type"."model" FROM "django_content_type" WHERE "django_content_type"."app_label" = 'jdirs'  ORDER BY "django_content_type"."name" ASC; args=(u'jdirs',)
[28/May/2015 15:39:35] DEBUG [django.db.backends:79] (0.000) SELECT "django_content_type"."id", "django_content_type"."name", "django_content_type"."app_label", "django_content_type"."model" FROM "django_content_type" WHERE ("django_content_type"."model" = 'contact'  AND "django_content_type"."app_label" = 'contacts' ); args=('contact', u'contacts')
[28/May/2015 15:39:35] DEBUG [django.db.backends:79] (0.000) SELECT "auth_permission"."content_type_id", "auth_permission"."codename" FROM "auth_permission" INNER JOIN "django_content_type" ON ( "auth_permission"."content_type_id" = "django_content_type"."id" ) WHERE "auth_permission"."content_type_id" IN (15) ORDER BY "django_content_type"."app_label" ASC, "django_content_type"."model" ASC, "auth_permission"."codename" ASC; args=(15,)
[28/May/2015 15:39:35] DEBUG [django.db.backends:79] (0.001) SELECT "django_content_type"."id", "django_content_type"."name", "django_content_type"."app_label", "django_content_type"."model" FROM "django_content_type" WHERE "django_content_type"."app_label" = 'contacts'  ORDER BY "django_content_type"."name" ASC; args=(u'contacts',)
[28/May/2015 15:39:35] DEBUG [django.db.backends:79] (0.000) SELECT "django_content_type"."id", "django_content_type"."name", "django_content_type"."app_label", "django_content_type"."model" FROM "django_content_type" WHERE ("django_content_type"."model" = 'friendsreltype'  AND "django_content_type"."app_label" = 'multiuser' ); args=('friendsreltype', u'multiuser')
[28/May/2015 15:39:35] DEBUG [django.db.backends:79] (0.000) SELECT "django_content_type"."id", "django_content_type"."name", "django_content_type"."app_label", "django_content_type"."model" FROM "django_content_type" WHERE ("django_content_type"."model" = 'friend'  AND "django_content_type"."app_label" = 'multiuser' ); args=('friend', u'multiuser')
[28/May/2015 15:39:35] DEBUG [django.db.backends:79] (0.000) SELECT "auth_permission"."content_type_id", "auth_permission"."codename" FROM "auth_permission" INNER JOIN "django_content_type" ON ( "auth_permission"."content_type_id" = "django_content_type"."id" ) WHERE "auth_permission"."content_type_id" IN (16, 17) ORDER BY "django_content_type"."app_label" ASC, "django_content_type"."model" ASC, "auth_permission"."codename" ASC; args=(16, 17)
[28/May/2015 15:39:35] DEBUG [django.db.backends:79] (0.000) SELECT "django_content_type"."id", "django_content_type"."name", "django_content_type"."app_label", "django_content_type"."model" FROM "django_content_type" WHERE "django_content_type"."app_label" = 'multiuser'  ORDER BY "django_content_type"."name" ASC; args=(u'multiuser',)
[28/May/2015 15:39:35] DEBUG [django.db.backends:79] (0.000) SELECT "django_content_type"."id", "django_content_type"."name", "django_content_type"."app_label", "django_content_type"."model" FROM "django_content_type" WHERE ("django_content_type"."model" = 'dela'  AND "django_content_type"."app_label" = 'dela' ); args=('dela', u'dela')
[28/May/2015 15:39:35] DEBUG [django.db.backends:79] (0.000) SELECT "auth_permission"."content_type_id", "auth_permission"."codename" FROM "auth_permission" INNER JOIN "django_content_type" ON ( "auth_permission"."content_type_id" = "django_content_type"."id" ) WHERE "auth_permission"."content_type_id" IN (18) ORDER BY "django_content_type"."app_label" ASC, "django_content_type"."model" ASC, "auth_permission"."codename" ASC; args=(18,)
[28/May/2015 15:39:35] DEBUG [django.db.backends:79] (0.001) SELECT "django_content_type"."id", "django_content_type"."name", "django_content_type"."app_label", "django_content_type"."model" FROM "django_content_type" WHERE "django_content_type"."app_label" = 'dela'  ORDER BY "django_content_type"."name" ASC; args=(u'dela',)
[28/May/2015 15:39:35] DEBUG [django.db.backends:79] (0.000) SELECT "django_content_type"."id", "django_content_type"."name", "django_content_type"."app_label", "django_content_type"."model" FROM "django_content_type" WHERE ("django_content_type"."model" = 'projects'  AND "django_content_type"."app_label" = 'projects' ); args=('projects', u'projects')
[28/May/2015 15:39:35] DEBUG [django.db.backends:79] (0.001) INSERT INTO "django_content_type" ("name", "app_label", "model") VALUES ('projects', 'projects', 'projects') RETURNING "django_content_type"."id"; args=(u'projects', u'projects', 'projects')
[28/May/2015 15:39:35] DEBUG [django.db.backends:79] (0.001) SELECT "auth_permission"."content_type_id", "auth_permission"."codename" FROM "auth_permission" INNER JOIN "django_content_type" ON ( "auth_permission"."content_type_id" = "django_content_type"."id" ) WHERE "auth_permission"."content_type_id" IN (19) ORDER BY "django_content_type"."app_label" ASC, "django_content_type"."model" ASC, "auth_permission"."codename" ASC; args=(19,)
[28/May/2015 15:39:35] DEBUG [django.db.backends:79] (0.001) INSERT INTO "auth_permission" ("name", "content_type_id", "codename") VALUES ('Can add projects', 19, 'add_projects'), ('Can change projects', 19, 'change_projects'), ('Can delete projects', 19, 'delete_projects'); args=(u'Can add projects', 19, u'add_projects', u'Can change projects', 19, u'change_projects', u'Can delete projects', 19, u'delete_projects')
[28/May/2015 15:39:35] DEBUG [django.db.backends:79] (0.000) SELECT "django_content_type"."id", "django_content_type"."name", "django_content_type"."app_label", "django_content_type"."model" FROM "django_content_type" WHERE "django_content_type"."app_label" = 'projects'  ORDER BY "django_content_type"."name" ASC; args=(u'projects',)
[28/May/2015 15:39:35] DEBUG [django.db.backends:79] (0.002) CREATE INDEX "projects_projects_admins_projects_id" ON "projects_projects_admins" ("projects_id");; args=None
[28/May/2015 15:39:35] DEBUG [django.db.backends:79] (0.002) CREATE INDEX "projects_projects_admins_user_id" ON "projects_projects_admins" ("user_id");; args=None
[28/May/2015 15:39:35] DEBUG [django.db.backends:79] (0.002) CREATE INDEX "projects_projects_members_projects_id" ON "projects_projects_members" ("projects_id");; args=None
[28/May/2015 15:39:35] DEBUG [django.db.backends:79] (0.001) CREATE INDEX "projects_projects_members_user_id" ON "projects_projects_members" ("user_id");; args=None
[28/May/2015 15:39:35] DEBUG [django.db.backends:79] (0.002) CREATE INDEX "projects_projects_parent_id" ON "projects_projects" ("parent_id");; args=None
[28/May/2015 15:39:35] DEBUG [django.db.backends:79] (0.001) CREATE INDEX "projects_projects_owner_id" ON "projects_projects" ("owner_id");; args=None
[28/May/2015 15:39:35] DEBUG [django.db.backends:79] (0.000) SET CONSTRAINTS ALL IMMEDIATE; args=None
[28/May/2015 15:39:35] DEBUG [django.db.backends:79] (0.000) SET CONSTRAINTS ALL DEFERRED; args=None
[28/May/2015 16:00:06] DEBUG [django.db.backends:79] (0.001) 
            SELECT c.relname
            FROM pg_catalog.pg_class c
            LEFT JOIN pg_catalog.pg_namespace n ON n.oid = c.relnamespace
            WHERE c.relkind IN ('r', 'v', '')
                AND n.nspname NOT IN ('pg_catalog', 'pg_toast')
                AND pg_catalog.pg_table_is_visible(c.oid); args=None
[28/May/2015 16:00:06] DEBUG [django.db.backends:79] (0.007) CREATE TABLE "projects_project_admins" (
    "id" serial NOT NULL PRIMARY KEY,
    "project_id" integer NOT NULL,
    "user_id" integer NOT NULL REFERENCES "auth_user" ("id") DEFERRABLE INITIALLY DEFERRED,
    UNIQUE ("project_id", "user_id")
)
;; args=None
[28/May/2015 16:00:06] DEBUG [django.db.backends:79] (0.003) CREATE TABLE "projects_project_members" (
    "id" serial NOT NULL PRIMARY KEY,
    "project_id" integer NOT NULL,
    "user_id" integer NOT NULL REFERENCES "auth_user" ("id") DEFERRABLE INITIALLY DEFERRED,
    UNIQUE ("project_id", "user_id")
)
;; args=None
[28/May/2015 16:00:06] DEBUG [django.db.backends:79] (0.006) CREATE TABLE "projects_project" (
    "id" serial NOT NULL PRIMARY KEY,
    "parent_id" integer REFERENCES "projects_project" ("id") DEFERRABLE INITIALLY DEFERRED,
    "isfolder" boolean NOT NULL,
    "code" varchar(9) NOT NULL,
    "owner_id" integer NOT NULL REFERENCES "auth_user" ("id") DEFERRABLE INITIALLY DEFERRED,
    "start" timestamp with time zone,
    "finish" timestamp with time zone,
    "changedate" timestamp with time zone,
    "createdate" timestamp with time zone,
    "topic" varchar(100) NOT NULL,
    "content" text,
    "progress" numeric(7, 2),
    "isdeleted" boolean NOT NULL
)
;; args=None
[28/May/2015 16:00:06] DEBUG [django.db.backends:79] (0.001) ALTER TABLE "projects_project_admins" ADD CONSTRAINT "project_id_refs_id_8bb38c46" FOREIGN KEY ("project_id") REFERENCES "projects_project" ("id") DEFERRABLE INITIALLY DEFERRED;; args=None
[28/May/2015 16:00:06] DEBUG [django.db.backends:79] (0.000) ALTER TABLE "projects_project_members" ADD CONSTRAINT "project_id_refs_id_98caaa4f" FOREIGN KEY ("project_id") REFERENCES "projects_project" ("id") DEFERRABLE INITIALLY DEFERRED;; args=None
[28/May/2015 16:00:06] DEBUG [django.db.backends:79] (0.001) SELECT "django_content_type"."id", "django_content_type"."name", "django_content_type"."app_label", "django_content_type"."model" FROM "django_content_type" WHERE ("django_content_type"."model" = 'logentry'  AND "django_content_type"."app_label" = 'admin' ); args=('logentry', u'admin')
[28/May/2015 16:00:06] DEBUG [django.db.backends:79] (0.001) SELECT "auth_permission"."content_type_id", "auth_permission"."codename" FROM "auth_permission" INNER JOIN "django_content_type" ON ( "auth_permission"."content_type_id" = "django_content_type"."id" ) WHERE "auth_permission"."content_type_id" IN (1) ORDER BY "django_content_type"."app_label" ASC, "django_content_type"."model" ASC, "auth_permission"."codename" ASC; args=(1,)
[28/May/2015 16:00:06] DEBUG [django.db.backends:79] (0.001) SELECT "django_content_type"."id", "django_content_type"."name", "django_content_type"."app_label", "django_content_type"."model" FROM "django_content_type" WHERE "django_content_type"."app_label" = 'admin'  ORDER BY "django_content_type"."name" ASC; args=(u'admin',)
[28/May/2015 16:00:06] DEBUG [django.db.backends:79] (0.000) SELECT "django_content_type"."id", "django_content_type"."name", "django_content_type"."app_label", "django_content_type"."model" FROM "django_content_type" WHERE ("django_content_type"."model" = 'permission'  AND "django_content_type"."app_label" = 'auth' ); args=('permission', u'auth')
[28/May/2015 16:00:06] DEBUG [django.db.backends:79] (0.000) SELECT "django_content_type"."id", "django_content_type"."name", "django_content_type"."app_label", "django_content_type"."model" FROM "django_content_type" WHERE ("django_content_type"."model" = 'group'  AND "django_content_type"."app_label" = 'auth' ); args=('group', u'auth')
[28/May/2015 16:00:06] DEBUG [django.db.backends:79] (0.000) SELECT "django_content_type"."id", "django_content_type"."name", "django_content_type"."app_label", "django_content_type"."model" FROM "django_content_type" WHERE ("django_content_type"."model" = 'user'  AND "django_content_type"."app_label" = 'auth' ); args=('user', u'auth')
[28/May/2015 16:00:06] DEBUG [django.db.backends:79] (0.000) SELECT "auth_permission"."content_type_id", "auth_permission"."codename" FROM "auth_permission" INNER JOIN "django_content_type" ON ( "auth_permission"."content_type_id" = "django_content_type"."id" ) WHERE "auth_permission"."content_type_id" IN (2, 3, 4) ORDER BY "django_content_type"."app_label" ASC, "django_content_type"."model" ASC, "auth_permission"."codename" ASC; args=(2, 3, 4)
[28/May/2015 16:00:06] DEBUG [django.db.backends:79] (0.000) SELECT "django_content_type"."id", "django_content_type"."name", "django_content_type"."app_label", "django_content_type"."model" FROM "django_content_type" WHERE "django_content_type"."app_label" = 'auth'  ORDER BY "django_content_type"."name" ASC; args=(u'auth',)
[28/May/2015 16:00:06] DEBUG [django.db.backends:79] (0.001) SELECT "django_content_type"."id", "django_content_type"."name", "django_content_type"."app_label", "django_content_type"."model" FROM "django_content_type" WHERE ("django_content_type"."model" = 'contenttype'  AND "django_content_type"."app_label" = 'contenttypes' ); args=('contenttype', u'contenttypes')
[28/May/2015 16:00:06] DEBUG [django.db.backends:79] (0.001) SELECT "auth_permission"."content_type_id", "auth_permission"."codename" FROM "auth_permission" INNER JOIN "django_content_type" ON ( "auth_permission"."content_type_id" = "django_content_type"."id" ) WHERE "auth_permission"."content_type_id" IN (5) ORDER BY "django_content_type"."app_label" ASC, "django_content_type"."model" ASC, "auth_permission"."codename" ASC; args=(5,)
[28/May/2015 16:00:06] DEBUG [django.db.backends:79] (0.000) SELECT "django_content_type"."id", "django_content_type"."name", "django_content_type"."app_label", "django_content_type"."model" FROM "django_content_type" WHERE "django_content_type"."app_label" = 'contenttypes'  ORDER BY "django_content_type"."name" ASC; args=(u'contenttypes',)
[28/May/2015 16:00:06] DEBUG [django.db.backends:79] (0.000) SELECT "django_content_type"."id", "django_content_type"."name", "django_content_type"."app_label", "django_content_type"."model" FROM "django_content_type" WHERE ("django_content_type"."model" = 'session'  AND "django_content_type"."app_label" = 'sessions' ); args=('session', u'sessions')
[28/May/2015 16:00:06] DEBUG [django.db.backends:79] (0.000) SELECT "auth_permission"."content_type_id", "auth_permission"."codename" FROM "auth_permission" INNER JOIN "django_content_type" ON ( "auth_permission"."content_type_id" = "django_content_type"."id" ) WHERE "auth_permission"."content_type_id" IN (6) ORDER BY "django_content_type"."app_label" ASC, "django_content_type"."model" ASC, "auth_permission"."codename" ASC; args=(6,)
[28/May/2015 16:00:06] DEBUG [django.db.backends:79] (0.001) SELECT "django_content_type"."id", "django_content_type"."name", "django_content_type"."app_label", "django_content_type"."model" FROM "django_content_type" WHERE "django_content_type"."app_label" = 'sessions'  ORDER BY "django_content_type"."name" ASC; args=(u'sessions',)
[28/May/2015 16:00:06] DEBUG [django.db.backends:79] (0.000) SELECT "django_content_type"."id", "django_content_type"."name", "django_content_type"."app_label", "django_content_type"."model" FROM "django_content_type" WHERE ("django_content_type"."model" = 'client'  AND "django_content_type"."app_label" = 'clients' ); args=('client', u'clients')
[28/May/2015 16:00:06] DEBUG [django.db.backends:79] (0.000) SELECT "django_content_type"."id", "django_content_type"."name", "django_content_type"."app_label", "django_content_type"."model" FROM "django_content_type" WHERE ("django_content_type"."model" = 'note'  AND "django_content_type"."app_label" = 'clients' ); args=('note', u'clients')
[28/May/2015 16:00:06] DEBUG [django.db.backends:79] (0.000) SELECT "auth_permission"."content_type_id", "auth_permission"."codename" FROM "auth_permission" INNER JOIN "django_content_type" ON ( "auth_permission"."content_type_id" = "django_content_type"."id" ) WHERE "auth_permission"."content_type_id" IN (8, 11) ORDER BY "django_content_type"."app_label" ASC, "django_content_type"."model" ASC, "auth_permission"."codename" ASC; args=(8, 11)
[28/May/2015 16:00:06] DEBUG [django.db.backends:79] (0.001) SELECT "django_content_type"."id", "django_content_type"."name", "django_content_type"."app_label", "django_content_type"."model" FROM "django_content_type" WHERE "django_content_type"."app_label" = 'clients'  ORDER BY "django_content_type"."name" ASC; args=(u'clients',)
[28/May/2015 16:00:06] DEBUG [django.db.backends:79] (0.000) SELECT "django_content_type"."id", "django_content_type"."name", "django_content_type"."app_label", "django_content_type"."model" FROM "django_content_type" WHERE ("django_content_type"."model" = 'category'  AND "django_content_type"."app_label" = 'jdirs' ); args=('category', u'jdirs')
[28/May/2015 16:00:06] DEBUG [django.db.backends:79] (0.000) SELECT "django_content_type"."id", "django_content_type"."name", "django_content_type"."app_label", "django_content_type"."model" FROM "django_content_type" WHERE ("django_content_type"."model" = 'reltype'  AND "django_content_type"."app_label" = 'jdirs' ); args=('reltype', u'jdirs')
[28/May/2015 16:00:06] DEBUG [django.db.backends:79] (0.000) SELECT "django_content_type"."id", "django_content_type"."name", "django_content_type"."app_label", "django_content_type"."model" FROM "django_content_type" WHERE ("django_content_type"."model" = 'region'  AND "django_content_type"."app_label" = 'jdirs' ); args=('region', u'jdirs')
[28/May/2015 16:00:06] DEBUG [django.db.backends:79] (0.001) SELECT "auth_permission"."content_type_id", "auth_permission"."codename" FROM "auth_permission" INNER JOIN "django_content_type" ON ( "auth_permission"."content_type_id" = "django_content_type"."id" ) WHERE "auth_permission"."content_type_id" IN (12, 13, 14) ORDER BY "django_content_type"."app_label" ASC, "django_content_type"."model" ASC, "auth_permission"."codename" ASC; args=(12, 13, 14)
[28/May/2015 16:00:06] DEBUG [django.db.backends:79] (0.001) SELECT "django_content_type"."id", "django_content_type"."name", "django_content_type"."app_label", "django_content_type"."model" FROM "django_content_type" WHERE "django_content_type"."app_label" = 'jdirs'  ORDER BY "django_content_type"."name" ASC; args=(u'jdirs',)
[28/May/2015 16:00:06] DEBUG [django.db.backends:79] (0.000) SELECT "django_content_type"."id", "django_content_type"."name", "django_content_type"."app_label", "django_content_type"."model" FROM "django_content_type" WHERE ("django_content_type"."model" = 'contact'  AND "django_content_type"."app_label" = 'contacts' ); args=('contact', u'contacts')
[28/May/2015 16:00:06] DEBUG [django.db.backends:79] (0.000) SELECT "auth_permission"."content_type_id", "auth_permission"."codename" FROM "auth_permission" INNER JOIN "django_content_type" ON ( "auth_permission"."content_type_id" = "django_content_type"."id" ) WHERE "auth_permission"."content_type_id" IN (15) ORDER BY "django_content_type"."app_label" ASC, "django_content_type"."model" ASC, "auth_permission"."codename" ASC; args=(15,)
[28/May/2015 16:00:06] DEBUG [django.db.backends:79] (0.000) SELECT "django_content_type"."id", "django_content_type"."name", "django_content_type"."app_label", "django_content_type"."model" FROM "django_content_type" WHERE "django_content_type"."app_label" = 'contacts'  ORDER BY "django_content_type"."name" ASC; args=(u'contacts',)
[28/May/2015 16:00:06] DEBUG [django.db.backends:79] (0.001) SELECT "django_content_type"."id", "django_content_type"."name", "django_content_type"."app_label", "django_content_type"."model" FROM "django_content_type" WHERE ("django_content_type"."model" = 'friendsreltype'  AND "django_content_type"."app_label" = 'multiuser' ); args=('friendsreltype', u'multiuser')
[28/May/2015 16:00:06] DEBUG [django.db.backends:79] (0.000) SELECT "django_content_type"."id", "django_content_type"."name", "django_content_type"."app_label", "django_content_type"."model" FROM "django_content_type" WHERE ("django_content_type"."model" = 'friend'  AND "django_content_type"."app_label" = 'multiuser' ); args=('friend', u'multiuser')
[28/May/2015 16:00:06] DEBUG [django.db.backends:79] (0.000) SELECT "auth_permission"."content_type_id", "auth_permission"."codename" FROM "auth_permission" INNER JOIN "django_content_type" ON ( "auth_permission"."content_type_id" = "django_content_type"."id" ) WHERE "auth_permission"."content_type_id" IN (16, 17) ORDER BY "django_content_type"."app_label" ASC, "django_content_type"."model" ASC, "auth_permission"."codename" ASC; args=(16, 17)
[28/May/2015 16:00:06] DEBUG [django.db.backends:79] (0.000) SELECT "django_content_type"."id", "django_content_type"."name", "django_content_type"."app_label", "django_content_type"."model" FROM "django_content_type" WHERE "django_content_type"."app_label" = 'multiuser'  ORDER BY "django_content_type"."name" ASC; args=(u'multiuser',)
[28/May/2015 16:00:06] DEBUG [django.db.backends:79] (0.000) SELECT "django_content_type"."id", "django_content_type"."name", "django_content_type"."app_label", "django_content_type"."model" FROM "django_content_type" WHERE ("django_content_type"."model" = 'dela'  AND "django_content_type"."app_label" = 'dela' ); args=('dela', u'dela')
[28/May/2015 16:00:06] DEBUG [django.db.backends:79] (0.001) SELECT "auth_permission"."content_type_id", "auth_permission"."codename" FROM "auth_permission" INNER JOIN "django_content_type" ON ( "auth_permission"."content_type_id" = "django_content_type"."id" ) WHERE "auth_permission"."content_type_id" IN (18) ORDER BY "django_content_type"."app_label" ASC, "django_content_type"."model" ASC, "auth_permission"."codename" ASC; args=(18,)
[28/May/2015 16:00:06] DEBUG [django.db.backends:79] (0.000) SELECT "django_content_type"."id", "django_content_type"."name", "django_content_type"."app_label", "django_content_type"."model" FROM "django_content_type" WHERE "django_content_type"."app_label" = 'dela'  ORDER BY "django_content_type"."name" ASC; args=(u'dela',)
[28/May/2015 16:00:06] DEBUG [django.db.backends:79] (0.001) SELECT "django_content_type"."id", "django_content_type"."name", "django_content_type"."app_label", "django_content_type"."model" FROM "django_content_type" WHERE ("django_content_type"."model" = 'project'  AND "django_content_type"."app_label" = 'projects' ); args=('project', u'projects')
[28/May/2015 16:00:06] DEBUG [django.db.backends:79] (0.000) INSERT INTO "django_content_type" ("name", "app_label", "model") VALUES ('project', 'projects', 'project') RETURNING "django_content_type"."id"; args=(u'project', u'projects', 'project')
[28/May/2015 16:00:06] DEBUG [django.db.backends:79] (0.000) SELECT "auth_permission"."content_type_id", "auth_permission"."codename" FROM "auth_permission" INNER JOIN "django_content_type" ON ( "auth_permission"."content_type_id" = "django_content_type"."id" ) WHERE "auth_permission"."content_type_id" IN (20) ORDER BY "django_content_type"."app_label" ASC, "django_content_type"."model" ASC, "auth_permission"."codename" ASC; args=(20,)
[28/May/2015 16:00:06] DEBUG [django.db.backends:79] (0.000) INSERT INTO "auth_permission" ("name", "content_type_id", "codename") VALUES ('Can add project', 20, 'add_project'), ('Can change project', 20, 'change_project'), ('Can delete project', 20, 'delete_project'); args=(u'Can add project', 20, u'add_project', u'Can change project', 20, u'change_project', u'Can delete project', 20, u'delete_project')
[28/May/2015 16:00:06] DEBUG [django.db.backends:79] (0.000) SELECT "django_content_type"."id", "django_content_type"."name", "django_content_type"."app_label", "django_content_type"."model" FROM "django_content_type" WHERE "django_content_type"."app_label" = 'projects'  ORDER BY "django_content_type"."name" ASC; args=(u'projects',)
[28/May/2015 16:00:14] DEBUG [django.db.backends:79] (0.003) 
            SELECT c.relname
            FROM pg_catalog.pg_class c
            LEFT JOIN pg_catalog.pg_namespace n ON n.oid = c.relnamespace
            WHERE c.relkind IN ('r', 'v', '')
                AND n.nspname NOT IN ('pg_catalog', 'pg_toast')
                AND pg_catalog.pg_table_is_visible(c.oid); args=None
[28/May/2015 16:00:14] DEBUG [django.db.backends:79] (0.001) SELECT "django_content_type"."id", "django_content_type"."name", "django_content_type"."app_label", "django_content_type"."model" FROM "django_content_type" WHERE ("django_content_type"."model" = 'logentry'  AND "django_content_type"."app_label" = 'admin' ); args=('logentry', u'admin')
[28/May/2015 16:00:14] DEBUG [django.db.backends:79] (0.001) SELECT "auth_permission"."content_type_id", "auth_permission"."codename" FROM "auth_permission" INNER JOIN "django_content_type" ON ( "auth_permission"."content_type_id" = "django_content_type"."id" ) WHERE "auth_permission"."content_type_id" IN (1) ORDER BY "django_content_type"."app_label" ASC, "django_content_type"."model" ASC, "auth_permission"."codename" ASC; args=(1,)
[28/May/2015 16:00:14] DEBUG [django.db.backends:79] (0.000) SELECT "django_content_type"."id", "django_content_type"."name", "django_content_type"."app_label", "django_content_type"."model" FROM "django_content_type" WHERE "django_content_type"."app_label" = 'admin'  ORDER BY "django_content_type"."name" ASC; args=(u'admin',)
[28/May/2015 16:00:14] DEBUG [django.db.backends:79] (0.000) SELECT "django_content_type"."id", "django_content_type"."name", "django_content_type"."app_label", "django_content_type"."model" FROM "django_content_type" WHERE ("django_content_type"."model" = 'permission'  AND "django_content_type"."app_label" = 'auth' ); args=('permission', u'auth')
[28/May/2015 16:00:14] DEBUG [django.db.backends:79] (0.001) SELECT "django_content_type"."id", "django_content_type"."name", "django_content_type"."app_label", "django_content_type"."model" FROM "django_content_type" WHERE ("django_content_type"."model" = 'group'  AND "django_content_type"."app_label" = 'auth' ); args=('group', u'auth')
[28/May/2015 16:00:14] DEBUG [django.db.backends:79] (0.000) SELECT "django_content_type"."id", "django_content_type"."name", "django_content_type"."app_label", "django_content_type"."model" FROM "django_content_type" WHERE ("django_content_type"."model" = 'user'  AND "django_content_type"."app_label" = 'auth' ); args=('user', u'auth')
[28/May/2015 16:00:14] DEBUG [django.db.backends:79] (0.001) SELECT "auth_permission"."content_type_id", "auth_permission"."codename" FROM "auth_permission" INNER JOIN "django_content_type" ON ( "auth_permission"."content_type_id" = "django_content_type"."id" ) WHERE "auth_permission"."content_type_id" IN (2, 3, 4) ORDER BY "django_content_type"."app_label" ASC, "django_content_type"."model" ASC, "auth_permission"."codename" ASC; args=(2, 3, 4)
[28/May/2015 16:00:14] DEBUG [django.db.backends:79] (0.000) SELECT "django_content_type"."id", "django_content_type"."name", "django_content_type"."app_label", "django_content_type"."model" FROM "django_content_type" WHERE "django_content_type"."app_label" = 'auth'  ORDER BY "django_content_type"."name" ASC; args=(u'auth',)
[28/May/2015 16:00:14] DEBUG [django.db.backends:79] (0.000) SELECT "django_content_type"."id", "django_content_type"."name", "django_content_type"."app_label", "django_content_type"."model" FROM "django_content_type" WHERE ("django_content_type"."model" = 'contenttype'  AND "django_content_type"."app_label" = 'contenttypes' ); args=('contenttype', u'contenttypes')
[28/May/2015 16:00:14] DEBUG [django.db.backends:79] (0.000) SELECT "auth_permission"."content_type_id", "auth_permission"."codename" FROM "auth_permission" INNER JOIN "django_content_type" ON ( "auth_permission"."content_type_id" = "django_content_type"."id" ) WHERE "auth_permission"."content_type_id" IN (5) ORDER BY "django_content_type"."app_label" ASC, "django_content_type"."model" ASC, "auth_permission"."codename" ASC; args=(5,)
[28/May/2015 16:00:14] DEBUG [django.db.backends:79] (0.000) SELECT "django_content_type"."id", "django_content_type"."name", "django_content_type"."app_label", "django_content_type"."model" FROM "django_content_type" WHERE "django_content_type"."app_label" = 'contenttypes'  ORDER BY "django_content_type"."name" ASC; args=(u'contenttypes',)
[28/May/2015 16:00:14] DEBUG [django.db.backends:79] (0.001) SELECT "django_content_type"."id", "django_content_type"."name", "django_content_type"."app_label", "django_content_type"."model" FROM "django_content_type" WHERE ("django_content_type"."model" = 'session'  AND "django_content_type"."app_label" = 'sessions' ); args=('session', u'sessions')
[28/May/2015 16:00:14] DEBUG [django.db.backends:79] (0.001) SELECT "auth_permission"."content_type_id", "auth_permission"."codename" FROM "auth_permission" INNER JOIN "django_content_type" ON ( "auth_permission"."content_type_id" = "django_content_type"."id" ) WHERE "auth_permission"."content_type_id" IN (6) ORDER BY "django_content_type"."app_label" ASC, "django_content_type"."model" ASC, "auth_permission"."codename" ASC; args=(6,)
[28/May/2015 16:00:14] DEBUG [django.db.backends:79] (0.000) SELECT "django_content_type"."id", "django_content_type"."name", "django_content_type"."app_label", "django_content_type"."model" FROM "django_content_type" WHERE "django_content_type"."app_label" = 'sessions'  ORDER BY "django_content_type"."name" ASC; args=(u'sessions',)
[28/May/2015 16:00:14] DEBUG [django.db.backends:79] (0.000) SELECT "django_content_type"."id", "django_content_type"."name", "django_content_type"."app_label", "django_content_type"."model" FROM "django_content_type" WHERE ("django_content_type"."model" = 'client'  AND "django_content_type"."app_label" = 'clients' ); args=('client', u'clients')
[28/May/2015 16:00:14] DEBUG [django.db.backends:79] (0.001) SELECT "django_content_type"."id", "django_content_type"."name", "django_content_type"."app_label", "django_content_type"."model" FROM "django_content_type" WHERE ("django_content_type"."model" = 'note'  AND "django_content_type"."app_label" = 'clients' ); args=('note', u'clients')
[28/May/2015 16:00:14] DEBUG [django.db.backends:79] (0.001) SELECT "auth_permission"."content_type_id", "auth_permission"."codename" FROM "auth_permission" INNER JOIN "django_content_type" ON ( "auth_permission"."content_type_id" = "django_content_type"."id" ) WHERE "auth_permission"."content_type_id" IN (8, 11) ORDER BY "django_content_type"."app_label" ASC, "django_content_type"."model" ASC, "auth_permission"."codename" ASC; args=(8, 11)
[28/May/2015 16:00:14] DEBUG [django.db.backends:79] (0.000) SELECT "django_content_type"."id", "django_content_type"."name", "django_content_type"."app_label", "django_content_type"."model" FROM "django_content_type" WHERE "django_content_type"."app_label" = 'clients'  ORDER BY "django_content_type"."name" ASC; args=(u'clients',)
[28/May/2015 16:00:14] DEBUG [django.db.backends:79] (0.000) SELECT "django_content_type"."id", "django_content_type"."name", "django_content_type"."app_label", "django_content_type"."model" FROM "django_content_type" WHERE ("django_content_type"."model" = 'category'  AND "django_content_type"."app_label" = 'jdirs' ); args=('category', u'jdirs')
[28/May/2015 16:00:14] DEBUG [django.db.backends:79] (0.000) SELECT "django_content_type"."id", "django_content_type"."name", "django_content_type"."app_label", "django_content_type"."model" FROM "django_content_type" WHERE ("django_content_type"."model" = 'reltype'  AND "django_content_type"."app_label" = 'jdirs' ); args=('reltype', u'jdirs')
[28/May/2015 16:00:14] DEBUG [django.db.backends:79] (0.001) SELECT "django_content_type"."id", "django_content_type"."name", "django_content_type"."app_label", "django_content_type"."model" FROM "django_content_type" WHERE ("django_content_type"."model" = 'region'  AND "django_content_type"."app_label" = 'jdirs' ); args=('region', u'jdirs')
[28/May/2015 16:00:14] DEBUG [django.db.backends:79] (0.001) SELECT "auth_permission"."content_type_id", "auth_permission"."codename" FROM "auth_permission" INNER JOIN "django_content_type" ON ( "auth_permission"."content_type_id" = "django_content_type"."id" ) WHERE "auth_permission"."content_type_id" IN (12, 13, 14) ORDER BY "django_content_type"."app_label" ASC, "django_content_type"."model" ASC, "auth_permission"."codename" ASC; args=(12, 13, 14)
[28/May/2015 16:00:14] DEBUG [django.db.backends:79] (0.000) SELECT "django_content_type"."id", "django_content_type"."name", "django_content_type"."app_label", "django_content_type"."model" FROM "django_content_type" WHERE "django_content_type"."app_label" = 'jdirs'  ORDER BY "django_content_type"."name" ASC; args=(u'jdirs',)
[28/May/2015 16:00:14] DEBUG [django.db.backends:79] (0.000) SELECT "django_content_type"."id", "django_content_type"."name", "django_content_type"."app_label", "django_content_type"."model" FROM "django_content_type" WHERE ("django_content_type"."model" = 'contact'  AND "django_content_type"."app_label" = 'contacts' ); args=('contact', u'contacts')
[28/May/2015 16:00:14] DEBUG [django.db.backends:79] (0.000) SELECT "auth_permission"."content_type_id", "auth_permission"."codename" FROM "auth_permission" INNER JOIN "django_content_type" ON ( "auth_permission"."content_type_id" = "django_content_type"."id" ) WHERE "auth_permission"."content_type_id" IN (15) ORDER BY "django_content_type"."app_label" ASC, "django_content_type"."model" ASC, "auth_permission"."codename" ASC; args=(15,)
[28/May/2015 16:00:14] DEBUG [django.db.backends:79] (0.000) SELECT "django_content_type"."id", "django_content_type"."name", "django_content_type"."app_label", "django_content_type"."model" FROM "django_content_type" WHERE "django_content_type"."app_label" = 'contacts'  ORDER BY "django_content_type"."name" ASC; args=(u'contacts',)
[28/May/2015 16:00:14] DEBUG [django.db.backends:79] (0.001) SELECT "django_content_type"."id", "django_content_type"."name", "django_content_type"."app_label", "django_content_type"."model" FROM "django_content_type" WHERE ("django_content_type"."model" = 'friendsreltype'  AND "django_content_type"."app_label" = 'multiuser' ); args=('friendsreltype', u'multiuser')
[28/May/2015 16:00:14] DEBUG [django.db.backends:79] (0.000) SELECT "django_content_type"."id", "django_content_type"."name", "django_content_type"."app_label", "django_content_type"."model" FROM "django_content_type" WHERE ("django_content_type"."model" = 'friend'  AND "django_content_type"."app_label" = 'multiuser' ); args=('friend', u'multiuser')
[28/May/2015 16:00:14] DEBUG [django.db.backends:79] (0.000) SELECT "auth_permission"."content_type_id", "auth_permission"."codename" FROM "auth_permission" INNER JOIN "django_content_type" ON ( "auth_permission"."content_type_id" = "django_content_type"."id" ) WHERE "auth_permission"."content_type_id" IN (16, 17) ORDER BY "django_content_type"."app_label" ASC, "django_content_type"."model" ASC, "auth_permission"."codename" ASC; args=(16, 17)
[28/May/2015 16:00:14] DEBUG [django.db.backends:79] (0.000) SELECT "django_content_type"."id", "django_content_type"."name", "django_content_type"."app_label", "django_content_type"."model" FROM "django_content_type" WHERE "django_content_type"."app_label" = 'multiuser'  ORDER BY "django_content_type"."name" ASC; args=(u'multiuser',)
[28/May/2015 16:00:14] DEBUG [django.db.backends:79] (0.001) SELECT "django_content_type"."id", "django_content_type"."name", "django_content_type"."app_label", "django_content_type"."model" FROM "django_content_type" WHERE ("django_content_type"."model" = 'dela'  AND "django_content_type"."app_label" = 'dela' ); args=('dela', u'dela')
[28/May/2015 16:00:14] DEBUG [django.db.backends:79] (0.001) SELECT "auth_permission"."content_type_id", "auth_permission"."codename" FROM "auth_permission" INNER JOIN "django_content_type" ON ( "auth_permission"."content_type_id" = "django_content_type"."id" ) WHERE "auth_permission"."content_type_id" IN (18) ORDER BY "django_content_type"."app_label" ASC, "django_content_type"."model" ASC, "auth_permission"."codename" ASC; args=(18,)
[28/May/2015 16:00:14] DEBUG [django.db.backends:79] (0.000) SELECT "django_content_type"."id", "django_content_type"."name", "django_content_type"."app_label", "django_content_type"."model" FROM "django_content_type" WHERE "django_content_type"."app_label" = 'dela'  ORDER BY "django_content_type"."name" ASC; args=(u'dela',)
[28/May/2015 16:00:14] DEBUG [django.db.backends:79] (0.000) SELECT "django_content_type"."id", "django_content_type"."name", "django_content_type"."app_label", "django_content_type"."model" FROM "django_content_type" WHERE ("django_content_type"."model" = 'project'  AND "django_content_type"."app_label" = 'projects' ); args=('project', u'projects')
[28/May/2015 16:00:14] DEBUG [django.db.backends:79] (0.000) SELECT "auth_permission"."content_type_id", "auth_permission"."codename" FROM "auth_permission" INNER JOIN "django_content_type" ON ( "auth_permission"."content_type_id" = "django_content_type"."id" ) WHERE "auth_permission"."content_type_id" IN (20) ORDER BY "django_content_type"."app_label" ASC, "django_content_type"."model" ASC, "auth_permission"."codename" ASC; args=(20,)
[28/May/2015 16:00:14] DEBUG [django.db.backends:79] (0.000) SELECT "django_content_type"."id", "django_content_type"."name", "django_content_type"."app_label", "django_content_type"."model" FROM "django_content_type" WHERE "django_content_type"."app_label" = 'projects'  ORDER BY "django_content_type"."name" ASC; args=(u'projects',)
[28/May/2015 16:00:23] DEBUG [django.db.backends:79] (0.001) SELECT "auth_permission"."id", "auth_permission"."name", "auth_permission"."content_type_id", "auth_permission"."codename" FROM "auth_permission" INNER JOIN "django_content_type" ON ( "auth_permission"."content_type_id" = "django_content_type"."id" ) WHERE "auth_permission"."content_type_id" IN (19) ORDER BY "django_content_type"."app_label" ASC, "django_content_type"."model" ASC, "auth_permission"."codename" ASC; args=(19,)
[28/May/2015 16:00:23] DEBUG [django.db.backends:79] (0.005) DELETE FROM "auth_group_permissions" WHERE "auth_group_permissions"."permission_id" IN (55, 56, 57); args=(55, 56, 57)
[28/May/2015 16:00:23] DEBUG [django.db.backends:79] (0.004) DELETE FROM "auth_user_user_permissions" WHERE "auth_user_user_permissions"."permission_id" IN (55, 56, 57); args=(55, 56, 57)
[28/May/2015 16:00:23] DEBUG [django.db.backends:79] (0.004) DELETE FROM "django_admin_log" WHERE "django_admin_log"."content_type_id" IN (19); args=(19,)
[28/May/2015 16:00:23] DEBUG [django.db.backends:79] (0.001) DELETE FROM "auth_permission" WHERE "id" IN (57, 56, 55); args=(57, 56, 55)
[28/May/2015 16:00:23] DEBUG [django.db.backends:79] (0.000) DELETE FROM "django_content_type" WHERE "id" IN (19); args=(19,)
[28/May/2015 16:00:23] DEBUG [django.db.backends:79] (0.001) SET CONSTRAINTS ALL IMMEDIATE; args=None
[28/May/2015 16:00:23] DEBUG [django.db.backends:79] (0.000) SET CONSTRAINTS ALL DEFERRED; args=None
[28/May/2015 16:00:27] DEBUG [django.db.backends:79] (0.003) 
            SELECT c.relname
            FROM pg_catalog.pg_class c
            LEFT JOIN pg_catalog.pg_namespace n ON n.oid = c.relnamespace
            WHERE c.relkind IN ('r', 'v', '')
                AND n.nspname NOT IN ('pg_catalog', 'pg_toast')
                AND pg_catalog.pg_table_is_visible(c.oid); args=None
[28/May/2015 16:00:27] DEBUG [django.db.backends:79] (0.001) SELECT "django_content_type"."id", "django_content_type"."name", "django_content_type"."app_label", "django_content_type"."model" FROM "django_content_type" WHERE ("django_content_type"."model" = 'logentry'  AND "django_content_type"."app_label" = 'admin' ); args=('logentry', u'admin')
[28/May/2015 16:00:27] DEBUG [django.db.backends:79] (0.000) SELECT "auth_permission"."content_type_id", "auth_permission"."codename" FROM "auth_permission" INNER JOIN "django_content_type" ON ( "auth_permission"."content_type_id" = "django_content_type"."id" ) WHERE "auth_permission"."content_type_id" IN (1) ORDER BY "django_content_type"."app_label" ASC, "django_content_type"."model" ASC, "auth_permission"."codename" ASC; args=(1,)
[28/May/2015 16:00:27] DEBUG [django.db.backends:79] (0.000) SELECT "django_content_type"."id", "django_content_type"."name", "django_content_type"."app_label", "django_content_type"."model" FROM "django_content_type" WHERE "django_content_type"."app_label" = 'admin'  ORDER BY "django_content_type"."name" ASC; args=(u'admin',)
[28/May/2015 16:00:27] DEBUG [django.db.backends:79] (0.000) SELECT "django_content_type"."id", "django_content_type"."name", "django_content_type"."app_label", "django_content_type"."model" FROM "django_content_type" WHERE ("django_content_type"."model" = 'permission'  AND "django_content_type"."app_label" = 'auth' ); args=('permission', u'auth')
[28/May/2015 16:00:27] DEBUG [django.db.backends:79] (0.000) SELECT "django_content_type"."id", "django_content_type"."name", "django_content_type"."app_label", "django_content_type"."model" FROM "django_content_type" WHERE ("django_content_type"."model" = 'group'  AND "django_content_type"."app_label" = 'auth' ); args=('group', u'auth')
[28/May/2015 16:00:27] DEBUG [django.db.backends:79] (0.000) SELECT "django_content_type"."id", "django_content_type"."name", "django_content_type"."app_label", "django_content_type"."model" FROM "django_content_type" WHERE ("django_content_type"."model" = 'user'  AND "django_content_type"."app_label" = 'auth' ); args=('user', u'auth')
[28/May/2015 16:00:27] DEBUG [django.db.backends:79] (0.001) SELECT "auth_permission"."content_type_id", "auth_permission"."codename" FROM "auth_permission" INNER JOIN "django_content_type" ON ( "auth_permission"."content_type_id" = "django_content_type"."id" ) WHERE "auth_permission"."content_type_id" IN (2, 3, 4) ORDER BY "django_content_type"."app_label" ASC, "django_content_type"."model" ASC, "auth_permission"."codename" ASC; args=(2, 3, 4)
[28/May/2015 16:00:27] DEBUG [django.db.backends:79] (0.000) SELECT "django_content_type"."id", "django_content_type"."name", "django_content_type"."app_label", "django_content_type"."model" FROM "django_content_type" WHERE "django_content_type"."app_label" = 'auth'  ORDER BY "django_content_type"."name" ASC; args=(u'auth',)
[28/May/2015 16:00:27] DEBUG [django.db.backends:79] (0.000) SELECT "django_content_type"."id", "django_content_type"."name", "django_content_type"."app_label", "django_content_type"."model" FROM "django_content_type" WHERE ("django_content_type"."model" = 'contenttype'  AND "django_content_type"."app_label" = 'contenttypes' ); args=('contenttype', u'contenttypes')
[28/May/2015 16:00:27] DEBUG [django.db.backends:79] (0.000) SELECT "auth_permission"."content_type_id", "auth_permission"."codename" FROM "auth_permission" INNER JOIN "django_content_type" ON ( "auth_permission"."content_type_id" = "django_content_type"."id" ) WHERE "auth_permission"."content_type_id" IN (5) ORDER BY "django_content_type"."app_label" ASC, "django_content_type"."model" ASC, "auth_permission"."codename" ASC; args=(5,)
[28/May/2015 16:00:27] DEBUG [django.db.backends:79] (0.001) SELECT "django_content_type"."id", "django_content_type"."name", "django_content_type"."app_label", "django_content_type"."model" FROM "django_content_type" WHERE "django_content_type"."app_label" = 'contenttypes'  ORDER BY "django_content_type"."name" ASC; args=(u'contenttypes',)
[28/May/2015 16:00:27] DEBUG [django.db.backends:79] (0.000) SELECT "django_content_type"."id", "django_content_type"."name", "django_content_type"."app_label", "django_content_type"."model" FROM "django_content_type" WHERE ("django_content_type"."model" = 'session'  AND "django_content_type"."app_label" = 'sessions' ); args=('session', u'sessions')
[28/May/2015 16:00:27] DEBUG [django.db.backends:79] (0.000) SELECT "auth_permission"."content_type_id", "auth_permission"."codename" FROM "auth_permission" INNER JOIN "django_content_type" ON ( "auth_permission"."content_type_id" = "django_content_type"."id" ) WHERE "auth_permission"."content_type_id" IN (6) ORDER BY "django_content_type"."app_label" ASC, "django_content_type"."model" ASC, "auth_permission"."codename" ASC; args=(6,)
[28/May/2015 16:00:27] DEBUG [django.db.backends:79] (0.000) SELECT "django_content_type"."id", "django_content_type"."name", "django_content_type"."app_label", "django_content_type"."model" FROM "django_content_type" WHERE "django_content_type"."app_label" = 'sessions'  ORDER BY "django_content_type"."name" ASC; args=(u'sessions',)
[28/May/2015 16:00:27] DEBUG [django.db.backends:79] (0.000) SELECT "django_content_type"."id", "django_content_type"."name", "django_content_type"."app_label", "django_content_type"."model" FROM "django_content_type" WHERE ("django_content_type"."model" = 'client'  AND "django_content_type"."app_label" = 'clients' ); args=('client', u'clients')
[28/May/2015 16:00:27] DEBUG [django.db.backends:79] (0.001) SELECT "django_content_type"."id", "django_content_type"."name", "django_content_type"."app_label", "django_content_type"."model" FROM "django_content_type" WHERE ("django_content_type"."model" = 'note'  AND "django_content_type"."app_label" = 'clients' ); args=('note', u'clients')
[28/May/2015 16:00:27] DEBUG [django.db.backends:79] (0.001) SELECT "auth_permission"."content_type_id", "auth_permission"."codename" FROM "auth_permission" INNER JOIN "django_content_type" ON ( "auth_permission"."content_type_id" = "django_content_type"."id" ) WHERE "auth_permission"."content_type_id" IN (8, 11) ORDER BY "django_content_type"."app_label" ASC, "django_content_type"."model" ASC, "auth_permission"."codename" ASC; args=(8, 11)
[28/May/2015 16:00:27] DEBUG [django.db.backends:79] (0.000) SELECT "django_content_type"."id", "django_content_type"."name", "django_content_type"."app_label", "django_content_type"."model" FROM "django_content_type" WHERE "django_content_type"."app_label" = 'clients'  ORDER BY "django_content_type"."name" ASC; args=(u'clients',)
[28/May/2015 16:00:27] DEBUG [django.db.backends:79] (0.000) SELECT "django_content_type"."id", "django_content_type"."name", "django_content_type"."app_label", "django_content_type"."model" FROM "django_content_type" WHERE ("django_content_type"."model" = 'category'  AND "django_content_type"."app_label" = 'jdirs' ); args=('category', u'jdirs')
[28/May/2015 16:00:27] DEBUG [django.db.backends:79] (0.000) SELECT "django_content_type"."id", "django_content_type"."name", "django_content_type"."app_label", "django_content_type"."model" FROM "django_content_type" WHERE ("django_content_type"."model" = 'reltype'  AND "django_content_type"."app_label" = 'jdirs' ); args=('reltype', u'jdirs')
[28/May/2015 16:00:27] DEBUG [django.db.backends:79] (0.001) SELECT "django_content_type"."id", "django_content_type"."name", "django_content_type"."app_label", "django_content_type"."model" FROM "django_content_type" WHERE ("django_content_type"."model" = 'region'  AND "django_content_type"."app_label" = 'jdirs' ); args=('region', u'jdirs')
[28/May/2015 16:00:27] DEBUG [django.db.backends:79] (0.001) SELECT "auth_permission"."content_type_id", "auth_permission"."codename" FROM "auth_permission" INNER JOIN "django_content_type" ON ( "auth_permission"."content_type_id" = "django_content_type"."id" ) WHERE "auth_permission"."content_type_id" IN (12, 13, 14) ORDER BY "django_content_type"."app_label" ASC, "django_content_type"."model" ASC, "auth_permission"."codename" ASC; args=(12, 13, 14)
[28/May/2015 16:00:27] DEBUG [django.db.backends:79] (0.000) SELECT "django_content_type"."id", "django_content_type"."name", "django_content_type"."app_label", "django_content_type"."model" FROM "django_content_type" WHERE "django_content_type"."app_label" = 'jdirs'  ORDER BY "django_content_type"."name" ASC; args=(u'jdirs',)
[28/May/2015 16:00:27] DEBUG [django.db.backends:79] (0.000) SELECT "django_content_type"."id", "django_content_type"."name", "django_content_type"."app_label", "django_content_type"."model" FROM "django_content_type" WHERE ("django_content_type"."model" = 'contact'  AND "django_content_type"."app_label" = 'contacts' ); args=('contact', u'contacts')
[28/May/2015 16:00:27] DEBUG [django.db.backends:79] (0.000) SELECT "auth_permission"."content_type_id", "auth_permission"."codename" FROM "auth_permission" INNER JOIN "django_content_type" ON ( "auth_permission"."content_type_id" = "django_content_type"."id" ) WHERE "auth_permission"."content_type_id" IN (15) ORDER BY "django_content_type"."app_label" ASC, "django_content_type"."model" ASC, "auth_permission"."codename" ASC; args=(15,)
[28/May/2015 16:00:27] DEBUG [django.db.backends:79] (0.001) SELECT "django_content_type"."id", "django_content_type"."name", "django_content_type"."app_label", "django_content_type"."model" FROM "django_content_type" WHERE "django_content_type"."app_label" = 'contacts'  ORDER BY "django_content_type"."name" ASC; args=(u'contacts',)
[28/May/2015 16:00:27] DEBUG [django.db.backends:79] (0.000) SELECT "django_content_type"."id", "django_content_type"."name", "django_content_type"."app_label", "django_content_type"."model" FROM "django_content_type" WHERE ("django_content_type"."model" = 'friendsreltype'  AND "django_content_type"."app_label" = 'multiuser' ); args=('friendsreltype', u'multiuser')
[28/May/2015 16:00:27] DEBUG [django.db.backends:79] (0.000) SELECT "django_content_type"."id", "django_content_type"."name", "django_content_type"."app_label", "django_content_type"."model" FROM "django_content_type" WHERE ("django_content_type"."model" = 'friend'  AND "django_content_type"."app_label" = 'multiuser' ); args=('friend', u'multiuser')
[28/May/2015 16:00:27] DEBUG [django.db.backends:79] (0.000) SELECT "auth_permission"."content_type_id", "auth_permission"."codename" FROM "auth_permission" INNER JOIN "django_content_type" ON ( "auth_permission"."content_type_id" = "django_content_type"."id" ) WHERE "auth_permission"."content_type_id" IN (16, 17) ORDER BY "django_content_type"."app_label" ASC, "django_content_type"."model" ASC, "auth_permission"."codename" ASC; args=(16, 17)
[28/May/2015 16:00:27] DEBUG [django.db.backends:79] (0.000) SELECT "django_content_type"."id", "django_content_type"."name", "django_content_type"."app_label", "django_content_type"."model" FROM "django_content_type" WHERE "django_content_type"."app_label" = 'multiuser'  ORDER BY "django_content_type"."name" ASC; args=(u'multiuser',)
[28/May/2015 16:00:27] DEBUG [django.db.backends:79] (0.001) SELECT "django_content_type"."id", "django_content_type"."name", "django_content_type"."app_label", "django_content_type"."model" FROM "django_content_type" WHERE ("django_content_type"."model" = 'dela'  AND "django_content_type"."app_label" = 'dela' ); args=('dela', u'dela')
[28/May/2015 16:00:27] DEBUG [django.db.backends:79] (0.001) SELECT "auth_permission"."content_type_id", "auth_permission"."codename" FROM "auth_permission" INNER JOIN "django_content_type" ON ( "auth_permission"."content_type_id" = "django_content_type"."id" ) WHERE "auth_permission"."content_type_id" IN (18) ORDER BY "django_content_type"."app_label" ASC, "django_content_type"."model" ASC, "auth_permission"."codename" ASC; args=(18,)
[28/May/2015 16:00:27] DEBUG [django.db.backends:79] (0.000) SELECT "django_content_type"."id", "django_content_type"."name", "django_content_type"."app_label", "django_content_type"."model" FROM "django_content_type" WHERE "django_content_type"."app_label" = 'dela'  ORDER BY "django_content_type"."name" ASC; args=(u'dela',)
[28/May/2015 16:00:27] DEBUG [django.db.backends:79] (0.001) SELECT "django_content_type"."id", "django_content_type"."name", "django_content_type"."app_label", "django_content_type"."model" FROM "django_content_type" WHERE ("django_content_type"."model" = 'project'  AND "django_content_type"."app_label" = 'projects' ); args=('project', u'projects')
[28/May/2015 16:00:27] DEBUG [django.db.backends:79] (0.001) SELECT "auth_permission"."content_type_id", "auth_permission"."codename" FROM "auth_permission" INNER JOIN "django_content_type" ON ( "auth_permission"."content_type_id" = "django_content_type"."id" ) WHERE "auth_permission"."content_type_id" IN (20) ORDER BY "django_content_type"."app_label" ASC, "django_content_type"."model" ASC, "auth_permission"."codename" ASC; args=(20,)
[28/May/2015 16:00:27] DEBUG [django.db.backends:79] (0.000) SELECT "django_content_type"."id", "django_content_type"."name", "django_content_type"."app_label", "django_content_type"."model" FROM "django_content_type" WHERE "django_content_type"."app_label" = 'projects'  ORDER BY "django_content_type"."name" ASC; args=(u'projects',)
[28/May/2015 16:00:27] DEBUG [django.db.backends:79] (0.001) SET CONSTRAINTS ALL IMMEDIATE; args=None
[28/May/2015 16:00:27] DEBUG [django.db.backends:79] (0.000) SET CONSTRAINTS ALL DEFERRED; args=None
[28/May/2015 16:18:46] DEBUG [django.db.backends:79] (0.002) SELECT "django_session"."session_key", "django_session"."session_data", "django_session"."expire_date" FROM "django_session" WHERE ("django_session"."session_key" = '8653sj7d0uxeptrrhmlyypz9xefvof6h'  AND "django_session"."expire_date" > '2015-05-28 13:18:45.635000+00:00' ); args=('8653sj7d0uxeptrrhmlyypz9xefvof6h', u'2015-05-28 13:18:45.635000+00:00')
[28/May/2015 16:18:46] DEBUG [django.db.backends:79] (0.002) SELECT "auth_user"."id", "auth_user"."password", "auth_user"."last_login", "auth_user"."is_superuser", "auth_user"."username", "auth_user"."first_name", "auth_user"."last_name", "auth_user"."email", "auth_user"."is_staff", "auth_user"."is_active", "auth_user"."date_joined" FROM "auth_user" WHERE "auth_user"."id" = 1 ; args=(1,)
[28/May/2015 16:18:46] DEBUG [django.db.backends:79] (0.002) SELECT "projects_project"."id", "projects_project"."parent_id", "projects_project"."isfolder", "projects_project"."code", "projects_project"."owner_id", "projects_project"."start", "projects_project"."finish", "projects_project"."changedate", "projects_project"."createdate", "projects_project"."topic", "projects_project"."content", "projects_project"."progress", "projects_project"."isdeleted" FROM "projects_project" WHERE ("projects_project"."parent_id" IS NULL AND "projects_project"."isdeleted" = false  AND "projects_project"."owner_id" = 1 ) LIMIT 21; args=(False, 1)
[28/May/2015 16:18:46] DEBUG [utils.Jdatatable:22] []
[28/May/2015 16:18:46] DEBUG [django.db.backends:79] (0.001) SELECT "projects_project"."id", "projects_project"."parent_id", "projects_project"."isfolder", "projects_project"."code", "projects_project"."owner_id", "projects_project"."start", "projects_project"."finish", "projects_project"."changedate", "projects_project"."createdate", "projects_project"."topic", "projects_project"."content", "projects_project"."progress", "projects_project"."isdeleted" FROM "projects_project" WHERE ("projects_project"."parent_id" IS NULL AND "projects_project"."isdeleted" = false  AND "projects_project"."owner_id" = 1 ); args=(False, 1)
[28/May/2015 16:19:02] DEBUG [django.db.backends:79] (0.002) SELECT "django_session"."session_key", "django_session"."session_data", "django_session"."expire_date" FROM "django_session" WHERE ("django_session"."session_key" = '8653sj7d0uxeptrrhmlyypz9xefvof6h'  AND "django_session"."expire_date" > '2015-05-28 13:19:01.277000+00:00' ); args=('8653sj7d0uxeptrrhmlyypz9xefvof6h', u'2015-05-28 13:19:01.277000+00:00')
[28/May/2015 16:19:02] DEBUG [django.db.backends:79] (0.001) SELECT "auth_user"."id", "auth_user"."password", "auth_user"."last_login", "auth_user"."is_superuser", "auth_user"."username", "auth_user"."first_name", "auth_user"."last_name", "auth_user"."email", "auth_user"."is_staff", "auth_user"."is_active", "auth_user"."date_joined" FROM "auth_user" WHERE "auth_user"."id" = 1 ; args=(1,)
[28/May/2015 16:19:02] DEBUG [django.db.backends:79] (0.001) SELECT "projects_project"."id", "projects_project"."parent_id", "projects_project"."isfolder", "projects_project"."code", "projects_project"."owner_id", "projects_project"."start", "projects_project"."finish", "projects_project"."changedate", "projects_project"."createdate", "projects_project"."topic", "projects_project"."content", "projects_project"."progress", "projects_project"."isdeleted" FROM "projects_project" WHERE ("projects_project"."parent_id" IS NULL AND "projects_project"."isdeleted" = false  AND "projects_project"."owner_id" = 1 ) LIMIT 21; args=(False, 1)
[28/May/2015 16:19:02] DEBUG [utils.Jdatatable:22] []
[28/May/2015 16:19:02] DEBUG [django.db.backends:79] (0.001) SELECT "projects_project"."id", "projects_project"."parent_id", "projects_project"."isfolder", "projects_project"."code", "projects_project"."owner_id", "projects_project"."start", "projects_project"."finish", "projects_project"."changedate", "projects_project"."createdate", "projects_project"."topic", "projects_project"."content", "projects_project"."progress", "projects_project"."isdeleted" FROM "projects_project" WHERE ("projects_project"."parent_id" IS NULL AND "projects_project"."isdeleted" = false  AND "projects_project"."owner_id" = 1 ); args=(False, 1)
[28/May/2015 16:19:12] DEBUG [django.db.backends:79] (0.002) SELECT "django_session"."session_key", "django_session"."session_data", "django_session"."expire_date" FROM "django_session" WHERE ("django_session"."session_key" = '8653sj7d0uxeptrrhmlyypz9xefvof6h'  AND "django_session"."expire_date" > '2015-05-28 13:19:11.420000+00:00' ); args=('8653sj7d0uxeptrrhmlyypz9xefvof6h', u'2015-05-28 13:19:11.420000+00:00')
[28/May/2015 16:19:12] DEBUG [django.db.backends:79] (0.001) SELECT "auth_user"."id", "auth_user"."password", "auth_user"."last_login", "auth_user"."is_superuser", "auth_user"."username", "auth_user"."first_name", "auth_user"."last_name", "auth_user"."email", "auth_user"."is_staff", "auth_user"."is_active", "auth_user"."date_joined" FROM "auth_user" WHERE "auth_user"."id" = 1 ; args=(1,)
[28/May/2015 16:19:12] DEBUG [utils.Jdatatable:110] Project_table
[28/May/2015 16:19:12] DEBUG [utils.Jdatatable:115] None
[28/May/2015 16:19:12] DEBUG [utils.Jdatatable:122] <module 'projects.views' from 'C:/Bitnami/projects/JoomboCRM/projects\views.py'>
[28/May/2015 16:23:48] DEBUG [django.db.backends:79] (0.001) SELECT "django_session"."session_key", "django_session"."session_data", "django_session"."expire_date" FROM "django_session" WHERE ("django_session"."session_key" = 'ka511pzu897sp9kbjfjclpjvkd6e0z5s'  AND "django_session"."expire_date" > '2015-05-28 13:23:47.846000+00:00' ); args=('ka511pzu897sp9kbjfjclpjvkd6e0z5s', u'2015-05-28 13:23:47.846000+00:00')
[28/May/2015 16:23:48] DEBUG [django.db.backends:79] (0.000) SELECT "auth_user"."id", "auth_user"."password", "auth_user"."last_login", "auth_user"."is_superuser", "auth_user"."username", "auth_user"."first_name", "auth_user"."last_name", "auth_user"."email", "auth_user"."is_staff", "auth_user"."is_active", "auth_user"."date_joined" FROM "auth_user" WHERE "auth_user"."id" = 1 ; args=(1,)
[28/May/2015 16:23:48] DEBUG [django.db.backends:79] (0.001) SELECT "dela_dela"."id", "dela_dela"."owner_id", "dela_dela"."code", "dela_dela"."topic", "dela_dela"."start", "dela_dela"."finish", "dela_dela"."content", "dela_dela"."result", "dela_dela"."finished", "dela_dela"."attache", "dela_dela"."isdeleted" FROM "dela_dela" WHERE ("dela_dela"."owner_id" = 1  AND "dela_dela"."start" <= '2015-05-27 23:59:59.099999+03:00'  AND "dela_dela"."finish" >= '2015-05-27 00:00:00+03:00'  AND "dela_dela"."isdeleted" = false ); args=(1, u'2015-05-27 23:59:59.099999+03:00', u'2015-05-27 00:00:00+03:00', False)
[28/May/2015 16:23:48] DEBUG [django.db.backends:79] (0.002) SELECT "clients_client"."id", "clients_client"."owner_id", "clients_client"."parent_id", "clients_client"."isfolder", "clients_client"."code", "clients_client"."name", "clients_client"."iscompany", "clients_client"."INN", "clients_client"."KPP", "clients_client"."email", "clients_client"."uradress", "clients_client"."factadress", "clients_client"."phone", "clients_client"."fax", "clients_client"."site", "clients_client"."isdeleted", "clients_client"."region_id", "clients_client"."categoty_id", "clients_client"."reltype_id" FROM "clients_client" WHERE ("clients_client"."parent_id" IS NULL AND "clients_client"."isdeleted" = false  AND "clients_client"."owner_id" = 1 ); args=(False, 1)
[28/May/2015 16:23:48] DEBUG [utils.Jdatatable:22] [<Client: (1)000000001 Трафик>, <Client: (11)000000002 Джумбо>, <Client: (27)000000003 Медимпекс>, <Client: (31)000000007 АМА>, <Client: (38)000000014 Burnett>, <Client: (43)000000019 Новые>]
[28/May/2015 16:23:48] DEBUG [utils.Jdatatable:22] []
[28/May/2015 16:23:48] DEBUG [utils.Jdatatable:22] []
[28/May/2015 16:23:49] DEBUG [django.db.backends:79] (0.000) UPDATE "django_session" SET "session_data" = 'YWVkMTkzZDVmYzIwYzkxNzE3MmMxMWZiYjIwMTI3MTFkMjllYzI3NTp7InRpbWVvZmZzZXQiOjc1NjAwLCJkYXRlaW5wdXQiOiIyMDE1LTA1LTI2IiwiX2F1dGhfdXNlcl9iYWNrZW5kIjoiZGphbmdvLmNvbnRyaWIuYXV0aC5iYWNrZW5kcy5Nb2RlbEJhY2tlbmQiLCJfYXV0aF91c2VyX2lkIjoxLCJwYXJlbnRjb2RlIjpudWxsfQ==', "expire_date" = '2015-06-11 13:23:49.002000+00:00' WHERE "django_session"."session_key" = 'ka511pzu897sp9kbjfjclpjvkd6e0z5s' ; args=(u'YWVkMTkzZDVmYzIwYzkxNzE3MmMxMWZiYjIwMTI3MTFkMjllYzI3NTp7InRpbWVvZmZzZXQiOjc1NjAwLCJkYXRlaW5wdXQiOiIyMDE1LTA1LTI2IiwiX2F1dGhfdXNlcl9iYWNrZW5kIjoiZGphbmdvLmNvbnRyaWIuYXV0aC5iYWNrZW5kcy5Nb2RlbEJhY2tlbmQiLCJfYXV0aF91c2VyX2lkIjoxLCJwYXJlbnRjb2RlIjpudWxsfQ==', u'2015-06-11 13:23:49.002000+00:00', 'ka511pzu897sp9kbjfjclpjvkd6e0z5s')
[28/May/2015 16:23:49] WARNING [django.request:143] Not Found: /favicon.ico
[28/May/2015 16:23:50] DEBUG [django.db.backends:79] (0.002) SELECT "django_session"."session_key", "django_session"."session_data", "django_session"."expire_date" FROM "django_session" WHERE ("django_session"."session_key" = 'ka511pzu897sp9kbjfjclpjvkd6e0z5s'  AND "django_session"."expire_date" > '2015-05-28 13:23:49.472000+00:00' ); args=('ka511pzu897sp9kbjfjclpjvkd6e0z5s', u'2015-05-28 13:23:49.472000+00:00')
[28/May/2015 16:23:50] DEBUG [django.db.backends:79] (0.001) SELECT "auth_user"."id", "auth_user"."password", "auth_user"."last_login", "auth_user"."is_superuser", "auth_user"."username", "auth_user"."first_name", "auth_user"."last_name", "auth_user"."email", "auth_user"."is_staff", "auth_user"."is_active", "auth_user"."date_joined" FROM "auth_user" WHERE "auth_user"."id" = 1 ; args=(1,)
[28/May/2015 16:23:50] DEBUG [dela.views:20] 2700
[28/May/2015 16:23:50] DEBUG [dela.views:23] 162000
[28/May/2015 16:23:50] DEBUG [django.db.backends:79] (0.001) SELECT "dela_dela"."id", "dela_dela"."owner_id", "dela_dela"."code", "dela_dela"."topic", "dela_dela"."start", "dela_dela"."finish", "dela_dela"."content", "dela_dela"."result", "dela_dela"."finished", "dela_dela"."attache", "dela_dela"."isdeleted" FROM "dela_dela" WHERE ("dela_dela"."owner_id" = 1  AND "dela_dela"."start" <= '2015-05-26 23:59:59.099999+03:00'  AND "dela_dela"."finish" >= '2015-05-26 00:00:00+03:00'  AND "dela_dela"."isdeleted" = false ); args=(1, u'2015-05-26 23:59:59.099999+03:00', u'2015-05-26 00:00:00+03:00', False)
[28/May/2015 16:23:50] DEBUG [django.db.backends:79] (0.001) SELECT "clients_client"."id", "clients_client"."owner_id", "clients_client"."parent_id", "clients_client"."isfolder", "clients_client"."code", "clients_client"."name", "clients_client"."iscompany", "clients_client"."INN", "clients_client"."KPP", "clients_client"."email", "clients_client"."uradress", "clients_client"."factadress", "clients_client"."phone", "clients_client"."fax", "clients_client"."site", "clients_client"."isdeleted", "clients_client"."region_id", "clients_client"."categoty_id", "clients_client"."reltype_id" FROM "clients_client" WHERE ("clients_client"."parent_id" IS NULL AND "clients_client"."isdeleted" = false  AND "clients_client"."owner_id" = 1 ); args=(False, 1)
[28/May/2015 16:23:50] DEBUG [utils.Jdatatable:22] [<Client: (1)000000001 Трафик>, <Client: (11)000000002 Джумбо>, <Client: (27)000000003 Медимпекс>, <Client: (31)000000007 АМА>, <Client: (38)000000014 Burnett>, <Client: (43)000000019 Новые>]
[28/May/2015 16:23:50] DEBUG [utils.Jdatatable:22] []
[28/May/2015 16:23:50] DEBUG [utils.Jdatatable:22] [<Dela: (14) Задвоенные контрагенты!>, <Dela: (20) 1С>]
[28/May/2015 16:23:50] DEBUG [utils.Jdatatable:74] <table class="datatable"  id="Dela_table"><tr class="datatablehead"><td rowspan=2 width="10px"></td>
                        <td width="80px">Start</td><td rowspan=2>Topic</td></tr>
						<tr class="datatablehead"><td>Finish</td></tr><tr class="datatabledata" id="000000011"><td rowspan=2 width="10px"></td>
                        <td width="80px">2015-05-26 09:33:00+00:00</td><td rowspan=2>Задвоенные контрагенты!</td></tr>
						<tr class="datatablehead"><td>2015-05-26 11:34:00+00:00</td></tr>
[28/May/2015 16:23:50] DEBUG [utils.Jdatatable:74] <table class="datatable"  id="Dela_table"><tr class="datatablehead"><td rowspan=2 width="10px"></td>
                        <td width="80px">Start</td><td rowspan=2>Topic</td></tr>
						<tr class="datatablehead"><td>Finish</td></tr><tr class="datatabledata" id="000000011"><td rowspan=2 width="10px"></td>
                        <td width="80px">2015-05-26 09:33:00+00:00</td><td rowspan=2>Задвоенные контрагенты!</td></tr>
						<tr class="datatablehead"><td>2015-05-26 11:34:00+00:00</td></tr><tr class="datatabledata" id="000000017"><td rowspan=2 width="10px"></td>
                        <td width="80px">2015-05-26 19:20:00+00:00</td><td rowspan=2>1С</td></tr>
						<tr class="datatablehead"><td>2015-05-26 20:20:00+00:00</td></tr>
[28/May/2015 16:23:50] DEBUG [django.db.backends:79] (0.001) UPDATE "django_session" SET "session_data" = 'NmFhZjdjNzQ2NjM3YmU5MGJhYjI2MWEzNGZjMWRjNjgzZDBiN2U5Mzp7InRpbWVvZmZzZXQiOjE2MjAwMCwiZGF0ZWlucHV0IjoiMjAxNS0wNS0yNiIsIl9hdXRoX3VzZXJfaWQiOjEsIl9hdXRoX3VzZXJfYmFja2VuZCI6ImRqYW5nby5jb250cmliLmF1dGguYmFja2VuZHMuTW9kZWxCYWNrZW5kIiwicGFyZW50Y29kZSI6bnVsbH0=', "expire_date" = '2015-06-11 13:23:50.546000+00:00' WHERE "django_session"."session_key" = 'ka511pzu897sp9kbjfjclpjvkd6e0z5s' ; args=(u'NmFhZjdjNzQ2NjM3YmU5MGJhYjI2MWEzNGZjMWRjNjgzZDBiN2U5Mzp7InRpbWVvZmZzZXQiOjE2MjAwMCwiZGF0ZWlucHV0IjoiMjAxNS0wNS0yNiIsIl9hdXRoX3VzZXJfaWQiOjEsIl9hdXRoX3VzZXJfYmFja2VuZCI6ImRqYW5nby5jb250cmliLmF1dGguYmFja2VuZHMuTW9kZWxCYWNrZW5kIiwicGFyZW50Y29kZSI6bnVsbH0=', u'2015-06-11 13:23:50.546000+00:00', 'ka511pzu897sp9kbjfjclpjvkd6e0z5s')
[28/May/2015 16:23:51] DEBUG [django.db.backends:79] (0.002) SELECT "django_session"."session_key", "django_session"."session_data", "django_session"."expire_date" FROM "django_session" WHERE ("django_session"."session_key" = 'ka511pzu897sp9kbjfjclpjvkd6e0z5s'  AND "django_session"."expire_date" > '2015-05-28 13:23:50.500000+00:00' ); args=('ka511pzu897sp9kbjfjclpjvkd6e0z5s', u'2015-05-28 13:23:50.500000+00:00')
[28/May/2015 16:23:51] DEBUG [django.db.backends:79] (0.001) SELECT "auth_user"."id", "auth_user"."password", "auth_user"."last_login", "auth_user"."is_superuser", "auth_user"."username", "auth_user"."first_name", "auth_user"."last_name", "auth_user"."email", "auth_user"."is_staff", "auth_user"."is_active", "auth_user"."date_joined" FROM "auth_user" WHERE "auth_user"."id" = 1 ; args=(1,)
[28/May/2015 16:23:51] DEBUG [django.db.backends:79] (0.001) SELECT "dela_dela"."id", "dela_dela"."owner_id", "dela_dela"."code", "dela_dela"."topic", "dela_dela"."start", "dela_dela"."finish", "dela_dela"."content", "dela_dela"."result", "dela_dela"."finished", "dela_dela"."attache", "dela_dela"."isdeleted" FROM "dela_dela" WHERE ("dela_dela"."owner_id" = 1  AND "dela_dela"."start" <= '2015-05-26 23:59:59.099999+03:00'  AND "dela_dela"."finish" >= '2015-05-26 00:00:00+03:00'  AND "dela_dela"."isdeleted" = false ); args=(1, u'2015-05-26 23:59:59.099999+03:00', u'2015-05-26 00:00:00+03:00', False)
[28/May/2015 16:23:51] DEBUG [django.db.backends:79] (0.001) SELECT "clients_client"."id", "clients_client"."owner_id", "clients_client"."parent_id", "clients_client"."isfolder", "clients_client"."code", "clients_client"."name", "clients_client"."iscompany", "clients_client"."INN", "clients_client"."KPP", "clients_client"."email", "clients_client"."uradress", "clients_client"."factadress", "clients_client"."phone", "clients_client"."fax", "clients_client"."site", "clients_client"."isdeleted", "clients_client"."region_id", "clients_client"."categoty_id", "clients_client"."reltype_id" FROM "clients_client" WHERE ("clients_client"."owner_id" = 1  AND "clients_client"."code" = '000000002' ) LIMIT 1; args=(1, u'000000002')
[28/May/2015 16:23:51] DEBUG [django.db.backends:79] (0.004) SELECT "contacts_contact"."id", "contacts_contact"."code", "contacts_contact"."client_id", "contacts_contact"."fio", "contacts_contact"."email", "contacts_contact"."birthday", "contacts_contact"."position", "contacts_contact"."phone", "contacts_contact"."isdeleted", "contacts_contact"."owner_id" FROM "contacts_contact" WHERE ("contacts_contact"."client_id" = 11  AND "contacts_contact"."isdeleted" = false ); args=(11, False)
[28/May/2015 16:23:51] DEBUG [django.db.backends:79] (0.003) SELECT "clients_note"."id", "clients_note"."code", "clients_note"."client_id", "clients_note"."content", "clients_note"."isdeleted", "clients_note"."user_id" FROM "clients_note" WHERE ("clients_note"."client_id" = 11  AND "clients_note"."user_id" = 1  AND "clients_note"."isdeleted" = false ); args=(11, 1, False)
[28/May/2015 16:23:51] DEBUG [django.db.backends:79] (0.001) SELECT "clients_client"."id", "clients_client"."owner_id", "clients_client"."parent_id", "clients_client"."isfolder", "clients_client"."code", "clients_client"."name", "clients_client"."iscompany", "clients_client"."INN", "clients_client"."KPP", "clients_client"."email", "clients_client"."uradress", "clients_client"."factadress", "clients_client"."phone", "clients_client"."fax", "clients_client"."site", "clients_client"."isdeleted", "clients_client"."region_id", "clients_client"."categoty_id", "clients_client"."reltype_id" FROM "clients_client" WHERE ("clients_client"."parent_id" IS NULL AND "clients_client"."isdeleted" = false  AND "clients_client"."owner_id" = 1 ); args=(False, 1)
[28/May/2015 16:23:51] DEBUG [utils.Jdatatable:22] [<Client: (1)000000001 Трафик>, <Client: (11)000000002 Джумбо>, <Client: (27)000000003 Медимпекс>, <Client: (31)000000007 АМА>, <Client: (38)000000014 Burnett>, <Client: (43)000000019 Новые>]
[28/May/2015 16:23:51] DEBUG [utils.Jdatatable:22] [<Contact: (1) Быстров Александр>, <Contact: (2) Тимошенко Вячеслав>]
[28/May/2015 16:23:51] DEBUG [utils.Jdatatable:22] [<Dela: (14) Задвоенные контрагенты!>, <Dela: (20) 1С>]
[28/May/2015 16:23:51] DEBUG [utils.Jdatatable:74] <table class="datatable"  id="Dela_table"><tr class="datatablehead"><td rowspan=2 width="10px"></td>
                        <td width="80px">Start</td><td rowspan=2>Topic</td></tr>
						<tr class="datatablehead"><td>Finish</td></tr><tr class="datatabledata" id="000000011"><td rowspan=2 width="10px"></td>
                        <td width="80px">2015-05-26 09:33:00+00:00</td><td rowspan=2>Задвоенные контрагенты!</td></tr>
						<tr class="datatablehead"><td>2015-05-26 11:34:00+00:00</td></tr>
[28/May/2015 16:23:51] DEBUG [utils.Jdatatable:74] <table class="datatable"  id="Dela_table"><tr class="datatablehead"><td rowspan=2 width="10px"></td>
                        <td width="80px">Start</td><td rowspan=2>Topic</td></tr>
						<tr class="datatablehead"><td>Finish</td></tr><tr class="datatabledata" id="000000011"><td rowspan=2 width="10px"></td>
                        <td width="80px">2015-05-26 09:33:00+00:00</td><td rowspan=2>Задвоенные контрагенты!</td></tr>
						<tr class="datatablehead"><td>2015-05-26 11:34:00+00:00</td></tr><tr class="datatabledata" id="000000017"><td rowspan=2 width="10px"></td>
                        <td width="80px">2015-05-26 19:20:00+00:00</td><td rowspan=2>1С</td></tr>
						<tr class="datatablehead"><td>2015-05-26 20:20:00+00:00</td></tr>
[28/May/2015 16:23:51] DEBUG [django.db.backends:79] (0.000) UPDATE "django_session" SET "session_data" = 'ZmQxMmU2ZWRmOWYyNDRjNDIzOTY4MWVkZmFlZTA1NDI3OTY4ZGFiYTp7InRpbWVvZmZzZXQiOjE2MjAwMCwiZGF0ZWlucHV0IjoiMjAxNS0wNS0yNiIsIl9hdXRoX3VzZXJfYmFja2VuZCI6ImRqYW5nby5jb250cmliLmF1dGguYmFja2VuZHMuTW9kZWxCYWNrZW5kIiwiX2F1dGhfdXNlcl9pZCI6MSwicGFyZW50Y29kZSI6bnVsbH0=', "expire_date" = '2015-06-11 13:23:51.577000+00:00' WHERE "django_session"."session_key" = 'ka511pzu897sp9kbjfjclpjvkd6e0z5s' ; args=(u'ZmQxMmU2ZWRmOWYyNDRjNDIzOTY4MWVkZmFlZTA1NDI3OTY4ZGFiYTp7InRpbWVvZmZzZXQiOjE2MjAwMCwiZGF0ZWlucHV0IjoiMjAxNS0wNS0yNiIsIl9hdXRoX3VzZXJfYmFja2VuZCI6ImRqYW5nby5jb250cmliLmF1dGguYmFja2VuZHMuTW9kZWxCYWNrZW5kIiwiX2F1dGhfdXNlcl9pZCI6MSwicGFyZW50Y29kZSI6bnVsbH0=', u'2015-06-11 13:23:51.577000+00:00', 'ka511pzu897sp9kbjfjclpjvkd6e0z5s')
[28/May/2015 17:06:40] DEBUG [django.db.backends:79] (0.001) SELECT "django_session"."session_key", "django_session"."session_data", "django_session"."expire_date" FROM "django_session" WHERE ("django_session"."session_key" = 'ka511pzu897sp9kbjfjclpjvkd6e0z5s'  AND "django_session"."expire_date" > '2015-05-28 14:06:39.573000+00:00' ); args=('ka511pzu897sp9kbjfjclpjvkd6e0z5s', u'2015-05-28 14:06:39.573000+00:00')
[28/May/2015 17:06:40] DEBUG [django.db.backends:79] (0.001) SELECT "auth_user"."id", "auth_user"."password", "auth_user"."last_login", "auth_user"."is_superuser", "auth_user"."username", "auth_user"."first_name", "auth_user"."last_name", "auth_user"."email", "auth_user"."is_staff", "auth_user"."is_active", "auth_user"."date_joined" FROM "auth_user" WHERE "auth_user"."id" = 1 ; args=(1,)
[28/May/2015 17:06:40] DEBUG [django.db.backends:79] (0.001) SELECT "projects_project"."id", "projects_project"."parent_id", "projects_project"."isfolder", "projects_project"."code", "projects_project"."owner_id", "projects_project"."start", "projects_project"."finish", "projects_project"."changedate", "projects_project"."createdate", "projects_project"."topic", "projects_project"."content", "projects_project"."progress", "projects_project"."isdeleted" FROM "projects_project" WHERE ("projects_project"."parent_id" IS NULL AND "projects_project"."isdeleted" = false  AND "projects_project"."owner_id" = 1 ) LIMIT 21; args=(False, 1)
[28/May/2015 17:06:40] DEBUG [utils.Jdatatable:22] []
[28/May/2015 17:06:40] DEBUG [django.db.backends:79] (0.001) SELECT "projects_project"."id", "projects_project"."parent_id", "projects_project"."isfolder", "projects_project"."code", "projects_project"."owner_id", "projects_project"."start", "projects_project"."finish", "projects_project"."changedate", "projects_project"."createdate", "projects_project"."topic", "projects_project"."content", "projects_project"."progress", "projects_project"."isdeleted" FROM "projects_project" WHERE ("projects_project"."parent_id" IS NULL AND "projects_project"."isdeleted" = false  AND "projects_project"."owner_id" = 1 ); args=(False, 1)
[29/May/2015 00:51:09] WARNING [django.request:143] Not Found: /rom-0
